{
  "stats": {
    "suites": 1,
    "tests": 5,
    "passes": 5,
    "pending": 0,
    "failures": 0,
    "start": "2021-06-07T11:59:55.891Z",
    "end": "2021-06-07T12:00:42.112Z",
    "duration": 46221,
    "testsRegistered": 5,
    "passPercent": 100,
    "pendingPercent": 0,
    "other": 0,
    "hasOther": false,
    "skipped": 0,
    "hasSkipped": false
  },
  "results": [
    {
      "uuid": "fe1c00fd-95f3-474e-83fe-5cbb2aa68edc",
      "title": "",
      "fullFile": "cypress\\tests\\MaintenanceMoveTypesWeeklyScenarios.feature",
      "file": "cypress\\tests\\MaintenanceMoveTypesWeeklyScenarios.feature",
      "beforeHooks": [],
      "afterHooks": [],
      "tests": [],
      "suites": [
        {
          "uuid": "c1929b23-af67-42d3-bf73-5a5c9af82a8c",
          "title": "Move Type Create and Edit it in Maintenance Module",
          "fullFile": "",
          "file": "",
          "beforeHooks": [],
          "afterHooks": [],
          "tests": [
            {
              "title": "Add Move Type Code with lenght more than 3",
              "fullTitle": "Move Type Create and Edit it in Maintenance Module Add Move Type Code with lenght more than 3",
              "timedOut": null,
              "duration": 28986,
              "state": "passed",
              "speed": "slow",
              "pass": true,
              "fail": false,
              "pending": false,
              "context": null,
              "code": "const state = window.testState;\nreturn cy\n  .then(() => state.onStartScenario(scenario, indexedSteps))\n  .then(() =>\n    resolveAndRunBeforeHooks.call(this, scenario.tags, state.feature.name)\n  )\n  .then(() =>\n    indexedSteps.forEach((step) =>\n      stepTest.call(this, state, step, rowData)\n    )\n  )\n  .then(() =>\n    resolveAndRunAfterHooks.call(this, scenario.tags, state.feature.name)\n  )\n  .then(() => state.onFinishScenario(scenario));",
              "err": {},
              "uuid": "12ec567a-7d34-40ea-a72d-73bd294e8cb9",
              "parentUUID": "c1929b23-af67-42d3-bf73-5a5c9af82a8c",
              "isHook": false,
              "skipped": false
            },
            {
              "title": "Create a new move type",
              "fullTitle": "Move Type Create and Edit it in Maintenance Module Create a new move type",
              "timedOut": null,
              "duration": 4411,
              "state": "passed",
              "speed": "slow",
              "pass": true,
              "fail": false,
              "pending": false,
              "context": null,
              "code": "const state = window.testState;\nreturn cy\n  .then(() => state.onStartScenario(scenario, indexedSteps))\n  .then(() =>\n    resolveAndRunBeforeHooks.call(this, scenario.tags, state.feature.name)\n  )\n  .then(() =>\n    indexedSteps.forEach((step) =>\n      stepTest.call(this, state, step, rowData)\n    )\n  )\n  .then(() =>\n    resolveAndRunAfterHooks.call(this, scenario.tags, state.feature.name)\n  )\n  .then(() => state.onFinishScenario(scenario));",
              "err": {},
              "uuid": "7cc23e6e-4fac-429b-b435-b5a143ac48a5",
              "parentUUID": "c1929b23-af67-42d3-bf73-5a5c9af82a8c",
              "isHook": false,
              "skipped": false
            },
            {
              "title": "Search for the move type by code",
              "fullTitle": "Move Type Create and Edit it in Maintenance Module Search for the move type by code",
              "timedOut": null,
              "duration": 3263,
              "state": "passed",
              "speed": "slow",
              "pass": true,
              "fail": false,
              "pending": false,
              "context": null,
              "code": "const state = window.testState;\nreturn cy\n  .then(() => state.onStartScenario(scenario, indexedSteps))\n  .then(() =>\n    resolveAndRunBeforeHooks.call(this, scenario.tags, state.feature.name)\n  )\n  .then(() =>\n    indexedSteps.forEach((step) =>\n      stepTest.call(this, state, step, rowData)\n    )\n  )\n  .then(() =>\n    resolveAndRunAfterHooks.call(this, scenario.tags, state.feature.name)\n  )\n  .then(() => state.onFinishScenario(scenario));",
              "err": {},
              "uuid": "03bb157c-4263-43c3-b4fa-b42ced5e3671",
              "parentUUID": "c1929b23-af67-42d3-bf73-5a5c9af82a8c",
              "isHook": false,
              "skipped": false
            },
            {
              "title": "Open the move type",
              "fullTitle": "Move Type Create and Edit it in Maintenance Module Open the move type",
              "timedOut": null,
              "duration": 275,
              "state": "passed",
              "speed": "slow",
              "pass": true,
              "fail": false,
              "pending": false,
              "context": null,
              "code": "const state = window.testState;\nreturn cy\n  .then(() => state.onStartScenario(scenario, indexedSteps))\n  .then(() =>\n    resolveAndRunBeforeHooks.call(this, scenario.tags, state.feature.name)\n  )\n  .then(() =>\n    indexedSteps.forEach((step) =>\n      stepTest.call(this, state, step, rowData)\n    )\n  )\n  .then(() =>\n    resolveAndRunAfterHooks.call(this, scenario.tags, state.feature.name)\n  )\n  .then(() => state.onFinishScenario(scenario));",
              "err": {},
              "uuid": "82a03338-5c40-45fe-8c9c-c17c274b88f2",
              "parentUUID": "c1929b23-af67-42d3-bf73-5a5c9af82a8c",
              "isHook": false,
              "skipped": false
            },
            {
              "title": "Edit the move type",
              "fullTitle": "Move Type Create and Edit it in Maintenance Module Edit the move type",
              "timedOut": null,
              "duration": 6779,
              "state": "passed",
              "speed": "slow",
              "pass": true,
              "fail": false,
              "pending": false,
              "context": null,
              "code": "const state = window.testState;\nreturn cy\n  .then(() => state.onStartScenario(scenario, indexedSteps))\n  .then(() =>\n    resolveAndRunBeforeHooks.call(this, scenario.tags, state.feature.name)\n  )\n  .then(() =>\n    indexedSteps.forEach((step) =>\n      stepTest.call(this, state, step, rowData)\n    )\n  )\n  .then(() =>\n    resolveAndRunAfterHooks.call(this, scenario.tags, state.feature.name)\n  )\n  .then(() => state.onFinishScenario(scenario));",
              "err": {},
              "uuid": "6815f04e-b566-4b2b-ba45-9172c315f03e",
              "parentUUID": "c1929b23-af67-42d3-bf73-5a5c9af82a8c",
              "isHook": false,
              "skipped": false
            }
          ],
          "suites": [],
          "passes": [
            "12ec567a-7d34-40ea-a72d-73bd294e8cb9",
            "7cc23e6e-4fac-429b-b435-b5a143ac48a5",
            "03bb157c-4263-43c3-b4fa-b42ced5e3671",
            "82a03338-5c40-45fe-8c9c-c17c274b88f2",
            "6815f04e-b566-4b2b-ba45-9172c315f03e"
          ],
          "failures": [],
          "pending": [],
          "skipped": [],
          "duration": 43714,
          "root": false,
          "rootEmpty": false,
          "_timeout": 2000
        }
      ],
      "passes": [],
      "failures": [],
      "pending": [],
      "skipped": [],
      "duration": 0,
      "root": true,
      "rootEmpty": true,
      "_timeout": 2000
    }
  ],
  "meta": {
    "mocha": {
      "version": "7.0.1"
    },
    "mochawesome": {
      "options": {
        "quiet": false,
        "reportFilename": "mochawesome",
        "saveHtml": false,
        "saveJson": true,
        "consoleReporter": "spec",
        "useInlineDiffs": false
      },
      "version": "4.1.0"
    },
    "marge": {
      "options": {
        "id": "default",
        "reportDir": "./mochawesome-report",
        "quite": true,
        "overwrite": false,
        "html": false,
        "json": true
      },
      "version": "4.0.1"
    }
  }
}