{
  "stats": {
    "suites": 1,
    "tests": 5,
    "passes": 5,
    "pending": 0,
    "failures": 0,
    "start": "2021-06-07T12:48:23.704Z",
    "end": "2021-06-07T12:48:58.147Z",
    "duration": 34443,
    "testsRegistered": 5,
    "passPercent": 100,
    "pendingPercent": 0,
    "other": 0,
    "hasOther": false,
    "skipped": 0,
    "hasSkipped": false
  },
  "results": [
    {
      "uuid": "7f76295b-ddf1-46ef-9d54-120fe4446125",
      "title": "",
      "fullFile": "cypress\\tests\\MaintenanceVessels.feature",
      "file": "cypress\\tests\\MaintenanceVessels.feature",
      "beforeHooks": [],
      "afterHooks": [],
      "tests": [],
      "suites": [
        {
          "uuid": "56275ede-7910-4f4c-b08f-464bfa4ce23d",
          "title": "Vessel Create, Search and Edit from Maintenance",
          "fullFile": "",
          "file": "",
          "beforeHooks": [],
          "afterHooks": [],
          "tests": [
            {
              "title": "Create new vessel",
              "fullTitle": "Vessel Create, Search and Edit from Maintenance Create new vessel",
              "timedOut": null,
              "duration": 26039,
              "state": "passed",
              "speed": "slow",
              "pass": true,
              "fail": false,
              "pending": false,
              "context": null,
              "code": "const state = window.testState;\nreturn cy\n  .then(() => state.onStartScenario(scenario, indexedSteps))\n  .then(() =>\n    resolveAndRunBeforeHooks.call(this, scenario.tags, state.feature.name)\n  )\n  .then(() =>\n    indexedSteps.forEach((step) =>\n      stepTest.call(this, state, step, rowData)\n    )\n  )\n  .then(() =>\n    resolveAndRunAfterHooks.call(this, scenario.tags, state.feature.name)\n  )\n  .then(() => state.onFinishScenario(scenario));",
              "err": {},
              "uuid": "9f18f5b4-9a51-4279-9a61-d15a0b9bba16",
              "parentUUID": "56275ede-7910-4f4c-b08f-464bfa4ce23d",
              "isHook": false,
              "skipped": false
            },
            {
              "title": "Search for the vessel by name",
              "fullTitle": "Vessel Create, Search and Edit from Maintenance Search for the vessel by name",
              "timedOut": null,
              "duration": 1554,
              "state": "passed",
              "speed": "slow",
              "pass": true,
              "fail": false,
              "pending": false,
              "context": null,
              "code": "const state = window.testState;\nreturn cy\n  .then(() => state.onStartScenario(scenario, indexedSteps))\n  .then(() =>\n    resolveAndRunBeforeHooks.call(this, scenario.tags, state.feature.name)\n  )\n  .then(() =>\n    indexedSteps.forEach((step) =>\n      stepTest.call(this, state, step, rowData)\n    )\n  )\n  .then(() =>\n    resolveAndRunAfterHooks.call(this, scenario.tags, state.feature.name)\n  )\n  .then(() => state.onFinishScenario(scenario));",
              "err": {},
              "uuid": "0df2fd6f-3531-4b0b-9bc6-1e030dfe35a1",
              "parentUUID": "56275ede-7910-4f4c-b08f-464bfa4ce23d",
              "isHook": false,
              "skipped": false
            },
            {
              "title": "Open the vessel",
              "fullTitle": "Vessel Create, Search and Edit from Maintenance Open the vessel",
              "timedOut": null,
              "duration": 319,
              "state": "passed",
              "speed": "slow",
              "pass": true,
              "fail": false,
              "pending": false,
              "context": null,
              "code": "const state = window.testState;\nreturn cy\n  .then(() => state.onStartScenario(scenario, indexedSteps))\n  .then(() =>\n    resolveAndRunBeforeHooks.call(this, scenario.tags, state.feature.name)\n  )\n  .then(() =>\n    indexedSteps.forEach((step) =>\n      stepTest.call(this, state, step, rowData)\n    )\n  )\n  .then(() =>\n    resolveAndRunAfterHooks.call(this, scenario.tags, state.feature.name)\n  )\n  .then(() => state.onFinishScenario(scenario));",
              "err": {},
              "uuid": "2bb8aa2e-bc18-41a4-80cc-d0f9357d2c96",
              "parentUUID": "56275ede-7910-4f4c-b08f-464bfa4ce23d",
              "isHook": false,
              "skipped": false
            },
            {
              "title": "Edit the vessel",
              "fullTitle": "Vessel Create, Search and Edit from Maintenance Edit the vessel",
              "timedOut": null,
              "duration": 2444,
              "state": "passed",
              "speed": "slow",
              "pass": true,
              "fail": false,
              "pending": false,
              "context": null,
              "code": "const state = window.testState;\nreturn cy\n  .then(() => state.onStartScenario(scenario, indexedSteps))\n  .then(() =>\n    resolveAndRunBeforeHooks.call(this, scenario.tags, state.feature.name)\n  )\n  .then(() =>\n    indexedSteps.forEach((step) =>\n      stepTest.call(this, state, step, rowData)\n    )\n  )\n  .then(() =>\n    resolveAndRunAfterHooks.call(this, scenario.tags, state.feature.name)\n  )\n  .then(() => state.onFinishScenario(scenario));",
              "err": {},
              "uuid": "a4957553-c27d-4e9b-b18f-da62955e9bed",
              "parentUUID": "56275ede-7910-4f4c-b08f-464bfa4ce23d",
              "isHook": false,
              "skipped": false
            },
            {
              "title": "Save and close the vessel",
              "fullTitle": "Vessel Create, Search and Edit from Maintenance Save and close the vessel",
              "timedOut": null,
              "duration": 1200,
              "state": "passed",
              "speed": "slow",
              "pass": true,
              "fail": false,
              "pending": false,
              "context": null,
              "code": "const state = window.testState;\nreturn cy\n  .then(() => state.onStartScenario(scenario, indexedSteps))\n  .then(() =>\n    resolveAndRunBeforeHooks.call(this, scenario.tags, state.feature.name)\n  )\n  .then(() =>\n    indexedSteps.forEach((step) =>\n      stepTest.call(this, state, step, rowData)\n    )\n  )\n  .then(() =>\n    resolveAndRunAfterHooks.call(this, scenario.tags, state.feature.name)\n  )\n  .then(() => state.onFinishScenario(scenario));",
              "err": {},
              "uuid": "9106a3b5-78e9-4514-ada3-03fe73190f76",
              "parentUUID": "56275ede-7910-4f4c-b08f-464bfa4ce23d",
              "isHook": false,
              "skipped": false
            }
          ],
          "suites": [],
          "passes": [
            "9f18f5b4-9a51-4279-9a61-d15a0b9bba16",
            "0df2fd6f-3531-4b0b-9bc6-1e030dfe35a1",
            "2bb8aa2e-bc18-41a4-80cc-d0f9357d2c96",
            "a4957553-c27d-4e9b-b18f-da62955e9bed",
            "9106a3b5-78e9-4514-ada3-03fe73190f76"
          ],
          "failures": [],
          "pending": [],
          "skipped": [],
          "duration": 31556,
          "root": false,
          "rootEmpty": false,
          "_timeout": 2000
        }
      ],
      "passes": [],
      "failures": [],
      "pending": [],
      "skipped": [],
      "duration": 0,
      "root": true,
      "rootEmpty": true,
      "_timeout": 2000
    }
  ],
  "meta": {
    "mocha": {
      "version": "7.0.1"
    },
    "mochawesome": {
      "options": {
        "quiet": false,
        "reportFilename": "mochawesome",
        "saveHtml": false,
        "saveJson": true,
        "consoleReporter": "spec",
        "useInlineDiffs": false
      },
      "version": "4.1.0"
    },
    "marge": {
      "options": {
        "id": "default",
        "reportDir": "./mochawesome-report",
        "quite": true,
        "overwrite": false,
        "html": false,
        "json": true
      },
      "version": "4.0.1"
    }
  }
}