{
  "stats": {
    "suites": 1,
    "tests": 4,
    "passes": 4,
    "pending": 0,
    "failures": 0,
    "start": "2021-05-06T09:37:58.063Z",
    "end": "2021-05-06T09:40:19.176Z",
    "duration": 141113,
    "testsRegistered": 4,
    "passPercent": 100,
    "pendingPercent": 0,
    "other": 0,
    "hasOther": false,
    "skipped": 0,
    "hasSkipped": false
  },
  "results": [
    {
      "uuid": "5f58d37b-22dd-4b0c-b98c-cb868c625c13",
      "title": "",
      "fullFile": "cypress\\tests\\MaintenanceShippingAgentsDailyScenarios.feature",
      "file": "cypress\\tests\\MaintenanceShippingAgentsDailyScenarios.feature",
      "beforeHooks": [],
      "afterHooks": [],
      "tests": [],
      "suites": [
        {
          "uuid": "86f7d281-d88a-4677-8cb1-5c447053b992",
          "title": "Shipping Agent Create and Edit in Maintenance Module",
          "fullFile": "",
          "file": "",
          "beforeHooks": [],
          "afterHooks": [],
          "tests": [
            {
              "title": "Create a new shipping agent",
              "fullTitle": "Shipping Agent Create and Edit in Maintenance Module Create a new shipping agent",
              "timedOut": null,
              "duration": 91174,
              "state": "passed",
              "speed": "slow",
              "pass": true,
              "fail": false,
              "pending": false,
              "context": null,
              "code": "const state = window.testState;\nreturn cy\n  .then(() => state.onStartScenario(scenario, indexedSteps))\n  .then(() =>\n    resolveAndRunBeforeHooks.call(this, scenario.tags, state.feature.name)\n  )\n  .then(() =>\n    indexedSteps.forEach((step) =>\n      stepTest.call(this, state, step, rowData)\n    )\n  )\n  .then(() =>\n    resolveAndRunAfterHooks.call(this, scenario.tags, state.feature.name)\n  )\n  .then(() => state.onFinishScenario(scenario));",
              "err": {},
              "uuid": "660fc0d4-ff35-4d4e-9f29-b437c7fbe8da",
              "parentUUID": "86f7d281-d88a-4677-8cb1-5c447053b992",
              "isHook": false,
              "skipped": false
            },
            {
              "title": "Search for the shipping agent",
              "fullTitle": "Shipping Agent Create and Edit in Maintenance Module Search for the shipping agent",
              "timedOut": null,
              "duration": 4245,
              "state": "passed",
              "speed": "slow",
              "pass": true,
              "fail": false,
              "pending": false,
              "context": null,
              "code": "const state = window.testState;\nreturn cy\n  .then(() => state.onStartScenario(scenario, indexedSteps))\n  .then(() =>\n    resolveAndRunBeforeHooks.call(this, scenario.tags, state.feature.name)\n  )\n  .then(() =>\n    indexedSteps.forEach((step) =>\n      stepTest.call(this, state, step, rowData)\n    )\n  )\n  .then(() =>\n    resolveAndRunAfterHooks.call(this, scenario.tags, state.feature.name)\n  )\n  .then(() => state.onFinishScenario(scenario));",
              "err": {},
              "uuid": "940d58a2-f25b-47c6-8a47-a973537243db",
              "parentUUID": "86f7d281-d88a-4677-8cb1-5c447053b992",
              "isHook": false,
              "skipped": false
            },
            {
              "title": "Open the shipping agent",
              "fullTitle": "Shipping Agent Create and Edit in Maintenance Module Open the shipping agent",
              "timedOut": null,
              "duration": 1566,
              "state": "passed",
              "speed": "slow",
              "pass": true,
              "fail": false,
              "pending": false,
              "context": null,
              "code": "const state = window.testState;\nreturn cy\n  .then(() => state.onStartScenario(scenario, indexedSteps))\n  .then(() =>\n    resolveAndRunBeforeHooks.call(this, scenario.tags, state.feature.name)\n  )\n  .then(() =>\n    indexedSteps.forEach((step) =>\n      stepTest.call(this, state, step, rowData)\n    )\n  )\n  .then(() =>\n    resolveAndRunAfterHooks.call(this, scenario.tags, state.feature.name)\n  )\n  .then(() => state.onFinishScenario(scenario));",
              "err": {},
              "uuid": "ab431ee5-ee7e-4565-8115-093316c399ad",
              "parentUUID": "86f7d281-d88a-4677-8cb1-5c447053b992",
              "isHook": false,
              "skipped": false
            },
            {
              "title": "Edit the shipping agent",
              "fullTitle": "Shipping Agent Create and Edit in Maintenance Module Edit the shipping agent",
              "timedOut": null,
              "duration": 18982,
              "state": "passed",
              "speed": "slow",
              "pass": true,
              "fail": false,
              "pending": false,
              "context": null,
              "code": "const state = window.testState;\nreturn cy\n  .then(() => state.onStartScenario(scenario, indexedSteps))\n  .then(() =>\n    resolveAndRunBeforeHooks.call(this, scenario.tags, state.feature.name)\n  )\n  .then(() =>\n    indexedSteps.forEach((step) =>\n      stepTest.call(this, state, step, rowData)\n    )\n  )\n  .then(() =>\n    resolveAndRunAfterHooks.call(this, scenario.tags, state.feature.name)\n  )\n  .then(() => state.onFinishScenario(scenario));",
              "err": {},
              "uuid": "593ab630-f3ec-408d-8607-303219544e17",
              "parentUUID": "86f7d281-d88a-4677-8cb1-5c447053b992",
              "isHook": false,
              "skipped": false
            }
          ],
          "suites": [],
          "passes": [
            "660fc0d4-ff35-4d4e-9f29-b437c7fbe8da",
            "940d58a2-f25b-47c6-8a47-a973537243db",
            "ab431ee5-ee7e-4565-8115-093316c399ad",
            "593ab630-f3ec-408d-8607-303219544e17"
          ],
          "failures": [],
          "pending": [],
          "skipped": [],
          "duration": 115967,
          "root": false,
          "rootEmpty": false,
          "_timeout": 2000
        }
      ],
      "passes": [],
      "failures": [],
      "pending": [],
      "skipped": [],
      "duration": 0,
      "root": true,
      "rootEmpty": true,
      "_timeout": 2000
    }
  ],
  "meta": {
    "mocha": {
      "version": "7.0.1"
    },
    "mochawesome": {
      "options": {
        "quiet": false,
        "reportFilename": "mochawesome",
        "saveHtml": false,
        "saveJson": true,
        "consoleReporter": "spec",
        "useInlineDiffs": false
      },
      "version": "4.1.0"
    },
    "marge": {
      "options": {
        "id": "default",
        "reportDir": "./mochawesome-report",
        "quite": true,
        "overwrite": false,
        "html": false,
        "json": true
      },
      "version": "4.0.1"
    }
  }
}