{
  "stats": {
    "suites": 1,
    "tests": 6,
    "passes": 6,
    "pending": 0,
    "failures": 0,
    "start": "2021-06-07T12:33:36.506Z",
    "end": "2021-06-07T12:34:22.063Z",
    "duration": 45557,
    "testsRegistered": 6,
    "passPercent": 100,
    "pendingPercent": 0,
    "other": 0,
    "hasOther": false,
    "skipped": 0,
    "hasSkipped": false
  },
  "results": [
    {
      "uuid": "48d314a1-ed11-4f09-b93b-0c3461ac7c7f",
      "title": "",
      "fullFile": "cypress\\tests\\MaintenanceShipmentSubTypesWeeklyScenarios.feature",
      "file": "cypress\\tests\\MaintenanceShipmentSubTypesWeeklyScenarios.feature",
      "beforeHooks": [],
      "afterHooks": [],
      "tests": [],
      "suites": [
        {
          "uuid": "594a5a6a-1cf0-4d19-8203-a42baad4a643",
          "title": "Shipment Sub Type Create and Edit it in Maintenance Module",
          "fullFile": "",
          "file": "",
          "beforeHooks": [],
          "afterHooks": [],
          "tests": [
            {
              "title": "Add Shipment Sub Type Code with lenght more than 6",
              "fullTitle": "Shipment Sub Type Create and Edit it in Maintenance Module Add Shipment Sub Type Code with lenght more than 6",
              "timedOut": null,
              "duration": 27618,
              "state": "passed",
              "speed": "slow",
              "pass": true,
              "fail": false,
              "pending": false,
              "context": null,
              "code": "const state = window.testState;\nreturn cy\n  .then(() => state.onStartScenario(scenario, indexedSteps))\n  .then(() =>\n    resolveAndRunBeforeHooks.call(this, scenario.tags, state.feature.name)\n  )\n  .then(() =>\n    indexedSteps.forEach((step) =>\n      stepTest.call(this, state, step, rowData)\n    )\n  )\n  .then(() =>\n    resolveAndRunAfterHooks.call(this, scenario.tags, state.feature.name)\n  )\n  .then(() => state.onFinishScenario(scenario));",
              "err": {},
              "uuid": "8d943421-e9ac-4005-bb9c-b07796fefbf5",
              "parentUUID": "594a5a6a-1cf0-4d19-8203-a42baad4a643",
              "isHook": false,
              "skipped": false
            },
            {
              "title": "Create a new shipment with already exists code",
              "fullTitle": "Shipment Sub Type Create and Edit it in Maintenance Module Create a new shipment with already exists code",
              "timedOut": null,
              "duration": 3557,
              "state": "passed",
              "speed": "slow",
              "pass": true,
              "fail": false,
              "pending": false,
              "context": null,
              "code": "const state = window.testState;\nreturn cy\n  .then(() => state.onStartScenario(scenario, indexedSteps))\n  .then(() =>\n    resolveAndRunBeforeHooks.call(this, scenario.tags, state.feature.name)\n  )\n  .then(() =>\n    indexedSteps.forEach((step) =>\n      stepTest.call(this, state, step, rowData)\n    )\n  )\n  .then(() =>\n    resolveAndRunAfterHooks.call(this, scenario.tags, state.feature.name)\n  )\n  .then(() => state.onFinishScenario(scenario));",
              "err": {},
              "uuid": "32aae3a2-98a5-4589-bd83-7193126aa64d",
              "parentUUID": "594a5a6a-1cf0-4d19-8203-a42baad4a643",
              "isHook": false,
              "skipped": false
            },
            {
              "title": "Create a new shipment sub type",
              "fullTitle": "Shipment Sub Type Create and Edit it in Maintenance Module Create a new shipment sub type",
              "timedOut": null,
              "duration": 3922,
              "state": "passed",
              "speed": "slow",
              "pass": true,
              "fail": false,
              "pending": false,
              "context": null,
              "code": "const state = window.testState;\nreturn cy\n  .then(() => state.onStartScenario(scenario, indexedSteps))\n  .then(() =>\n    resolveAndRunBeforeHooks.call(this, scenario.tags, state.feature.name)\n  )\n  .then(() =>\n    indexedSteps.forEach((step) =>\n      stepTest.call(this, state, step, rowData)\n    )\n  )\n  .then(() =>\n    resolveAndRunAfterHooks.call(this, scenario.tags, state.feature.name)\n  )\n  .then(() => state.onFinishScenario(scenario));",
              "err": {},
              "uuid": "aefef05d-ec68-434f-a580-57b4daa58737",
              "parentUUID": "594a5a6a-1cf0-4d19-8203-a42baad4a643",
              "isHook": false,
              "skipped": false
            },
            {
              "title": "Search for the shipment sub type",
              "fullTitle": "Shipment Sub Type Create and Edit it in Maintenance Module Search for the shipment sub type",
              "timedOut": null,
              "duration": 1776,
              "state": "passed",
              "speed": "slow",
              "pass": true,
              "fail": false,
              "pending": false,
              "context": null,
              "code": "const state = window.testState;\nreturn cy\n  .then(() => state.onStartScenario(scenario, indexedSteps))\n  .then(() =>\n    resolveAndRunBeforeHooks.call(this, scenario.tags, state.feature.name)\n  )\n  .then(() =>\n    indexedSteps.forEach((step) =>\n      stepTest.call(this, state, step, rowData)\n    )\n  )\n  .then(() =>\n    resolveAndRunAfterHooks.call(this, scenario.tags, state.feature.name)\n  )\n  .then(() => state.onFinishScenario(scenario));",
              "err": {},
              "uuid": "4c92b7d3-e752-4340-bf34-e428b29c8188",
              "parentUUID": "594a5a6a-1cf0-4d19-8203-a42baad4a643",
              "isHook": false,
              "skipped": false
            },
            {
              "title": "Open the shipment sub type",
              "fullTitle": "Shipment Sub Type Create and Edit it in Maintenance Module Open the shipment sub type",
              "timedOut": null,
              "duration": 243,
              "state": "passed",
              "speed": "slow",
              "pass": true,
              "fail": false,
              "pending": false,
              "context": null,
              "code": "const state = window.testState;\nreturn cy\n  .then(() => state.onStartScenario(scenario, indexedSteps))\n  .then(() =>\n    resolveAndRunBeforeHooks.call(this, scenario.tags, state.feature.name)\n  )\n  .then(() =>\n    indexedSteps.forEach((step) =>\n      stepTest.call(this, state, step, rowData)\n    )\n  )\n  .then(() =>\n    resolveAndRunAfterHooks.call(this, scenario.tags, state.feature.name)\n  )\n  .then(() => state.onFinishScenario(scenario));",
              "err": {},
              "uuid": "32693bbe-6e57-41d7-b7a4-f687d6195c35",
              "parentUUID": "594a5a6a-1cf0-4d19-8203-a42baad4a643",
              "isHook": false,
              "skipped": false
            },
            {
              "title": "Edit the shipment sub type",
              "fullTitle": "Shipment Sub Type Create and Edit it in Maintenance Module Edit the shipment sub type",
              "timedOut": null,
              "duration": 5689,
              "state": "passed",
              "speed": "slow",
              "pass": true,
              "fail": false,
              "pending": false,
              "context": null,
              "code": "const state = window.testState;\nreturn cy\n  .then(() => state.onStartScenario(scenario, indexedSteps))\n  .then(() =>\n    resolveAndRunBeforeHooks.call(this, scenario.tags, state.feature.name)\n  )\n  .then(() =>\n    indexedSteps.forEach((step) =>\n      stepTest.call(this, state, step, rowData)\n    )\n  )\n  .then(() =>\n    resolveAndRunAfterHooks.call(this, scenario.tags, state.feature.name)\n  )\n  .then(() => state.onFinishScenario(scenario));",
              "err": {},
              "uuid": "203cfb9c-40da-4538-b5a1-8064a93eb2a2",
              "parentUUID": "594a5a6a-1cf0-4d19-8203-a42baad4a643",
              "isHook": false,
              "skipped": false
            }
          ],
          "suites": [],
          "passes": [
            "8d943421-e9ac-4005-bb9c-b07796fefbf5",
            "32aae3a2-98a5-4589-bd83-7193126aa64d",
            "aefef05d-ec68-434f-a580-57b4daa58737",
            "4c92b7d3-e752-4340-bf34-e428b29c8188",
            "32693bbe-6e57-41d7-b7a4-f687d6195c35",
            "203cfb9c-40da-4538-b5a1-8064a93eb2a2"
          ],
          "failures": [],
          "pending": [],
          "skipped": [],
          "duration": 42805,
          "root": false,
          "rootEmpty": false,
          "_timeout": 2000
        }
      ],
      "passes": [],
      "failures": [],
      "pending": [],
      "skipped": [],
      "duration": 0,
      "root": true,
      "rootEmpty": true,
      "_timeout": 2000
    }
  ],
  "meta": {
    "mocha": {
      "version": "7.0.1"
    },
    "mochawesome": {
      "options": {
        "quiet": false,
        "reportFilename": "mochawesome",
        "saveHtml": false,
        "saveJson": true,
        "consoleReporter": "spec",
        "useInlineDiffs": false
      },
      "version": "4.1.0"
    },
    "marge": {
      "options": {
        "id": "default",
        "reportDir": "./mochawesome-report",
        "quite": true,
        "overwrite": false,
        "html": false,
        "json": true
      },
      "version": "4.0.1"
    }
  }
}