{
  "stats": {
    "suites": 1,
    "tests": 5,
    "passes": 5,
    "pending": 0,
    "failures": 0,
    "start": "2021-06-07T12:46:18.226Z",
    "end": "2021-06-07T12:47:18.480Z",
    "duration": 60254,
    "testsRegistered": 5,
    "passPercent": 100,
    "pendingPercent": 0,
    "other": 0,
    "hasOther": false,
    "skipped": 0,
    "hasSkipped": false
  },
  "results": [
    {
      "uuid": "50f3cfba-c082-4b88-a30f-df008a438651",
      "title": "",
      "fullFile": "cypress\\tests\\MaintenanceTruckersWeeklyScenarios.feature",
      "file": "cypress\\tests\\MaintenanceTruckersWeeklyScenarios.feature",
      "beforeHooks": [],
      "afterHooks": [],
      "tests": [],
      "suites": [
        {
          "uuid": "93a6152b-7d59-4ac4-8cff-86498ac73c54",
          "title": "Trucker Create and Edit in Maintenance Module",
          "fullFile": "",
          "file": "",
          "beforeHooks": [],
          "afterHooks": [],
          "tests": [
            {
              "title": "Add Trucker Code with lenght more than 7",
              "fullTitle": "Trucker Create and Edit in Maintenance Module Add Trucker Code with lenght more than 7",
              "timedOut": null,
              "duration": 25602,
              "state": "passed",
              "speed": "slow",
              "pass": true,
              "fail": false,
              "pending": false,
              "context": null,
              "code": "const state = window.testState;\nreturn cy\n  .then(() => state.onStartScenario(scenario, indexedSteps))\n  .then(() =>\n    resolveAndRunBeforeHooks.call(this, scenario.tags, state.feature.name)\n  )\n  .then(() =>\n    indexedSteps.forEach((step) =>\n      stepTest.call(this, state, step, rowData)\n    )\n  )\n  .then(() =>\n    resolveAndRunAfterHooks.call(this, scenario.tags, state.feature.name)\n  )\n  .then(() => state.onFinishScenario(scenario));",
              "err": {},
              "uuid": "e95d6ae2-a65c-4415-9cbf-da5f4dd7d75e",
              "parentUUID": "93a6152b-7d59-4ac4-8cff-86498ac73c54",
              "isHook": false,
              "skipped": false
            },
            {
              "title": "Create a new trucker",
              "fullTitle": "Trucker Create and Edit in Maintenance Module Create a new trucker",
              "timedOut": null,
              "duration": 15839,
              "state": "passed",
              "speed": "slow",
              "pass": true,
              "fail": false,
              "pending": false,
              "context": null,
              "code": "const state = window.testState;\nreturn cy\n  .then(() => state.onStartScenario(scenario, indexedSteps))\n  .then(() =>\n    resolveAndRunBeforeHooks.call(this, scenario.tags, state.feature.name)\n  )\n  .then(() =>\n    indexedSteps.forEach((step) =>\n      stepTest.call(this, state, step, rowData)\n    )\n  )\n  .then(() =>\n    resolveAndRunAfterHooks.call(this, scenario.tags, state.feature.name)\n  )\n  .then(() => state.onFinishScenario(scenario));",
              "err": {},
              "uuid": "45cb6609-3fa6-4b0d-adfa-c51627685225",
              "parentUUID": "93a6152b-7d59-4ac4-8cff-86498ac73c54",
              "isHook": false,
              "skipped": false
            },
            {
              "title": "Search for the trucker by code",
              "fullTitle": "Trucker Create and Edit in Maintenance Module Search for the trucker by code",
              "timedOut": null,
              "duration": 1708,
              "state": "passed",
              "speed": "slow",
              "pass": true,
              "fail": false,
              "pending": false,
              "context": null,
              "code": "const state = window.testState;\nreturn cy\n  .then(() => state.onStartScenario(scenario, indexedSteps))\n  .then(() =>\n    resolveAndRunBeforeHooks.call(this, scenario.tags, state.feature.name)\n  )\n  .then(() =>\n    indexedSteps.forEach((step) =>\n      stepTest.call(this, state, step, rowData)\n    )\n  )\n  .then(() =>\n    resolveAndRunAfterHooks.call(this, scenario.tags, state.feature.name)\n  )\n  .then(() => state.onFinishScenario(scenario));",
              "err": {},
              "uuid": "38ca22b1-3544-4721-b1dc-e1a48d749f3d",
              "parentUUID": "93a6152b-7d59-4ac4-8cff-86498ac73c54",
              "isHook": false,
              "skipped": false
            },
            {
              "title": "Open the trucker",
              "fullTitle": "Trucker Create and Edit in Maintenance Module Open the trucker",
              "timedOut": null,
              "duration": 3841,
              "state": "passed",
              "speed": "slow",
              "pass": true,
              "fail": false,
              "pending": false,
              "context": null,
              "code": "const state = window.testState;\nreturn cy\n  .then(() => state.onStartScenario(scenario, indexedSteps))\n  .then(() =>\n    resolveAndRunBeforeHooks.call(this, scenario.tags, state.feature.name)\n  )\n  .then(() =>\n    indexedSteps.forEach((step) =>\n      stepTest.call(this, state, step, rowData)\n    )\n  )\n  .then(() =>\n    resolveAndRunAfterHooks.call(this, scenario.tags, state.feature.name)\n  )\n  .then(() => state.onFinishScenario(scenario));",
              "err": {},
              "uuid": "4025963f-59ef-4408-beb8-2fb36a8c4589",
              "parentUUID": "93a6152b-7d59-4ac4-8cff-86498ac73c54",
              "isHook": false,
              "skipped": false
            },
            {
              "title": "Edit the trucker",
              "fullTitle": "Trucker Create and Edit in Maintenance Module Edit the trucker",
              "timedOut": null,
              "duration": 10456,
              "state": "passed",
              "speed": "slow",
              "pass": true,
              "fail": false,
              "pending": false,
              "context": null,
              "code": "const state = window.testState;\nreturn cy\n  .then(() => state.onStartScenario(scenario, indexedSteps))\n  .then(() =>\n    resolveAndRunBeforeHooks.call(this, scenario.tags, state.feature.name)\n  )\n  .then(() =>\n    indexedSteps.forEach((step) =>\n      stepTest.call(this, state, step, rowData)\n    )\n  )\n  .then(() =>\n    resolveAndRunAfterHooks.call(this, scenario.tags, state.feature.name)\n  )\n  .then(() => state.onFinishScenario(scenario));",
              "err": {},
              "uuid": "03165bab-2c21-47b9-a1a6-653960f7d5c8",
              "parentUUID": "93a6152b-7d59-4ac4-8cff-86498ac73c54",
              "isHook": false,
              "skipped": false
            }
          ],
          "suites": [],
          "passes": [
            "e95d6ae2-a65c-4415-9cbf-da5f4dd7d75e",
            "45cb6609-3fa6-4b0d-adfa-c51627685225",
            "38ca22b1-3544-4721-b1dc-e1a48d749f3d",
            "4025963f-59ef-4408-beb8-2fb36a8c4589",
            "03165bab-2c21-47b9-a1a6-653960f7d5c8"
          ],
          "failures": [],
          "pending": [],
          "skipped": [],
          "duration": 57446,
          "root": false,
          "rootEmpty": false,
          "_timeout": 2000
        }
      ],
      "passes": [],
      "failures": [],
      "pending": [],
      "skipped": [],
      "duration": 0,
      "root": true,
      "rootEmpty": true,
      "_timeout": 2000
    }
  ],
  "meta": {
    "mocha": {
      "version": "7.0.1"
    },
    "mochawesome": {
      "options": {
        "quiet": false,
        "reportFilename": "mochawesome",
        "saveHtml": false,
        "saveJson": true,
        "consoleReporter": "spec",
        "useInlineDiffs": false
      },
      "version": "4.1.0"
    },
    "marge": {
      "options": {
        "id": "default",
        "reportDir": "./mochawesome-report",
        "quite": true,
        "overwrite": false,
        "html": false,
        "json": true
      },
      "version": "4.0.1"
    }
  }
}