{
  "stats": {
    "suites": 1,
    "tests": 4,
    "passes": 4,
    "pending": 0,
    "failures": 0,
    "start": "2021-06-07T12:35:35.122Z",
    "end": "2021-06-07T12:36:37.894Z",
    "duration": 62772,
    "testsRegistered": 4,
    "passPercent": 100,
    "pendingPercent": 0,
    "other": 0,
    "hasOther": false,
    "skipped": 0,
    "hasSkipped": false
  },
  "results": [
    {
      "uuid": "2f4a23fc-7258-47dd-ad0c-ff58830c5335",
      "title": "",
      "fullFile": "cypress\\tests\\MaintenanceShippingAgentsWeeklyScenarios.feature",
      "file": "cypress\\tests\\MaintenanceShippingAgentsWeeklyScenarios.feature",
      "beforeHooks": [],
      "afterHooks": [],
      "tests": [],
      "suites": [
        {
          "uuid": "cd58b1d8-e740-4758-be1d-a10dd80f8db9",
          "title": "Shipping Agent Create and Edit it in Maintenance Module",
          "fullFile": "",
          "file": "",
          "beforeHooks": [],
          "afterHooks": [],
          "tests": [
            {
              "title": "Create a new shipping agent",
              "fullTitle": "Shipping Agent Create and Edit it in Maintenance Module Create a new shipping agent",
              "timedOut": null,
              "duration": 45018,
              "state": "passed",
              "speed": "slow",
              "pass": true,
              "fail": false,
              "pending": false,
              "context": null,
              "code": "const state = window.testState;\nreturn cy\n  .then(() => state.onStartScenario(scenario, indexedSteps))\n  .then(() =>\n    resolveAndRunBeforeHooks.call(this, scenario.tags, state.feature.name)\n  )\n  .then(() =>\n    indexedSteps.forEach((step) =>\n      stepTest.call(this, state, step, rowData)\n    )\n  )\n  .then(() =>\n    resolveAndRunAfterHooks.call(this, scenario.tags, state.feature.name)\n  )\n  .then(() => state.onFinishScenario(scenario));",
              "err": {},
              "uuid": "0bf940c3-f6ff-4e85-ac4a-0a053318b853",
              "parentUUID": "cd58b1d8-e740-4758-be1d-a10dd80f8db9",
              "isHook": false,
              "skipped": false
            },
            {
              "title": "Search for the shipping agent by code",
              "fullTitle": "Shipping Agent Create and Edit it in Maintenance Module Search for the shipping agent by code",
              "timedOut": null,
              "duration": 1727,
              "state": "passed",
              "speed": "slow",
              "pass": true,
              "fail": false,
              "pending": false,
              "context": null,
              "code": "const state = window.testState;\nreturn cy\n  .then(() => state.onStartScenario(scenario, indexedSteps))\n  .then(() =>\n    resolveAndRunBeforeHooks.call(this, scenario.tags, state.feature.name)\n  )\n  .then(() =>\n    indexedSteps.forEach((step) =>\n      stepTest.call(this, state, step, rowData)\n    )\n  )\n  .then(() =>\n    resolveAndRunAfterHooks.call(this, scenario.tags, state.feature.name)\n  )\n  .then(() => state.onFinishScenario(scenario));",
              "err": {},
              "uuid": "657ec44b-4c7c-4710-b1b0-dac5544a2a48",
              "parentUUID": "cd58b1d8-e740-4758-be1d-a10dd80f8db9",
              "isHook": false,
              "skipped": false
            },
            {
              "title": "Open the shipping agent",
              "fullTitle": "Shipping Agent Create and Edit it in Maintenance Module Open the shipping agent",
              "timedOut": null,
              "duration": 3597,
              "state": "passed",
              "speed": "slow",
              "pass": true,
              "fail": false,
              "pending": false,
              "context": null,
              "code": "const state = window.testState;\nreturn cy\n  .then(() => state.onStartScenario(scenario, indexedSteps))\n  .then(() =>\n    resolveAndRunBeforeHooks.call(this, scenario.tags, state.feature.name)\n  )\n  .then(() =>\n    indexedSteps.forEach((step) =>\n      stepTest.call(this, state, step, rowData)\n    )\n  )\n  .then(() =>\n    resolveAndRunAfterHooks.call(this, scenario.tags, state.feature.name)\n  )\n  .then(() => state.onFinishScenario(scenario));",
              "err": {},
              "uuid": "09995add-35a0-408c-a371-a514eea535de",
              "parentUUID": "cd58b1d8-e740-4758-be1d-a10dd80f8db9",
              "isHook": false,
              "skipped": false
            },
            {
              "title": "Edit the shipping agent",
              "fullTitle": "Shipping Agent Create and Edit it in Maintenance Module Edit the shipping agent",
              "timedOut": null,
              "duration": 9708,
              "state": "passed",
              "speed": "slow",
              "pass": true,
              "fail": false,
              "pending": false,
              "context": null,
              "code": "const state = window.testState;\nreturn cy\n  .then(() => state.onStartScenario(scenario, indexedSteps))\n  .then(() =>\n    resolveAndRunBeforeHooks.call(this, scenario.tags, state.feature.name)\n  )\n  .then(() =>\n    indexedSteps.forEach((step) =>\n      stepTest.call(this, state, step, rowData)\n    )\n  )\n  .then(() =>\n    resolveAndRunAfterHooks.call(this, scenario.tags, state.feature.name)\n  )\n  .then(() => state.onFinishScenario(scenario));",
              "err": {},
              "uuid": "c9643839-9f25-4717-9e99-3df57aa7ddfc",
              "parentUUID": "cd58b1d8-e740-4758-be1d-a10dd80f8db9",
              "isHook": false,
              "skipped": false
            }
          ],
          "suites": [],
          "passes": [
            "0bf940c3-f6ff-4e85-ac4a-0a053318b853",
            "657ec44b-4c7c-4710-b1b0-dac5544a2a48",
            "09995add-35a0-408c-a371-a514eea535de",
            "c9643839-9f25-4717-9e99-3df57aa7ddfc"
          ],
          "failures": [],
          "pending": [],
          "skipped": [],
          "duration": 60050,
          "root": false,
          "rootEmpty": false,
          "_timeout": 2000
        }
      ],
      "passes": [],
      "failures": [],
      "pending": [],
      "skipped": [],
      "duration": 0,
      "root": true,
      "rootEmpty": true,
      "_timeout": 2000
    }
  ],
  "meta": {
    "mocha": {
      "version": "7.0.1"
    },
    "mochawesome": {
      "options": {
        "quiet": false,
        "reportFilename": "mochawesome",
        "saveHtml": false,
        "saveJson": true,
        "consoleReporter": "spec",
        "useInlineDiffs": false
      },
      "version": "4.1.0"
    },
    "marge": {
      "options": {
        "id": "default",
        "reportDir": "./mochawesome-report",
        "quite": true,
        "overwrite": false,
        "html": false,
        "json": true
      },
      "version": "4.0.1"
    }
  }
}