{
  "stats": {
    "suites": 1,
    "tests": 5,
    "passes": 5,
    "pending": 0,
    "failures": 0,
    "start": "2021-06-07T11:11:06.644Z",
    "end": "2021-06-07T11:11:46.018Z",
    "duration": 39374,
    "testsRegistered": 5,
    "passPercent": 100,
    "pendingPercent": 0,
    "other": 0,
    "hasOther": false,
    "skipped": 0,
    "hasSkipped": false
  },
  "results": [
    {
      "uuid": "acaeab02-4ad9-4299-b491-9e5dbba97125",
      "title": "",
      "fullFile": "cypress\\tests\\MaintenanceCommodities.feature",
      "file": "cypress\\tests\\MaintenanceCommodities.feature",
      "beforeHooks": [],
      "afterHooks": [],
      "tests": [],
      "suites": [
        {
          "uuid": "53a2e05f-4d17-4cc3-afec-b02150228711",
          "title": "Commodity Create, Edit and Inactivate in Maintenance Module",
          "fullFile": "",
          "file": "",
          "beforeHooks": [],
          "afterHooks": [],
          "tests": [
            {
              "title": "Add CommodityCode with lenght less than 4",
              "fullTitle": "Commodity Create, Edit and Inactivate in Maintenance Module Add CommodityCode with lenght less than 4",
              "timedOut": null,
              "duration": 26115,
              "state": "passed",
              "speed": "slow",
              "pass": true,
              "fail": false,
              "pending": false,
              "context": null,
              "code": "const state = window.testState;\nreturn cy\n  .then(() => state.onStartScenario(scenario, indexedSteps))\n  .then(() =>\n    resolveAndRunBeforeHooks.call(this, scenario.tags, state.feature.name)\n  )\n  .then(() =>\n    indexedSteps.forEach((step) =>\n      stepTest.call(this, state, step, rowData)\n    )\n  )\n  .then(() =>\n    resolveAndRunAfterHooks.call(this, scenario.tags, state.feature.name)\n  )\n  .then(() => state.onFinishScenario(scenario));",
              "err": {},
              "uuid": "68f518e7-47e8-484e-a597-a49e442a3581",
              "parentUUID": "53a2e05f-4d17-4cc3-afec-b02150228711",
              "isHook": false,
              "skipped": false
            },
            {
              "title": "Add Commodity",
              "fullTitle": "Commodity Create, Edit and Inactivate in Maintenance Module Add Commodity",
              "timedOut": null,
              "duration": 3297,
              "state": "passed",
              "speed": "slow",
              "pass": true,
              "fail": false,
              "pending": false,
              "context": null,
              "code": "const state = window.testState;\nreturn cy\n  .then(() => state.onStartScenario(scenario, indexedSteps))\n  .then(() =>\n    resolveAndRunBeforeHooks.call(this, scenario.tags, state.feature.name)\n  )\n  .then(() =>\n    indexedSteps.forEach((step) =>\n      stepTest.call(this, state, step, rowData)\n    )\n  )\n  .then(() =>\n    resolveAndRunAfterHooks.call(this, scenario.tags, state.feature.name)\n  )\n  .then(() => state.onFinishScenario(scenario));",
              "err": {},
              "uuid": "02e90db8-c6f1-4f6a-9641-88aedf8bd3bb",
              "parentUUID": "53a2e05f-4d17-4cc3-afec-b02150228711",
              "isHook": false,
              "skipped": false
            },
            {
              "title": "Search for the commodity by name",
              "fullTitle": "Commodity Create, Edit and Inactivate in Maintenance Module Search for the commodity by name",
              "timedOut": null,
              "duration": 1632,
              "state": "passed",
              "speed": "slow",
              "pass": true,
              "fail": false,
              "pending": false,
              "context": null,
              "code": "const state = window.testState;\nreturn cy\n  .then(() => state.onStartScenario(scenario, indexedSteps))\n  .then(() =>\n    resolveAndRunBeforeHooks.call(this, scenario.tags, state.feature.name)\n  )\n  .then(() =>\n    indexedSteps.forEach((step) =>\n      stepTest.call(this, state, step, rowData)\n    )\n  )\n  .then(() =>\n    resolveAndRunAfterHooks.call(this, scenario.tags, state.feature.name)\n  )\n  .then(() => state.onFinishScenario(scenario));",
              "err": {},
              "uuid": "2b6173ce-8a86-40ea-a766-ade2b9340ed3",
              "parentUUID": "53a2e05f-4d17-4cc3-afec-b02150228711",
              "isHook": false,
              "skipped": false
            },
            {
              "title": "Open the commodity",
              "fullTitle": "Commodity Create, Edit and Inactivate in Maintenance Module Open the commodity",
              "timedOut": null,
              "duration": 547,
              "state": "passed",
              "speed": "slow",
              "pass": true,
              "fail": false,
              "pending": false,
              "context": null,
              "code": "const state = window.testState;\nreturn cy\n  .then(() => state.onStartScenario(scenario, indexedSteps))\n  .then(() =>\n    resolveAndRunBeforeHooks.call(this, scenario.tags, state.feature.name)\n  )\n  .then(() =>\n    indexedSteps.forEach((step) =>\n      stepTest.call(this, state, step, rowData)\n    )\n  )\n  .then(() =>\n    resolveAndRunAfterHooks.call(this, scenario.tags, state.feature.name)\n  )\n  .then(() => state.onFinishScenario(scenario));",
              "err": {},
              "uuid": "1fa1928b-ac92-4f24-b28a-0f6e74e25672",
              "parentUUID": "53a2e05f-4d17-4cc3-afec-b02150228711",
              "isHook": false,
              "skipped": false
            },
            {
              "title": "Edit the commodity",
              "fullTitle": "Commodity Create, Edit and Inactivate in Maintenance Module Edit the commodity",
              "timedOut": null,
              "duration": 5026,
              "state": "passed",
              "speed": "slow",
              "pass": true,
              "fail": false,
              "pending": false,
              "context": null,
              "code": "const state = window.testState;\nreturn cy\n  .then(() => state.onStartScenario(scenario, indexedSteps))\n  .then(() =>\n    resolveAndRunBeforeHooks.call(this, scenario.tags, state.feature.name)\n  )\n  .then(() =>\n    indexedSteps.forEach((step) =>\n      stepTest.call(this, state, step, rowData)\n    )\n  )\n  .then(() =>\n    resolveAndRunAfterHooks.call(this, scenario.tags, state.feature.name)\n  )\n  .then(() => state.onFinishScenario(scenario));",
              "err": {},
              "uuid": "7193784a-05a7-46b5-9c00-cd5f5d2282bd",
              "parentUUID": "53a2e05f-4d17-4cc3-afec-b02150228711",
              "isHook": false,
              "skipped": false
            }
          ],
          "suites": [],
          "passes": [
            "68f518e7-47e8-484e-a597-a49e442a3581",
            "02e90db8-c6f1-4f6a-9641-88aedf8bd3bb",
            "2b6173ce-8a86-40ea-a766-ade2b9340ed3",
            "1fa1928b-ac92-4f24-b28a-0f6e74e25672",
            "7193784a-05a7-46b5-9c00-cd5f5d2282bd"
          ],
          "failures": [],
          "pending": [],
          "skipped": [],
          "duration": 36617,
          "root": false,
          "rootEmpty": false,
          "_timeout": 2000
        }
      ],
      "passes": [],
      "failures": [],
      "pending": [],
      "skipped": [],
      "duration": 0,
      "root": true,
      "rootEmpty": true,
      "_timeout": 2000
    }
  ],
  "meta": {
    "mocha": {
      "version": "7.0.1"
    },
    "mochawesome": {
      "options": {
        "quiet": false,
        "reportFilename": "mochawesome",
        "saveHtml": false,
        "saveJson": true,
        "consoleReporter": "spec",
        "useInlineDiffs": false
      },
      "version": "4.1.0"
    },
    "marge": {
      "options": {
        "id": "default",
        "reportDir": "./mochawesome-report",
        "quite": true,
        "overwrite": false,
        "html": false,
        "json": true
      },
      "version": "4.0.1"
    }
  }
}