{
  "stats": {
    "suites": 1,
    "tests": 4,
    "passes": 4,
    "pending": 0,
    "failures": 0,
    "start": "2021-06-07T12:25:56.534Z",
    "end": "2021-06-07T12:26:39.536Z",
    "duration": 43002,
    "testsRegistered": 4,
    "passPercent": 100,
    "pendingPercent": 0,
    "other": 0,
    "hasOther": false,
    "skipped": 0,
    "hasSkipped": false
  },
  "results": [
    {
      "uuid": "c0b70c5a-0531-417d-9809-ae132580c7ac",
      "title": "",
      "fullFile": "cypress\\tests\\MaintenanceRegions.feature",
      "file": "cypress\\tests\\MaintenanceRegions.feature",
      "beforeHooks": [],
      "afterHooks": [],
      "tests": [],
      "suites": [
        {
          "uuid": "87bee310-7a4a-4e5d-bf64-4fde89dd3b8f",
          "title": "Region Create, Edit and Inactivate in Maintenance Module",
          "fullFile": "",
          "file": "",
          "beforeHooks": [],
          "afterHooks": [],
          "tests": [
            {
              "title": "Add region",
              "fullTitle": "Region Create, Edit and Inactivate in Maintenance Module Add region",
              "timedOut": null,
              "duration": 31688,
              "state": "passed",
              "speed": "slow",
              "pass": true,
              "fail": false,
              "pending": false,
              "context": null,
              "code": "const state = window.testState;\nreturn cy\n  .then(() => state.onStartScenario(scenario, indexedSteps))\n  .then(() =>\n    resolveAndRunBeforeHooks.call(this, scenario.tags, state.feature.name)\n  )\n  .then(() =>\n    indexedSteps.forEach((step) =>\n      stepTest.call(this, state, step, rowData)\n    )\n  )\n  .then(() =>\n    resolveAndRunAfterHooks.call(this, scenario.tags, state.feature.name)\n  )\n  .then(() => state.onFinishScenario(scenario));",
              "err": {},
              "uuid": "a5685733-6678-4308-984b-245ee3f800aa",
              "parentUUID": "87bee310-7a4a-4e5d-bf64-4fde89dd3b8f",
              "isHook": false,
              "skipped": false
            },
            {
              "title": "Search for the region by name",
              "fullTitle": "Region Create, Edit and Inactivate in Maintenance Module Search for the region by name",
              "timedOut": null,
              "duration": 1728,
              "state": "passed",
              "speed": "slow",
              "pass": true,
              "fail": false,
              "pending": false,
              "context": null,
              "code": "const state = window.testState;\nreturn cy\n  .then(() => state.onStartScenario(scenario, indexedSteps))\n  .then(() =>\n    resolveAndRunBeforeHooks.call(this, scenario.tags, state.feature.name)\n  )\n  .then(() =>\n    indexedSteps.forEach((step) =>\n      stepTest.call(this, state, step, rowData)\n    )\n  )\n  .then(() =>\n    resolveAndRunAfterHooks.call(this, scenario.tags, state.feature.name)\n  )\n  .then(() => state.onFinishScenario(scenario));",
              "err": {},
              "uuid": "f4330d31-8ee7-4aa5-a190-6ac28f5554b6",
              "parentUUID": "87bee310-7a4a-4e5d-bf64-4fde89dd3b8f",
              "isHook": false,
              "skipped": false
            },
            {
              "title": "Open the region",
              "fullTitle": "Region Create, Edit and Inactivate in Maintenance Module Open the region",
              "timedOut": null,
              "duration": 214,
              "state": "passed",
              "speed": "slow",
              "pass": true,
              "fail": false,
              "pending": false,
              "context": null,
              "code": "const state = window.testState;\nreturn cy\n  .then(() => state.onStartScenario(scenario, indexedSteps))\n  .then(() =>\n    resolveAndRunBeforeHooks.call(this, scenario.tags, state.feature.name)\n  )\n  .then(() =>\n    indexedSteps.forEach((step) =>\n      stepTest.call(this, state, step, rowData)\n    )\n  )\n  .then(() =>\n    resolveAndRunAfterHooks.call(this, scenario.tags, state.feature.name)\n  )\n  .then(() => state.onFinishScenario(scenario));",
              "err": {},
              "uuid": "a4cf8ea8-1682-4a8f-83cb-d0df4c52e92a",
              "parentUUID": "87bee310-7a4a-4e5d-bf64-4fde89dd3b8f",
              "isHook": false,
              "skipped": false
            },
            {
              "title": "Edit the region",
              "fullTitle": "Region Create, Edit and Inactivate in Maintenance Module Edit the region",
              "timedOut": null,
              "duration": 5743,
              "state": "passed",
              "speed": "slow",
              "pass": true,
              "fail": false,
              "pending": false,
              "context": null,
              "code": "const state = window.testState;\nreturn cy\n  .then(() => state.onStartScenario(scenario, indexedSteps))\n  .then(() =>\n    resolveAndRunBeforeHooks.call(this, scenario.tags, state.feature.name)\n  )\n  .then(() =>\n    indexedSteps.forEach((step) =>\n      stepTest.call(this, state, step, rowData)\n    )\n  )\n  .then(() =>\n    resolveAndRunAfterHooks.call(this, scenario.tags, state.feature.name)\n  )\n  .then(() => state.onFinishScenario(scenario));",
              "err": {},
              "uuid": "5eb7df77-dea4-4d0a-8d75-519cb5fae774",
              "parentUUID": "87bee310-7a4a-4e5d-bf64-4fde89dd3b8f",
              "isHook": false,
              "skipped": false
            }
          ],
          "suites": [],
          "passes": [
            "a5685733-6678-4308-984b-245ee3f800aa",
            "f4330d31-8ee7-4aa5-a190-6ac28f5554b6",
            "a4cf8ea8-1682-4a8f-83cb-d0df4c52e92a",
            "5eb7df77-dea4-4d0a-8d75-519cb5fae774"
          ],
          "failures": [],
          "pending": [],
          "skipped": [],
          "duration": 39373,
          "root": false,
          "rootEmpty": false,
          "_timeout": 2000
        }
      ],
      "passes": [],
      "failures": [],
      "pending": [],
      "skipped": [],
      "duration": 0,
      "root": true,
      "rootEmpty": true,
      "_timeout": 2000
    }
  ],
  "meta": {
    "mocha": {
      "version": "7.0.1"
    },
    "mochawesome": {
      "options": {
        "quiet": false,
        "reportFilename": "mochawesome",
        "saveHtml": false,
        "saveJson": true,
        "consoleReporter": "spec",
        "useInlineDiffs": false
      },
      "version": "4.1.0"
    },
    "marge": {
      "options": {
        "id": "default",
        "reportDir": "./mochawesome-report",
        "quite": true,
        "overwrite": false,
        "html": false,
        "json": true
      },
      "version": "4.0.1"
    }
  }
}