{
  "stats": {
    "suites": 1,
    "tests": 9,
    "passes": 9,
    "pending": 0,
    "failures": 0,
    "start": "2021-06-07T11:17:31.215Z",
    "end": "2021-06-07T11:19:33.649Z",
    "duration": 122434,
    "testsRegistered": 9,
    "passPercent": 100,
    "pendingPercent": 0,
    "other": 0,
    "hasOther": false,
    "skipped": 0,
    "hasSkipped": false
  },
  "results": [
    {
      "uuid": "f6a1a63e-7b74-4eea-8028-e3d16ffe2fa3",
      "title": "",
      "fullFile": "cypress\\tests\\MaintenanceInvoiceSettings.feature",
      "file": "cypress\\tests\\MaintenanceInvoiceSettings.feature",
      "beforeHooks": [],
      "afterHooks": [],
      "tests": [],
      "suites": [
        {
          "uuid": "ee02897c-ceba-41ef-8965-5c5c4a7f582d",
          "title": "Disable Then Enable Voiding Invoice from Maintenance",
          "fullFile": "",
          "file": "",
          "beforeHooks": [],
          "afterHooks": [],
          "tests": [
            {
              "title": "Disable void invoice settings",
              "fullTitle": "Disable Then Enable Voiding Invoice from Maintenance Disable void invoice settings",
              "timedOut": null,
              "duration": 24667,
              "state": "passed",
              "speed": "slow",
              "pass": true,
              "fail": false,
              "pending": false,
              "context": null,
              "code": "const state = window.testState;\nreturn cy\n  .then(() => state.onStartScenario(scenario, indexedSteps))\n  .then(() =>\n    resolveAndRunBeforeHooks.call(this, scenario.tags, state.feature.name)\n  )\n  .then(() =>\n    indexedSteps.forEach((step) =>\n      stepTest.call(this, state, step, rowData)\n    )\n  )\n  .then(() =>\n    resolveAndRunAfterHooks.call(this, scenario.tags, state.feature.name)\n  )\n  .then(() => state.onFinishScenario(scenario));",
              "err": {},
              "uuid": "bb4f4283-13ec-4c34-a9be-e8261a7b4895",
              "parentUUID": "ee02897c-ceba-41ef-8965-5c5c4a7f582d",
              "isHook": false,
              "skipped": false
            },
            {
              "title": "Update Accounting System",
              "fullTitle": "Disable Then Enable Voiding Invoice from Maintenance Update Accounting System",
              "timedOut": null,
              "duration": 5088,
              "state": "passed",
              "speed": "slow",
              "pass": true,
              "fail": false,
              "pending": false,
              "context": null,
              "code": "const state = window.testState;\nreturn cy\n  .then(() => state.onStartScenario(scenario, indexedSteps))\n  .then(() =>\n    resolveAndRunBeforeHooks.call(this, scenario.tags, state.feature.name)\n  )\n  .then(() =>\n    indexedSteps.forEach((step) =>\n      stepTest.call(this, state, step, rowData)\n    )\n  )\n  .then(() =>\n    resolveAndRunAfterHooks.call(this, scenario.tags, state.feature.name)\n  )\n  .then(() => state.onFinishScenario(scenario));",
              "err": {},
              "uuid": "d31ddd36-3b99-4c1b-9462-1cb80888748d",
              "parentUUID": "ee02897c-ceba-41ef-8965-5c5c4a7f582d",
              "isHook": false,
              "skipped": false
            },
            {
              "title": "Create direct export air shipment",
              "fullTitle": "Disable Then Enable Voiding Invoice from Maintenance Create direct export air shipment",
              "timedOut": null,
              "duration": 18396,
              "state": "passed",
              "speed": "slow",
              "pass": true,
              "fail": false,
              "pending": false,
              "context": null,
              "code": "const state = window.testState;\nreturn cy\n  .then(() => state.onStartScenario(scenario, indexedSteps))\n  .then(() =>\n    resolveAndRunBeforeHooks.call(this, scenario.tags, state.feature.name)\n  )\n  .then(() =>\n    indexedSteps.forEach((step) =>\n      stepTest.call(this, state, step, rowData)\n    )\n  )\n  .then(() =>\n    resolveAndRunAfterHooks.call(this, scenario.tags, state.feature.name)\n  )\n  .then(() => state.onFinishScenario(scenario));",
              "err": {},
              "uuid": "21646fc7-9e83-4167-ab29-deb43b683d25",
              "parentUUID": "ee02897c-ceba-41ef-8965-5c5c4a7f582d",
              "isHook": false,
              "skipped": false
            },
            {
              "title": "Add receivable",
              "fullTitle": "Disable Then Enable Voiding Invoice from Maintenance Add receivable",
              "timedOut": null,
              "duration": 17174,
              "state": "passed",
              "speed": "slow",
              "pass": true,
              "fail": false,
              "pending": false,
              "context": null,
              "code": "const state = window.testState;\nreturn cy\n  .then(() => state.onStartScenario(scenario, indexedSteps))\n  .then(() =>\n    resolveAndRunBeforeHooks.call(this, scenario.tags, state.feature.name)\n  )\n  .then(() =>\n    indexedSteps.forEach((step) =>\n      stepTest.call(this, state, step, rowData)\n    )\n  )\n  .then(() =>\n    resolveAndRunAfterHooks.call(this, scenario.tags, state.feature.name)\n  )\n  .then(() => state.onFinishScenario(scenario));",
              "err": {},
              "uuid": "97641d1f-44e6-489d-aa96-c40dae81f1b2",
              "parentUUID": "ee02897c-ceba-41ef-8965-5c5c4a7f582d",
              "isHook": false,
              "skipped": false
            },
            {
              "title": "Create AR invoice",
              "fullTitle": "Disable Then Enable Voiding Invoice from Maintenance Create AR invoice",
              "timedOut": null,
              "duration": 24752,
              "state": "passed",
              "speed": "slow",
              "pass": true,
              "fail": false,
              "pending": false,
              "context": null,
              "code": "const state = window.testState;\nreturn cy\n  .then(() => state.onStartScenario(scenario, indexedSteps))\n  .then(() =>\n    resolveAndRunBeforeHooks.call(this, scenario.tags, state.feature.name)\n  )\n  .then(() =>\n    indexedSteps.forEach((step) =>\n      stepTest.call(this, state, step, rowData)\n    )\n  )\n  .then(() =>\n    resolveAndRunAfterHooks.call(this, scenario.tags, state.feature.name)\n  )\n  .then(() => state.onFinishScenario(scenario));",
              "err": {},
              "uuid": "b23f2d0c-f48a-41ca-86c5-aeaaec6983d5",
              "parentUUID": "ee02897c-ceba-41ef-8965-5c5c4a7f582d",
              "isHook": false,
              "skipped": false
            },
            {
              "title": "Approve ARInvoice",
              "fullTitle": "Disable Then Enable Voiding Invoice from Maintenance Approve ARInvoice",
              "timedOut": null,
              "duration": 5309,
              "state": "passed",
              "speed": "slow",
              "pass": true,
              "fail": false,
              "pending": false,
              "context": null,
              "code": "const state = window.testState;\nreturn cy\n  .then(() => state.onStartScenario(scenario, indexedSteps))\n  .then(() =>\n    resolveAndRunBeforeHooks.call(this, scenario.tags, state.feature.name)\n  )\n  .then(() =>\n    indexedSteps.forEach((step) =>\n      stepTest.call(this, state, step, rowData)\n    )\n  )\n  .then(() =>\n    resolveAndRunAfterHooks.call(this, scenario.tags, state.feature.name)\n  )\n  .then(() => state.onFinishScenario(scenario));",
              "err": {},
              "uuid": "6f4fa206-8961-4e75-bb95-34b91c9735bd",
              "parentUUID": "ee02897c-ceba-41ef-8965-5c5c4a7f582d",
              "isHook": false,
              "skipped": false
            },
            {
              "title": "Void ARInvoice",
              "fullTitle": "Disable Then Enable Voiding Invoice from Maintenance Void ARInvoice",
              "timedOut": null,
              "duration": 3523,
              "state": "passed",
              "speed": "slow",
              "pass": true,
              "fail": false,
              "pending": false,
              "context": null,
              "code": "const state = window.testState;\nreturn cy\n  .then(() => state.onStartScenario(scenario, indexedSteps))\n  .then(() =>\n    resolveAndRunBeforeHooks.call(this, scenario.tags, state.feature.name)\n  )\n  .then(() =>\n    indexedSteps.forEach((step) =>\n      stepTest.call(this, state, step, rowData)\n    )\n  )\n  .then(() =>\n    resolveAndRunAfterHooks.call(this, scenario.tags, state.feature.name)\n  )\n  .then(() => state.onFinishScenario(scenario));",
              "err": {},
              "uuid": "d8adbe05-9373-43da-a1e1-a8bd36fecdd6",
              "parentUUID": "ee02897c-ceba-41ef-8965-5c5c4a7f582d",
              "isHook": false,
              "skipped": false
            },
            {
              "title": "Enable void invoice settings",
              "fullTitle": "Disable Then Enable Voiding Invoice from Maintenance Enable void invoice settings",
              "timedOut": null,
              "duration": 7007,
              "state": "passed",
              "speed": "slow",
              "pass": true,
              "fail": false,
              "pending": false,
              "context": null,
              "code": "const state = window.testState;\nreturn cy\n  .then(() => state.onStartScenario(scenario, indexedSteps))\n  .then(() =>\n    resolveAndRunBeforeHooks.call(this, scenario.tags, state.feature.name)\n  )\n  .then(() =>\n    indexedSteps.forEach((step) =>\n      stepTest.call(this, state, step, rowData)\n    )\n  )\n  .then(() =>\n    resolveAndRunAfterHooks.call(this, scenario.tags, state.feature.name)\n  )\n  .then(() => state.onFinishScenario(scenario));",
              "err": {},
              "uuid": "e41a106c-8b04-415d-ba48-a2517fb847eb",
              "parentUUID": "ee02897c-ceba-41ef-8965-5c5c4a7f582d",
              "isHook": false,
              "skipped": false
            },
            {
              "title": "Void ARInvoice",
              "fullTitle": "Disable Then Enable Voiding Invoice from Maintenance Void ARInvoice",
              "timedOut": null,
              "duration": 13821,
              "state": "passed",
              "speed": "slow",
              "pass": true,
              "fail": false,
              "pending": false,
              "context": null,
              "code": "const state = window.testState;\nreturn cy\n  .then(() => state.onStartScenario(scenario, indexedSteps))\n  .then(() =>\n    resolveAndRunBeforeHooks.call(this, scenario.tags, state.feature.name)\n  )\n  .then(() =>\n    indexedSteps.forEach((step) =>\n      stepTest.call(this, state, step, rowData)\n    )\n  )\n  .then(() =>\n    resolveAndRunAfterHooks.call(this, scenario.tags, state.feature.name)\n  )\n  .then(() => state.onFinishScenario(scenario));",
              "err": {},
              "uuid": "aca24b2d-5864-4f64-b186-41bfc7922466",
              "parentUUID": "ee02897c-ceba-41ef-8965-5c5c4a7f582d",
              "isHook": false,
              "skipped": false
            }
          ],
          "suites": [],
          "passes": [
            "bb4f4283-13ec-4c34-a9be-e8261a7b4895",
            "d31ddd36-3b99-4c1b-9462-1cb80888748d",
            "21646fc7-9e83-4167-ab29-deb43b683d25",
            "97641d1f-44e6-489d-aa96-c40dae81f1b2",
            "b23f2d0c-f48a-41ca-86c5-aeaaec6983d5",
            "6f4fa206-8961-4e75-bb95-34b91c9735bd",
            "d8adbe05-9373-43da-a1e1-a8bd36fecdd6",
            "e41a106c-8b04-415d-ba48-a2517fb847eb",
            "aca24b2d-5864-4f64-b186-41bfc7922466"
          ],
          "failures": [],
          "pending": [],
          "skipped": [],
          "duration": 119737,
          "root": false,
          "rootEmpty": false,
          "_timeout": 2000
        }
      ],
      "passes": [],
      "failures": [],
      "pending": [],
      "skipped": [],
      "duration": 0,
      "root": true,
      "rootEmpty": true,
      "_timeout": 2000
    }
  ],
  "meta": {
    "mocha": {
      "version": "7.0.1"
    },
    "mochawesome": {
      "options": {
        "quiet": false,
        "reportFilename": "mochawesome",
        "saveHtml": false,
        "saveJson": true,
        "consoleReporter": "spec",
        "useInlineDiffs": false
      },
      "version": "4.1.0"
    },
    "marge": {
      "options": {
        "id": "default",
        "reportDir": "./mochawesome-report",
        "quite": true,
        "overwrite": false,
        "html": false,
        "json": true
      },
      "version": "4.0.1"
    }
  }
}