{
  "stats": {
    "suites": 1,
    "tests": 5,
    "passes": 5,
    "pending": 0,
    "failures": 0,
    "start": "2021-06-07T12:47:24.592Z",
    "end": "2021-06-07T12:48:16.599Z",
    "duration": 52007,
    "testsRegistered": 5,
    "passPercent": 100,
    "pendingPercent": 0,
    "other": 0,
    "hasOther": false,
    "skipped": 0,
    "hasSkipped": false
  },
  "results": [
    {
      "uuid": "fe79369b-8b44-4b7f-88e7-6b3a8c67f649",
      "title": "",
      "fullFile": "cypress\\tests\\MaintenanceVendors.feature",
      "file": "cypress\\tests\\MaintenanceVendors.feature",
      "beforeHooks": [],
      "afterHooks": [],
      "tests": [],
      "suites": [
        {
          "uuid": "ab0e6aeb-8171-4b66-8c62-bc9f95c7e21d",
          "title": "Vendor Create, Search and Edit from Maintenance",
          "fullFile": "",
          "file": "",
          "beforeHooks": [],
          "afterHooks": [],
          "tests": [
            {
              "title": "Create new vendor",
              "fullTitle": "Vendor Create, Search and Edit from Maintenance Create new vendor",
              "timedOut": null,
              "duration": 40599,
              "state": "passed",
              "speed": "slow",
              "pass": true,
              "fail": false,
              "pending": false,
              "context": null,
              "code": "const state = window.testState;\nreturn cy\n  .then(() => state.onStartScenario(scenario, indexedSteps))\n  .then(() =>\n    resolveAndRunBeforeHooks.call(this, scenario.tags, state.feature.name)\n  )\n  .then(() =>\n    indexedSteps.forEach((step) =>\n      stepTest.call(this, state, step, rowData)\n    )\n  )\n  .then(() =>\n    resolveAndRunAfterHooks.call(this, scenario.tags, state.feature.name)\n  )\n  .then(() => state.onFinishScenario(scenario));",
              "err": {},
              "uuid": "7703eba6-7daa-4606-adea-aaf28bdd498b",
              "parentUUID": "ab0e6aeb-8171-4b66-8c62-bc9f95c7e21d",
              "isHook": false,
              "skipped": false
            },
            {
              "title": "Search for the vendor by code",
              "fullTitle": "Vendor Create, Search and Edit from Maintenance Search for the vendor by code",
              "timedOut": null,
              "duration": 1662,
              "state": "passed",
              "speed": "slow",
              "pass": true,
              "fail": false,
              "pending": false,
              "context": null,
              "code": "const state = window.testState;\nreturn cy\n  .then(() => state.onStartScenario(scenario, indexedSteps))\n  .then(() =>\n    resolveAndRunBeforeHooks.call(this, scenario.tags, state.feature.name)\n  )\n  .then(() =>\n    indexedSteps.forEach((step) =>\n      stepTest.call(this, state, step, rowData)\n    )\n  )\n  .then(() =>\n    resolveAndRunAfterHooks.call(this, scenario.tags, state.feature.name)\n  )\n  .then(() => state.onFinishScenario(scenario));",
              "err": {},
              "uuid": "56b537f2-9136-4f03-a67c-a85c9e99ca9e",
              "parentUUID": "ab0e6aeb-8171-4b66-8c62-bc9f95c7e21d",
              "isHook": false,
              "skipped": false
            },
            {
              "title": "Open the vendor",
              "fullTitle": "Vendor Create, Search and Edit from Maintenance Open the vendor",
              "timedOut": null,
              "duration": 915,
              "state": "passed",
              "speed": "slow",
              "pass": true,
              "fail": false,
              "pending": false,
              "context": null,
              "code": "const state = window.testState;\nreturn cy\n  .then(() => state.onStartScenario(scenario, indexedSteps))\n  .then(() =>\n    resolveAndRunBeforeHooks.call(this, scenario.tags, state.feature.name)\n  )\n  .then(() =>\n    indexedSteps.forEach((step) =>\n      stepTest.call(this, state, step, rowData)\n    )\n  )\n  .then(() =>\n    resolveAndRunAfterHooks.call(this, scenario.tags, state.feature.name)\n  )\n  .then(() => state.onFinishScenario(scenario));",
              "err": {},
              "uuid": "3a3542a2-6617-469c-8d08-bb68d78b9f0a",
              "parentUUID": "ab0e6aeb-8171-4b66-8c62-bc9f95c7e21d",
              "isHook": false,
              "skipped": false
            },
            {
              "title": "Edit the vendor",
              "fullTitle": "Vendor Create, Search and Edit from Maintenance Edit the vendor",
              "timedOut": null,
              "duration": 5492,
              "state": "passed",
              "speed": "slow",
              "pass": true,
              "fail": false,
              "pending": false,
              "context": null,
              "code": "const state = window.testState;\nreturn cy\n  .then(() => state.onStartScenario(scenario, indexedSteps))\n  .then(() =>\n    resolveAndRunBeforeHooks.call(this, scenario.tags, state.feature.name)\n  )\n  .then(() =>\n    indexedSteps.forEach((step) =>\n      stepTest.call(this, state, step, rowData)\n    )\n  )\n  .then(() =>\n    resolveAndRunAfterHooks.call(this, scenario.tags, state.feature.name)\n  )\n  .then(() => state.onFinishScenario(scenario));",
              "err": {},
              "uuid": "0c09ac65-ee04-4e3f-8a9e-efa4bfca109b",
              "parentUUID": "ab0e6aeb-8171-4b66-8c62-bc9f95c7e21d",
              "isHook": false,
              "skipped": false
            },
            {
              "title": "Save and close the vendor",
              "fullTitle": "Vendor Create, Search and Edit from Maintenance Save and close the vendor",
              "timedOut": null,
              "duration": 1284,
              "state": "passed",
              "speed": "slow",
              "pass": true,
              "fail": false,
              "pending": false,
              "context": null,
              "code": "const state = window.testState;\nreturn cy\n  .then(() => state.onStartScenario(scenario, indexedSteps))\n  .then(() =>\n    resolveAndRunBeforeHooks.call(this, scenario.tags, state.feature.name)\n  )\n  .then(() =>\n    indexedSteps.forEach((step) =>\n      stepTest.call(this, state, step, rowData)\n    )\n  )\n  .then(() =>\n    resolveAndRunAfterHooks.call(this, scenario.tags, state.feature.name)\n  )\n  .then(() => state.onFinishScenario(scenario));",
              "err": {},
              "uuid": "ac6069b9-6098-4a5e-a233-4c0029a0ab28",
              "parentUUID": "ab0e6aeb-8171-4b66-8c62-bc9f95c7e21d",
              "isHook": false,
              "skipped": false
            }
          ],
          "suites": [],
          "passes": [
            "7703eba6-7daa-4606-adea-aaf28bdd498b",
            "56b537f2-9136-4f03-a67c-a85c9e99ca9e",
            "3a3542a2-6617-469c-8d08-bb68d78b9f0a",
            "0c09ac65-ee04-4e3f-8a9e-efa4bfca109b",
            "ac6069b9-6098-4a5e-a233-4c0029a0ab28"
          ],
          "failures": [],
          "pending": [],
          "skipped": [],
          "duration": 49952,
          "root": false,
          "rootEmpty": false,
          "_timeout": 2000
        }
      ],
      "passes": [],
      "failures": [],
      "pending": [],
      "skipped": [],
      "duration": 0,
      "root": true,
      "rootEmpty": true,
      "_timeout": 2000
    }
  ],
  "meta": {
    "mocha": {
      "version": "7.0.1"
    },
    "mochawesome": {
      "options": {
        "quiet": false,
        "reportFilename": "mochawesome",
        "saveHtml": false,
        "saveJson": true,
        "consoleReporter": "spec",
        "useInlineDiffs": false
      },
      "version": "4.1.0"
    },
    "marge": {
      "options": {
        "id": "default",
        "reportDir": "./mochawesome-report",
        "quite": true,
        "overwrite": false,
        "html": false,
        "json": true
      },
      "version": "4.0.1"
    }
  }
}