{
  "stats": {
    "suites": 1,
    "tests": 3,
    "passes": 3,
    "pending": 0,
    "failures": 0,
    "start": "2021-06-07T11:16:27.853Z",
    "end": "2021-06-07T11:17:25.996Z",
    "duration": 58143,
    "testsRegistered": 3,
    "passPercent": 100,
    "pendingPercent": 0,
    "other": 0,
    "hasOther": false,
    "skipped": 0,
    "hasSkipped": false
  },
  "results": [
    {
      "uuid": "05185e01-ef7d-47da-ab2d-fbd8d7436f60",
      "title": "",
      "fullFile": "cypress\\tests\\MaintenanceCustomerSettings.feature",
      "file": "cypress\\tests\\MaintenanceCustomerSettings.feature",
      "beforeHooks": [],
      "afterHooks": [],
      "tests": [],
      "suites": [
        {
          "uuid": "5e09e88f-fb68-4c5a-8275-0cb1a6ef20d8",
          "title": "Update customers settings from Maintenance",
          "fullFile": "",
          "file": "",
          "beforeHooks": [],
          "afterHooks": [],
          "tests": [
            {
              "title": "Enable phone, fax and address 1 to be mandatory",
              "fullTitle": "Update customers settings from Maintenance Enable phone, fax and address 1 to be mandatory",
              "timedOut": null,
              "duration": 27921,
              "state": "passed",
              "speed": "slow",
              "pass": true,
              "fail": false,
              "pending": false,
              "context": null,
              "code": "const state = window.testState;\nreturn cy\n  .then(() => state.onStartScenario(scenario, indexedSteps))\n  .then(() =>\n    resolveAndRunBeforeHooks.call(this, scenario.tags, state.feature.name)\n  )\n  .then(() =>\n    indexedSteps.forEach((step) =>\n      stepTest.call(this, state, step, rowData)\n    )\n  )\n  .then(() =>\n    resolveAndRunAfterHooks.call(this, scenario.tags, state.feature.name)\n  )\n  .then(() => state.onFinishScenario(scenario));",
              "err": {},
              "uuid": "5f9c19e6-dc0e-4e07-be5c-5c6b5399f451",
              "parentUUID": "5e09e88f-fb68-4c5a-8275-0cb1a6ef20d8",
              "isHook": false,
              "skipped": false
            },
            {
              "title": "Add potential customer",
              "fullTitle": "Update customers settings from Maintenance Add potential customer",
              "timedOut": null,
              "duration": 16857,
              "state": "passed",
              "speed": "slow",
              "pass": true,
              "fail": false,
              "pending": false,
              "context": null,
              "code": "const state = window.testState;\nreturn cy\n  .then(() => state.onStartScenario(scenario, indexedSteps))\n  .then(() =>\n    resolveAndRunBeforeHooks.call(this, scenario.tags, state.feature.name)\n  )\n  .then(() =>\n    indexedSteps.forEach((step) =>\n      stepTest.call(this, state, step, rowData)\n    )\n  )\n  .then(() =>\n    resolveAndRunAfterHooks.call(this, scenario.tags, state.feature.name)\n  )\n  .then(() => state.onFinishScenario(scenario));",
              "err": {},
              "uuid": "bc38f9e4-abdd-4caf-a831-b5a182e49047",
              "parentUUID": "5e09e88f-fb68-4c5a-8275-0cb1a6ef20d8",
              "isHook": false,
              "skipped": false
            },
            {
              "title": "Activate customer",
              "fullTitle": "Update customers settings from Maintenance Activate customer",
              "timedOut": null,
              "duration": 10937,
              "state": "passed",
              "speed": "slow",
              "pass": true,
              "fail": false,
              "pending": false,
              "context": null,
              "code": "const state = window.testState;\nreturn cy\n  .then(() => state.onStartScenario(scenario, indexedSteps))\n  .then(() =>\n    resolveAndRunBeforeHooks.call(this, scenario.tags, state.feature.name)\n  )\n  .then(() =>\n    indexedSteps.forEach((step) =>\n      stepTest.call(this, state, step, rowData)\n    )\n  )\n  .then(() =>\n    resolveAndRunAfterHooks.call(this, scenario.tags, state.feature.name)\n  )\n  .then(() => state.onFinishScenario(scenario));",
              "err": {},
              "uuid": "14fec4b0-b1ee-46ac-8643-092960fe3824",
              "parentUUID": "5e09e88f-fb68-4c5a-8275-0cb1a6ef20d8",
              "isHook": false,
              "skipped": false
            }
          ],
          "suites": [],
          "passes": [
            "5f9c19e6-dc0e-4e07-be5c-5c6b5399f451",
            "bc38f9e4-abdd-4caf-a831-b5a182e49047",
            "14fec4b0-b1ee-46ac-8643-092960fe3824"
          ],
          "failures": [],
          "pending": [],
          "skipped": [],
          "duration": 55715,
          "root": false,
          "rootEmpty": false,
          "_timeout": 2000
        }
      ],
      "passes": [],
      "failures": [],
      "pending": [],
      "skipped": [],
      "duration": 0,
      "root": true,
      "rootEmpty": true,
      "_timeout": 2000
    }
  ],
  "meta": {
    "mocha": {
      "version": "7.0.1"
    },
    "mochawesome": {
      "options": {
        "quiet": false,
        "reportFilename": "mochawesome",
        "saveHtml": false,
        "saveJson": true,
        "consoleReporter": "spec",
        "useInlineDiffs": false
      },
      "version": "4.1.0"
    },
    "marge": {
      "options": {
        "id": "default",
        "reportDir": "./mochawesome-report",
        "quite": true,
        "overwrite": false,
        "html": false,
        "json": true
      },
      "version": "4.0.1"
    }
  }
}