{
  "stats": {
    "suites": 1,
    "tests": 5,
    "passes": 4,
    "pending": 0,
    "failures": 1,
    "start": "2021-06-07T12:37:37.363Z",
    "end": "2021-06-07T12:44:13.373Z",
    "duration": 396010,
    "testsRegistered": 5,
    "passPercent": 80,
    "pendingPercent": 0,
    "other": 0,
    "hasOther": false,
    "skipped": 0,
    "hasSkipped": false
  },
  "results": [
    {
      "uuid": "b5d36923-6563-4784-8f9f-019a44c8b353",
      "title": "",
      "fullFile": "cypress\\tests\\MaintenanceSpecialServicesTypesDailyScenarios.feature",
      "file": "cypress\\tests\\MaintenanceSpecialServicesTypesDailyScenarios.feature",
      "beforeHooks": [],
      "afterHooks": [],
      "tests": [],
      "suites": [
        {
          "uuid": "7590f5db-f48c-4742-aba3-3cdc8555090b",
          "title": "Special Services Type fake Create and Edit in Maintenance Module",
          "fullFile": "",
          "file": "",
          "beforeHooks": [],
          "afterHooks": [],
          "tests": [
            {
              "title": "Add Special Services Type Code with lenght more than 8",
              "fullTitle": "Special Services Type fake Create and Edit in Maintenance Module Add Special Services Type Code with lenght more than 8",
              "timedOut": null,
              "duration": 24154,
              "state": "passed",
              "speed": "slow",
              "pass": true,
              "fail": false,
              "pending": false,
              "context": null,
              "code": "const state = window.testState;\nreturn cy\n  .then(() => state.onStartScenario(scenario, indexedSteps))\n  .then(() =>\n    resolveAndRunBeforeHooks.call(this, scenario.tags, state.feature.name)\n  )\n  .then(() =>\n    indexedSteps.forEach((step) =>\n      stepTest.call(this, state, step, rowData)\n    )\n  )\n  .then(() =>\n    resolveAndRunAfterHooks.call(this, scenario.tags, state.feature.name)\n  )\n  .then(() => state.onFinishScenario(scenario));",
              "err": {},
              "uuid": "9a61cf97-b8d3-47be-8023-8be321cf864d",
              "parentUUID": "7590f5db-f48c-4742-aba3-3cdc8555090b",
              "isHook": false,
              "skipped": false
            },
            {
              "title": "Create a new special services type",
              "fullTitle": "Special Services Type fake Create and Edit in Maintenance Module Create a new special services type",
              "timedOut": null,
              "duration": 4396,
              "state": "passed",
              "speed": "slow",
              "pass": true,
              "fail": false,
              "pending": false,
              "context": null,
              "code": "const state = window.testState;\nreturn cy\n  .then(() => state.onStartScenario(scenario, indexedSteps))\n  .then(() =>\n    resolveAndRunBeforeHooks.call(this, scenario.tags, state.feature.name)\n  )\n  .then(() =>\n    indexedSteps.forEach((step) =>\n      stepTest.call(this, state, step, rowData)\n    )\n  )\n  .then(() =>\n    resolveAndRunAfterHooks.call(this, scenario.tags, state.feature.name)\n  )\n  .then(() => state.onFinishScenario(scenario));",
              "err": {},
              "uuid": "9b74eae2-e827-4c49-87f7-fe4153ebf4b0",
              "parentUUID": "7590f5db-f48c-4742-aba3-3cdc8555090b",
              "isHook": false,
              "skipped": false
            },
            {
              "title": "Search for the special services type",
              "fullTitle": "Special Services Type fake Create and Edit in Maintenance Module Search for the special services type",
              "timedOut": null,
              "duration": 1892,
              "state": "passed",
              "speed": "slow",
              "pass": true,
              "fail": false,
              "pending": false,
              "context": null,
              "code": "const state = window.testState;\nreturn cy\n  .then(() => state.onStartScenario(scenario, indexedSteps))\n  .then(() =>\n    resolveAndRunBeforeHooks.call(this, scenario.tags, state.feature.name)\n  )\n  .then(() =>\n    indexedSteps.forEach((step) =>\n      stepTest.call(this, state, step, rowData)\n    )\n  )\n  .then(() =>\n    resolveAndRunAfterHooks.call(this, scenario.tags, state.feature.name)\n  )\n  .then(() => state.onFinishScenario(scenario));",
              "err": {},
              "uuid": "ab8416de-e6a3-4dcc-843c-af75aaf8642a",
              "parentUUID": "7590f5db-f48c-4742-aba3-3cdc8555090b",
              "isHook": false,
              "skipped": false
            },
            {
              "title": "Open the special services type",
              "fullTitle": "Special Services Type fake Create and Edit in Maintenance Module Open the special services type",
              "timedOut": null,
              "duration": 253,
              "state": "passed",
              "speed": "slow",
              "pass": true,
              "fail": false,
              "pending": false,
              "context": null,
              "code": "const state = window.testState;\nreturn cy\n  .then(() => state.onStartScenario(scenario, indexedSteps))\n  .then(() =>\n    resolveAndRunBeforeHooks.call(this, scenario.tags, state.feature.name)\n  )\n  .then(() =>\n    indexedSteps.forEach((step) =>\n      stepTest.call(this, state, step, rowData)\n    )\n  )\n  .then(() =>\n    resolveAndRunAfterHooks.call(this, scenario.tags, state.feature.name)\n  )\n  .then(() => state.onFinishScenario(scenario));",
              "err": {},
              "uuid": "38b56c49-604e-4400-b0af-c4dda1462816",
              "parentUUID": "7590f5db-f48c-4742-aba3-3cdc8555090b",
              "isHook": false,
              "skipped": false
            },
            {
              "title": "Edit the special services type",
              "fullTitle": "Special Services Type fake Create and Edit in Maintenance Module Edit the special services type",
              "timedOut": null,
              "duration": 362728,
              "state": "failed",
              "speed": null,
              "pass": false,
              "fail": true,
              "pending": false,
              "context": "\"screenshots/MaintenanceSpecialServicesTypesDailyScenarios.feature/Special Services Type fake Create and Edit in Maintenance Module -- Edit the special services type (failed).png\"",
              "code": "const state = window.testState;\nreturn cy\n  .then(() => state.onStartScenario(scenario, indexedSteps))\n  .then(() =>\n    resolveAndRunBeforeHooks.call(this, scenario.tags, state.feature.name)\n  )\n  .then(() =>\n    indexedSteps.forEach((step) =>\n      stepTest.call(this, state, step, rowData)\n    )\n  )\n  .then(() =>\n    resolveAndRunAfterHooks.call(this, scenario.tags, state.feature.name)\n  )\n  .then(() => state.onFinishScenario(scenario));",
              "err": {
                "message": "CypressError: Timed out retrying after 360000ms: `cy.wait()` timed out waiting `360000ms` for the 1st request to the route: `PutSpecialServicesType`. No request ever occurred.\n\nhttps://on.cypress.io/wait",
                "estack": "CypressError: Timed out retrying after 360000ms: `cy.wait()` timed out waiting `360000ms` for the 1st request to the route: `PutSpecialServicesType`. No request ever occurred.\n\nhttps://on.cypress.io/wait\n    at cypressErr (http://test.logitudeworld.com/__cypress/runner/cypress_runner.js:174135:18)\n    at Object.errByPath (http://test.logitudeworld.com/__cypress/runner/cypress_runner.js:174186:10)\n    at checkForXhr (http://test.logitudeworld.com/__cypress/runner/cypress_runner.js:161229:33)\n    at http://test.logitudeworld.com/__cypress/runner/cypress_runner.js:161252:28\n    at tryCatcher (http://test.logitudeworld.com/__cypress/runner/cypress_runner.js:10765:23)\n    at Function.Promise.attempt.Promise.try (http://test.logitudeworld.com/__cypress/runner/cypress_runner.js:8039:29)\n    at tryFn (http://test.logitudeworld.com/__cypress/runner/cypress_runner.js:167007:21)\n    at whenStable (http://test.logitudeworld.com/__cypress/runner/cypress_runner.js:167045:12)\n    at http://test.logitudeworld.com/__cypress/runner/cypress_runner.js:166540:16\n    at tryCatcher (http://test.logitudeworld.com/__cypress/runner/cypress_runner.js:10765:23)\n    at Promise._settlePromiseFromHandler (http://test.logitudeworld.com/__cypress/runner/cypress_runner.js:8700:31)\n    at Promise._settlePromise (http://test.logitudeworld.com/__cypress/runner/cypress_runner.js:8757:18)\n    at Promise._settlePromise0 (http://test.logitudeworld.com/__cypress/runner/cypress_runner.js:8802:10)\n    at Promise._settlePromises (http://test.logitudeworld.com/__cypress/runner/cypress_runner.js:8882:18)\n    at Promise._fulfill (http://test.logitudeworld.com/__cypress/runner/cypress_runner.js:8826:18)\n    at http://test.logitudeworld.com/__cypress/runner/cypress_runner.js:10440:46\nFrom Your Spec Code:\n    at Object.AssertStatusCode (http://test.logitudeworld.com/__cypress/tests?p=cypress\\tests\\MaintenanceSpecialServicesTypesDailyScenarios.feature:557:27)\n    at AssertPutSpecialServicesType (http://test.logitudeworld.com/__cypress/tests?p=cypress\\tests\\MaintenanceSpecialServicesTypesDailyScenarios.feature:3442:19)\n    at Object.AssertUpdateSpecialServicesType (http://test.logitudeworld.com/__cypress/tests?p=cypress\\tests\\MaintenanceSpecialServicesTypesDailyScenarios.feature:3438:5)\n    at Context.eval (http://test.logitudeworld.com/__cypress/tests?p=cypress\\tests\\MaintenanceSpecialServicesTypesDailyScenarios.feature:4365:24)\n    at Context.resolveAndRunStepDefinition (http://test.logitudeworld.com/__cypress/tests?p=cypress\\tests\\MaintenanceSpecialServicesTypesDailyScenarios.feature:12635:9)\n    at Context.eval (http://test.logitudeworld.com/__cypress/tests?p=cypress\\tests\\MaintenanceSpecialServicesTypesDailyScenarios.feature:11976:35)\nFrom Your Spec Code:\n    at Object.AssertStatusCode (http://test.logitudeworld.com/__cypress/tests?p=cypress\\tests\\MaintenanceSpecialServicesTypesDailyScenarios.feature:557:27)\n    at AssertPutSpecialServicesType (http://test.logitudeworld.com/__cypress/tests?p=cypress\\tests\\MaintenanceSpecialServicesTypesDailyScenarios.feature:3442:19)\n    at Object.AssertUpdateSpecialServicesType (http://test.logitudeworld.com/__cypress/tests?p=cypress\\tests\\MaintenanceSpecialServicesTypesDailyScenarios.feature:3438:5)\n    at Context.eval (http://test.logitudeworld.com/__cypress/tests?p=cypress\\tests\\MaintenanceSpecialServicesTypesDailyScenarios.feature:4365:24)\n    at Context.resolveAndRunStepDefinition (http://test.logitudeworld.com/__cypress/tests?p=cypress\\tests\\MaintenanceSpecialServicesTypesDailyScenarios.feature:12635:9)\n    at Context.eval (http://test.logitudeworld.com/__cypress/tests?p=cypress\\tests\\MaintenanceSpecialServicesTypesDailyScenarios.feature:11976:35)",
                "diff": null
              },
              "uuid": "d0ca01b8-c14b-46ef-930a-c0cb1ffb32d4",
              "parentUUID": "7590f5db-f48c-4742-aba3-3cdc8555090b",
              "isHook": false,
              "skipped": false
            }
          ],
          "suites": [],
          "passes": [
            "9a61cf97-b8d3-47be-8023-8be321cf864d",
            "9b74eae2-e827-4c49-87f7-fe4153ebf4b0",
            "ab8416de-e6a3-4dcc-843c-af75aaf8642a",
            "38b56c49-604e-4400-b0af-c4dda1462816"
          ],
          "failures": [
            "d0ca01b8-c14b-46ef-930a-c0cb1ffb32d4"
          ],
          "pending": [],
          "skipped": [],
          "duration": 393423,
          "root": false,
          "rootEmpty": false,
          "_timeout": 2000
        }
      ],
      "passes": [],
      "failures": [],
      "pending": [],
      "skipped": [],
      "duration": 0,
      "root": true,
      "rootEmpty": true,
      "_timeout": 2000
    }
  ],
  "meta": {
    "mocha": {
      "version": "7.0.1"
    },
    "mochawesome": {
      "options": {
        "quiet": false,
        "reportFilename": "mochawesome",
        "saveHtml": false,
        "saveJson": true,
        "consoleReporter": "spec",
        "useInlineDiffs": false
      },
      "version": "4.1.0"
    },
    "marge": {
      "options": {
        "id": "default",
        "reportDir": "./mochawesome-report",
        "quite": true,
        "overwrite": false,
        "html": false,
        "json": true
      },
      "version": "4.0.1"
    }
  }
}