{
  "stats": {
    "suites": 1,
    "tests": 5,
    "passes": 5,
    "pending": 0,
    "failures": 0,
    "start": "2021-06-07T11:52:16.635Z",
    "end": "2021-06-07T11:53:05.440Z",
    "duration": 48805,
    "testsRegistered": 5,
    "passPercent": 100,
    "pendingPercent": 0,
    "other": 0,
    "hasOther": false,
    "skipped": 0,
    "hasSkipped": false
  },
  "results": [
    {
      "uuid": "4ee5dfbf-4eea-4b90-969f-b8663161a8b6",
      "title": "",
      "fullFile": "cypress\\tests\\MaintenanceLocationsStates.feature",
      "file": "cypress\\tests\\MaintenanceLocationsStates.feature",
      "beforeHooks": [],
      "afterHooks": [],
      "tests": [],
      "suites": [
        {
          "uuid": "b2bf8754-420f-4e6d-8b11-d9e48da4d512",
          "title": "Create State, Inactivate and activate it from Maintenance",
          "fullFile": "",
          "file": "",
          "beforeHooks": [],
          "afterHooks": [],
          "tests": [
            {
              "title": "Add StateCode with lenght more than 10",
              "fullTitle": "Create State, Inactivate and activate it from Maintenance Add StateCode with lenght more than 10",
              "timedOut": null,
              "duration": 29015,
              "state": "passed",
              "speed": "slow",
              "pass": true,
              "fail": false,
              "pending": false,
              "context": null,
              "code": "const state = window.testState;\nreturn cy\n  .then(() => state.onStartScenario(scenario, indexedSteps))\n  .then(() =>\n    resolveAndRunBeforeHooks.call(this, scenario.tags, state.feature.name)\n  )\n  .then(() =>\n    indexedSteps.forEach((step) =>\n      stepTest.call(this, state, step, rowData)\n    )\n  )\n  .then(() =>\n    resolveAndRunAfterHooks.call(this, scenario.tags, state.feature.name)\n  )\n  .then(() => state.onFinishScenario(scenario));",
              "err": {},
              "uuid": "86ce3d6b-9ac7-41aa-8c5d-e83a48bf993b",
              "parentUUID": "b2bf8754-420f-4e6d-8b11-d9e48da4d512",
              "isHook": false,
              "skipped": false
            },
            {
              "title": "Add state",
              "fullTitle": "Create State, Inactivate and activate it from Maintenance Add state",
              "timedOut": null,
              "duration": 5917,
              "state": "passed",
              "speed": "slow",
              "pass": true,
              "fail": false,
              "pending": false,
              "context": null,
              "code": "const state = window.testState;\nreturn cy\n  .then(() => state.onStartScenario(scenario, indexedSteps))\n  .then(() =>\n    resolveAndRunBeforeHooks.call(this, scenario.tags, state.feature.name)\n  )\n  .then(() =>\n    indexedSteps.forEach((step) =>\n      stepTest.call(this, state, step, rowData)\n    )\n  )\n  .then(() =>\n    resolveAndRunAfterHooks.call(this, scenario.tags, state.feature.name)\n  )\n  .then(() => state.onFinishScenario(scenario));",
              "err": {},
              "uuid": "a5a10782-98ed-44f8-9ef1-895450579d4b",
              "parentUUID": "b2bf8754-420f-4e6d-8b11-d9e48da4d512",
              "isHook": false,
              "skipped": false
            },
            {
              "title": "Search for the state by code",
              "fullTitle": "Create State, Inactivate and activate it from Maintenance Search for the state by code",
              "timedOut": null,
              "duration": 1611,
              "state": "passed",
              "speed": "slow",
              "pass": true,
              "fail": false,
              "pending": false,
              "context": null,
              "code": "const state = window.testState;\nreturn cy\n  .then(() => state.onStartScenario(scenario, indexedSteps))\n  .then(() =>\n    resolveAndRunBeforeHooks.call(this, scenario.tags, state.feature.name)\n  )\n  .then(() =>\n    indexedSteps.forEach((step) =>\n      stepTest.call(this, state, step, rowData)\n    )\n  )\n  .then(() =>\n    resolveAndRunAfterHooks.call(this, scenario.tags, state.feature.name)\n  )\n  .then(() => state.onFinishScenario(scenario));",
              "err": {},
              "uuid": "aab40329-7da0-478c-b7fe-f432c1db1ff7",
              "parentUUID": "b2bf8754-420f-4e6d-8b11-d9e48da4d512",
              "isHook": false,
              "skipped": false
            },
            {
              "title": "Open the state",
              "fullTitle": "Create State, Inactivate and activate it from Maintenance Open the state",
              "timedOut": null,
              "duration": 260,
              "state": "passed",
              "speed": "slow",
              "pass": true,
              "fail": false,
              "pending": false,
              "context": null,
              "code": "const state = window.testState;\nreturn cy\n  .then(() => state.onStartScenario(scenario, indexedSteps))\n  .then(() =>\n    resolveAndRunBeforeHooks.call(this, scenario.tags, state.feature.name)\n  )\n  .then(() =>\n    indexedSteps.forEach((step) =>\n      stepTest.call(this, state, step, rowData)\n    )\n  )\n  .then(() =>\n    resolveAndRunAfterHooks.call(this, scenario.tags, state.feature.name)\n  )\n  .then(() => state.onFinishScenario(scenario));",
              "err": {},
              "uuid": "3fef20bc-a1c4-4115-8e8d-cbea28374bdc",
              "parentUUID": "b2bf8754-420f-4e6d-8b11-d9e48da4d512",
              "isHook": false,
              "skipped": false
            },
            {
              "title": "Edit the state",
              "fullTitle": "Create State, Inactivate and activate it from Maintenance Edit the state",
              "timedOut": null,
              "duration": 9069,
              "state": "passed",
              "speed": "slow",
              "pass": true,
              "fail": false,
              "pending": false,
              "context": null,
              "code": "const state = window.testState;\nreturn cy\n  .then(() => state.onStartScenario(scenario, indexedSteps))\n  .then(() =>\n    resolveAndRunBeforeHooks.call(this, scenario.tags, state.feature.name)\n  )\n  .then(() =>\n    indexedSteps.forEach((step) =>\n      stepTest.call(this, state, step, rowData)\n    )\n  )\n  .then(() =>\n    resolveAndRunAfterHooks.call(this, scenario.tags, state.feature.name)\n  )\n  .then(() => state.onFinishScenario(scenario));",
              "err": {},
              "uuid": "7b85558a-9dc0-4c80-a3fb-2c43ca3034af",
              "parentUUID": "b2bf8754-420f-4e6d-8b11-d9e48da4d512",
              "isHook": false,
              "skipped": false
            }
          ],
          "suites": [],
          "passes": [
            "86ce3d6b-9ac7-41aa-8c5d-e83a48bf993b",
            "a5a10782-98ed-44f8-9ef1-895450579d4b",
            "aab40329-7da0-478c-b7fe-f432c1db1ff7",
            "3fef20bc-a1c4-4115-8e8d-cbea28374bdc",
            "7b85558a-9dc0-4c80-a3fb-2c43ca3034af"
          ],
          "failures": [],
          "pending": [],
          "skipped": [],
          "duration": 45872,
          "root": false,
          "rootEmpty": false,
          "_timeout": 2000
        }
      ],
      "passes": [],
      "failures": [],
      "pending": [],
      "skipped": [],
      "duration": 0,
      "root": true,
      "rootEmpty": true,
      "_timeout": 2000
    }
  ],
  "meta": {
    "mocha": {
      "version": "7.0.1"
    },
    "mochawesome": {
      "options": {
        "quiet": false,
        "reportFilename": "mochawesome",
        "saveHtml": false,
        "saveJson": true,
        "consoleReporter": "spec",
        "useInlineDiffs": false
      },
      "version": "4.1.0"
    },
    "marge": {
      "options": {
        "id": "default",
        "reportDir": "./mochawesome-report",
        "quite": true,
        "overwrite": false,
        "html": false,
        "json": true
      },
      "version": "4.0.1"
    }
  }
}