{
  "stats": {
    "suites": 1,
    "tests": 6,
    "passes": 5,
    "pending": 0,
    "failures": 1,
    "start": "2021-06-07T12:26:45.985Z",
    "end": "2021-06-07T12:33:29.898Z",
    "duration": 403913,
    "testsRegistered": 6,
    "passPercent": 83.33333333333334,
    "pendingPercent": 0,
    "other": 0,
    "hasOther": false,
    "skipped": 0,
    "hasSkipped": false
  },
  "results": [
    {
      "uuid": "acb6ad63-3504-4d05-a6f5-501eb75a3dc0",
      "title": "",
      "fullFile": "cypress\\tests\\MaintenanceShipmentSubTypesDailyScenarios.feature",
      "file": "cypress\\tests\\MaintenanceShipmentSubTypesDailyScenarios.feature",
      "beforeHooks": [],
      "afterHooks": [],
      "tests": [],
      "suites": [
        {
          "uuid": "e7a8fa9a-6bde-4274-8d6d-f052233aa9c8",
          "title": "Shipment Sub Type fake Create and Edit in Maintenance Module",
          "fullFile": "",
          "file": "",
          "beforeHooks": [],
          "afterHooks": [],
          "tests": [
            {
              "title": "Add Shipment Sub Type Code with lenght more than 6",
              "fullTitle": "Shipment Sub Type fake Create and Edit in Maintenance Module Add Shipment Sub Type Code with lenght more than 6",
              "timedOut": null,
              "duration": 26901,
              "state": "passed",
              "speed": "slow",
              "pass": true,
              "fail": false,
              "pending": false,
              "context": null,
              "code": "const state = window.testState;\nreturn cy\n  .then(() => state.onStartScenario(scenario, indexedSteps))\n  .then(() =>\n    resolveAndRunBeforeHooks.call(this, scenario.tags, state.feature.name)\n  )\n  .then(() =>\n    indexedSteps.forEach((step) =>\n      stepTest.call(this, state, step, rowData)\n    )\n  )\n  .then(() =>\n    resolveAndRunAfterHooks.call(this, scenario.tags, state.feature.name)\n  )\n  .then(() => state.onFinishScenario(scenario));",
              "err": {},
              "uuid": "8600c422-5169-41ef-9bb2-3b5e89351f86",
              "parentUUID": "e7a8fa9a-6bde-4274-8d6d-f052233aa9c8",
              "isHook": false,
              "skipped": false
            },
            {
              "title": "Create a new shipment sub type with already exists code",
              "fullTitle": "Shipment Sub Type fake Create and Edit in Maintenance Module Create a new shipment sub type with already exists code",
              "timedOut": null,
              "duration": 3955,
              "state": "passed",
              "speed": "slow",
              "pass": true,
              "fail": false,
              "pending": false,
              "context": null,
              "code": "const state = window.testState;\nreturn cy\n  .then(() => state.onStartScenario(scenario, indexedSteps))\n  .then(() =>\n    resolveAndRunBeforeHooks.call(this, scenario.tags, state.feature.name)\n  )\n  .then(() =>\n    indexedSteps.forEach((step) =>\n      stepTest.call(this, state, step, rowData)\n    )\n  )\n  .then(() =>\n    resolveAndRunAfterHooks.call(this, scenario.tags, state.feature.name)\n  )\n  .then(() => state.onFinishScenario(scenario));",
              "err": {},
              "uuid": "528c405f-b616-46d1-bc7d-e9f8bd4f92ad",
              "parentUUID": "e7a8fa9a-6bde-4274-8d6d-f052233aa9c8",
              "isHook": false,
              "skipped": false
            },
            {
              "title": "Create a new shipment sub type",
              "fullTitle": "Shipment Sub Type fake Create and Edit in Maintenance Module Create a new shipment sub type",
              "timedOut": null,
              "duration": 3487,
              "state": "passed",
              "speed": "slow",
              "pass": true,
              "fail": false,
              "pending": false,
              "context": null,
              "code": "const state = window.testState;\nreturn cy\n  .then(() => state.onStartScenario(scenario, indexedSteps))\n  .then(() =>\n    resolveAndRunBeforeHooks.call(this, scenario.tags, state.feature.name)\n  )\n  .then(() =>\n    indexedSteps.forEach((step) =>\n      stepTest.call(this, state, step, rowData)\n    )\n  )\n  .then(() =>\n    resolveAndRunAfterHooks.call(this, scenario.tags, state.feature.name)\n  )\n  .then(() => state.onFinishScenario(scenario));",
              "err": {},
              "uuid": "a43179f5-7686-4922-9a52-dc6903d94b1c",
              "parentUUID": "e7a8fa9a-6bde-4274-8d6d-f052233aa9c8",
              "isHook": false,
              "skipped": false
            },
            {
              "title": "Search for the shipment sub type by code",
              "fullTitle": "Shipment Sub Type fake Create and Edit in Maintenance Module Search for the shipment sub type by code",
              "timedOut": null,
              "duration": 3314,
              "state": "passed",
              "speed": "slow",
              "pass": true,
              "fail": false,
              "pending": false,
              "context": null,
              "code": "const state = window.testState;\nreturn cy\n  .then(() => state.onStartScenario(scenario, indexedSteps))\n  .then(() =>\n    resolveAndRunBeforeHooks.call(this, scenario.tags, state.feature.name)\n  )\n  .then(() =>\n    indexedSteps.forEach((step) =>\n      stepTest.call(this, state, step, rowData)\n    )\n  )\n  .then(() =>\n    resolveAndRunAfterHooks.call(this, scenario.tags, state.feature.name)\n  )\n  .then(() => state.onFinishScenario(scenario));",
              "err": {},
              "uuid": "a790b974-44f1-4f8a-80a2-17a37d142984",
              "parentUUID": "e7a8fa9a-6bde-4274-8d6d-f052233aa9c8",
              "isHook": false,
              "skipped": false
            },
            {
              "title": "Open the shipment sub type",
              "fullTitle": "Shipment Sub Type fake Create and Edit in Maintenance Module Open the shipment sub type",
              "timedOut": null,
              "duration": 328,
              "state": "passed",
              "speed": "slow",
              "pass": true,
              "fail": false,
              "pending": false,
              "context": null,
              "code": "const state = window.testState;\nreturn cy\n  .then(() => state.onStartScenario(scenario, indexedSteps))\n  .then(() =>\n    resolveAndRunBeforeHooks.call(this, scenario.tags, state.feature.name)\n  )\n  .then(() =>\n    indexedSteps.forEach((step) =>\n      stepTest.call(this, state, step, rowData)\n    )\n  )\n  .then(() =>\n    resolveAndRunAfterHooks.call(this, scenario.tags, state.feature.name)\n  )\n  .then(() => state.onFinishScenario(scenario));",
              "err": {},
              "uuid": "8d1612b6-dbd6-4a37-b75e-473541ae6908",
              "parentUUID": "e7a8fa9a-6bde-4274-8d6d-f052233aa9c8",
              "isHook": false,
              "skipped": false
            },
            {
              "title": "Edit the shipment sub type",
              "fullTitle": "Shipment Sub Type fake Create and Edit in Maintenance Module Edit the shipment sub type",
              "timedOut": null,
              "duration": 363189,
              "state": "failed",
              "speed": null,
              "pass": false,
              "fail": true,
              "pending": false,
              "context": "\"screenshots/MaintenanceShipmentSubTypesDailyScenarios.feature/Shipment Sub Type fake Create and Edit in Maintenance Module -- Edit the shipment sub type (failed).png\"",
              "code": "const state = window.testState;\nreturn cy\n  .then(() => state.onStartScenario(scenario, indexedSteps))\n  .then(() =>\n    resolveAndRunBeforeHooks.call(this, scenario.tags, state.feature.name)\n  )\n  .then(() =>\n    indexedSteps.forEach((step) =>\n      stepTest.call(this, state, step, rowData)\n    )\n  )\n  .then(() =>\n    resolveAndRunAfterHooks.call(this, scenario.tags, state.feature.name)\n  )\n  .then(() => state.onFinishScenario(scenario));",
              "err": {
                "message": "CypressError: Timed out retrying after 360000ms: `cy.wait()` timed out waiting `360000ms` for the 1st request to the route: `PutShipmentSubType`. No request ever occurred.\n\nhttps://on.cypress.io/wait",
                "estack": "CypressError: Timed out retrying after 360000ms: `cy.wait()` timed out waiting `360000ms` for the 1st request to the route: `PutShipmentSubType`. No request ever occurred.\n\nhttps://on.cypress.io/wait\n    at cypressErr (http://test.logitudeworld.com/__cypress/runner/cypress_runner.js:174135:18)\n    at Object.errByPath (http://test.logitudeworld.com/__cypress/runner/cypress_runner.js:174186:10)\n    at checkForXhr (http://test.logitudeworld.com/__cypress/runner/cypress_runner.js:161229:33)\n    at http://test.logitudeworld.com/__cypress/runner/cypress_runner.js:161252:28\n    at tryCatcher (http://test.logitudeworld.com/__cypress/runner/cypress_runner.js:10765:23)\n    at Function.Promise.attempt.Promise.try (http://test.logitudeworld.com/__cypress/runner/cypress_runner.js:8039:29)\n    at tryFn (http://test.logitudeworld.com/__cypress/runner/cypress_runner.js:167007:21)\n    at whenStable (http://test.logitudeworld.com/__cypress/runner/cypress_runner.js:167045:12)\n    at http://test.logitudeworld.com/__cypress/runner/cypress_runner.js:166540:16\n    at tryCatcher (http://test.logitudeworld.com/__cypress/runner/cypress_runner.js:10765:23)\n    at Promise._settlePromiseFromHandler (http://test.logitudeworld.com/__cypress/runner/cypress_runner.js:8700:31)\n    at Promise._settlePromise (http://test.logitudeworld.com/__cypress/runner/cypress_runner.js:8757:18)\n    at Promise._settlePromise0 (http://test.logitudeworld.com/__cypress/runner/cypress_runner.js:8802:10)\n    at Promise._settlePromises (http://test.logitudeworld.com/__cypress/runner/cypress_runner.js:8882:18)\n    at Promise._fulfill (http://test.logitudeworld.com/__cypress/runner/cypress_runner.js:8826:18)\n    at http://test.logitudeworld.com/__cypress/runner/cypress_runner.js:10440:46\nFrom Your Spec Code:\n    at Object.AssertStatusCode (http://test.logitudeworld.com/__cypress/tests?p=cypress\\tests\\MaintenanceShipmentSubTypesDailyScenarios.feature:557:27)\n    at AssertPutShipmentSubType (http://test.logitudeworld.com/__cypress/tests?p=cypress\\tests\\MaintenanceShipmentSubTypesDailyScenarios.feature:3680:19)\n    at Object.AssertUpdateShipmentSubType (http://test.logitudeworld.com/__cypress/tests?p=cypress\\tests\\MaintenanceShipmentSubTypesDailyScenarios.feature:3676:5)\n    at Context.eval (http://test.logitudeworld.com/__cypress/tests?p=cypress\\tests\\MaintenanceShipmentSubTypesDailyScenarios.feature:4377:24)\n    at Context.resolveAndRunStepDefinition (http://test.logitudeworld.com/__cypress/tests?p=cypress\\tests\\MaintenanceShipmentSubTypesDailyScenarios.feature:12647:9)\n    at Context.eval (http://test.logitudeworld.com/__cypress/tests?p=cypress\\tests\\MaintenanceShipmentSubTypesDailyScenarios.feature:11988:35)\nFrom Your Spec Code:\n    at Object.AssertStatusCode (http://test.logitudeworld.com/__cypress/tests?p=cypress\\tests\\MaintenanceShipmentSubTypesDailyScenarios.feature:557:27)\n    at AssertPutShipmentSubType (http://test.logitudeworld.com/__cypress/tests?p=cypress\\tests\\MaintenanceShipmentSubTypesDailyScenarios.feature:3680:19)\n    at Object.AssertUpdateShipmentSubType (http://test.logitudeworld.com/__cypress/tests?p=cypress\\tests\\MaintenanceShipmentSubTypesDailyScenarios.feature:3676:5)\n    at Context.eval (http://test.logitudeworld.com/__cypress/tests?p=cypress\\tests\\MaintenanceShipmentSubTypesDailyScenarios.feature:4377:24)\n    at Context.resolveAndRunStepDefinition (http://test.logitudeworld.com/__cypress/tests?p=cypress\\tests\\MaintenanceShipmentSubTypesDailyScenarios.feature:12647:9)\n    at Context.eval (http://test.logitudeworld.com/__cypress/tests?p=cypress\\tests\\MaintenanceShipmentSubTypesDailyScenarios.feature:11988:35)",
                "diff": null
              },
              "uuid": "f2f283b0-ddaa-426c-8a17-20ac48adbee4",
              "parentUUID": "e7a8fa9a-6bde-4274-8d6d-f052233aa9c8",
              "isHook": false,
              "skipped": false
            }
          ],
          "suites": [],
          "passes": [
            "8600c422-5169-41ef-9bb2-3b5e89351f86",
            "528c405f-b616-46d1-bc7d-e9f8bd4f92ad",
            "a43179f5-7686-4922-9a52-dc6903d94b1c",
            "a790b974-44f1-4f8a-80a2-17a37d142984",
            "8d1612b6-dbd6-4a37-b75e-473541ae6908"
          ],
          "failures": [
            "f2f283b0-ddaa-426c-8a17-20ac48adbee4"
          ],
          "pending": [],
          "skipped": [],
          "duration": 401174,
          "root": false,
          "rootEmpty": false,
          "_timeout": 2000
        }
      ],
      "passes": [],
      "failures": [],
      "pending": [],
      "skipped": [],
      "duration": 0,
      "root": true,
      "rootEmpty": true,
      "_timeout": 2000
    }
  ],
  "meta": {
    "mocha": {
      "version": "7.0.1"
    },
    "mochawesome": {
      "options": {
        "quiet": false,
        "reportFilename": "mochawesome",
        "saveHtml": false,
        "saveJson": true,
        "consoleReporter": "spec",
        "useInlineDiffs": false
      },
      "version": "4.1.0"
    },
    "marge": {
      "options": {
        "id": "default",
        "reportDir": "./mochawesome-report",
        "quite": true,
        "overwrite": false,
        "html": false,
        "json": true
      },
      "version": "4.0.1"
    }
  }
}