{
  "stats": {
    "suites": 1,
    "tests": 5,
    "passes": 4,
    "pending": 0,
    "failures": 1,
    "start": "2021-06-07T12:01:40.207Z",
    "end": "2021-06-07T12:08:25.240Z",
    "duration": 405033,
    "testsRegistered": 5,
    "passPercent": 80,
    "pendingPercent": 0,
    "other": 0,
    "hasOther": false,
    "skipped": 0,
    "hasSkipped": false
  },
  "results": [
    {
      "uuid": "3faff922-c914-4a9d-a692-2898d2df3a35",
      "title": "",
      "fullFile": "cypress\\tests\\MaintenancePaymentTerm.feature",
      "file": "cypress\\tests\\MaintenancePaymentTerm.feature",
      "beforeHooks": [],
      "afterHooks": [],
      "tests": [],
      "suites": [
        {
          "uuid": "ba332f59-d03d-4ef3-bfc8-a5f21b505a92",
          "title": "Payment Terms Create, Search and Edit from Maintenance",
          "fullFile": "",
          "file": "",
          "beforeHooks": [],
          "afterHooks": [],
          "tests": [
            {
              "title": "Create new payment term",
              "fullTitle": "Payment Terms Create, Search and Edit from Maintenance Create new payment term",
              "timedOut": null,
              "duration": 33066,
              "state": "passed",
              "speed": "slow",
              "pass": true,
              "fail": false,
              "pending": false,
              "context": null,
              "code": "const state = window.testState;\nreturn cy\n  .then(() => state.onStartScenario(scenario, indexedSteps))\n  .then(() =>\n    resolveAndRunBeforeHooks.call(this, scenario.tags, state.feature.name)\n  )\n  .then(() =>\n    indexedSteps.forEach((step) =>\n      stepTest.call(this, state, step, rowData)\n    )\n  )\n  .then(() =>\n    resolveAndRunAfterHooks.call(this, scenario.tags, state.feature.name)\n  )\n  .then(() => state.onFinishScenario(scenario));",
              "err": {},
              "uuid": "cbe0fbcc-959c-41a5-84b3-a05c30f91820",
              "parentUUID": "ba332f59-d03d-4ef3-bfc8-a5f21b505a92",
              "isHook": false,
              "skipped": false
            },
            {
              "title": "Search for the payment term by code",
              "fullTitle": "Payment Terms Create, Search and Edit from Maintenance Search for the payment term by code",
              "timedOut": null,
              "duration": 2121,
              "state": "passed",
              "speed": "slow",
              "pass": true,
              "fail": false,
              "pending": false,
              "context": null,
              "code": "const state = window.testState;\nreturn cy\n  .then(() => state.onStartScenario(scenario, indexedSteps))\n  .then(() =>\n    resolveAndRunBeforeHooks.call(this, scenario.tags, state.feature.name)\n  )\n  .then(() =>\n    indexedSteps.forEach((step) =>\n      stepTest.call(this, state, step, rowData)\n    )\n  )\n  .then(() =>\n    resolveAndRunAfterHooks.call(this, scenario.tags, state.feature.name)\n  )\n  .then(() => state.onFinishScenario(scenario));",
              "err": {},
              "uuid": "621cad6a-a0a4-4c20-8f65-a8a68ad00c53",
              "parentUUID": "ba332f59-d03d-4ef3-bfc8-a5f21b505a92",
              "isHook": false,
              "skipped": false
            },
            {
              "title": "Open the payment term",
              "fullTitle": "Payment Terms Create, Search and Edit from Maintenance Open the payment term",
              "timedOut": null,
              "duration": 564,
              "state": "passed",
              "speed": "slow",
              "pass": true,
              "fail": false,
              "pending": false,
              "context": null,
              "code": "const state = window.testState;\nreturn cy\n  .then(() => state.onStartScenario(scenario, indexedSteps))\n  .then(() =>\n    resolveAndRunBeforeHooks.call(this, scenario.tags, state.feature.name)\n  )\n  .then(() =>\n    indexedSteps.forEach((step) =>\n      stepTest.call(this, state, step, rowData)\n    )\n  )\n  .then(() =>\n    resolveAndRunAfterHooks.call(this, scenario.tags, state.feature.name)\n  )\n  .then(() => state.onFinishScenario(scenario));",
              "err": {},
              "uuid": "39f1ddfa-050b-46be-9aad-5431b516583b",
              "parentUUID": "ba332f59-d03d-4ef3-bfc8-a5f21b505a92",
              "isHook": false,
              "skipped": false
            },
            {
              "title": "Edit the payment term",
              "fullTitle": "Payment Terms Create, Search and Edit from Maintenance Edit the payment term",
              "timedOut": null,
              "duration": 365562,
              "state": "failed",
              "speed": null,
              "pass": false,
              "fail": true,
              "pending": false,
              "context": "\"screenshots/MaintenancePaymentTerm.feature/Payment Terms Create, Search and Edit from Maintenance -- Edit the payment term (failed).png\"",
              "code": "const state = window.testState;\nreturn cy\n  .then(() => state.onStartScenario(scenario, indexedSteps))\n  .then(() =>\n    resolveAndRunBeforeHooks.call(this, scenario.tags, state.feature.name)\n  )\n  .then(() =>\n    indexedSteps.forEach((step) =>\n      stepTest.call(this, state, step, rowData)\n    )\n  )\n  .then(() =>\n    resolveAndRunAfterHooks.call(this, scenario.tags, state.feature.name)\n  )\n  .then(() => state.onFinishScenario(scenario));",
              "err": {
                "message": "CypressError: Timed out retrying after 360000ms: `cy.wait()` timed out waiting `360000ms` for the 1st request to the route: `PutPaymentTerm`. No request ever occurred.\n\nhttps://on.cypress.io/wait",
                "estack": "CypressError: Timed out retrying after 360000ms: `cy.wait()` timed out waiting `360000ms` for the 1st request to the route: `PutPaymentTerm`. No request ever occurred.\n\nhttps://on.cypress.io/wait\n    at cypressErr (http://test.logitudeworld.com/__cypress/runner/cypress_runner.js:174135:18)\n    at Object.errByPath (http://test.logitudeworld.com/__cypress/runner/cypress_runner.js:174186:10)\n    at checkForXhr (http://test.logitudeworld.com/__cypress/runner/cypress_runner.js:161229:33)\n    at http://test.logitudeworld.com/__cypress/runner/cypress_runner.js:161252:28\n    at tryCatcher (http://test.logitudeworld.com/__cypress/runner/cypress_runner.js:10765:23)\n    at Function.Promise.attempt.Promise.try (http://test.logitudeworld.com/__cypress/runner/cypress_runner.js:8039:29)\n    at tryFn (http://test.logitudeworld.com/__cypress/runner/cypress_runner.js:167007:21)\n    at whenStable (http://test.logitudeworld.com/__cypress/runner/cypress_runner.js:167045:12)\n    at http://test.logitudeworld.com/__cypress/runner/cypress_runner.js:166540:16\n    at tryCatcher (http://test.logitudeworld.com/__cypress/runner/cypress_runner.js:10765:23)\n    at Promise._settlePromiseFromHandler (http://test.logitudeworld.com/__cypress/runner/cypress_runner.js:8700:31)\n    at Promise._settlePromise (http://test.logitudeworld.com/__cypress/runner/cypress_runner.js:8757:18)\n    at Promise._settlePromise0 (http://test.logitudeworld.com/__cypress/runner/cypress_runner.js:8802:10)\n    at Promise._settlePromises (http://test.logitudeworld.com/__cypress/runner/cypress_runner.js:8882:18)\n    at Promise._fulfill (http://test.logitudeworld.com/__cypress/runner/cypress_runner.js:8826:18)\n    at http://test.logitudeworld.com/__cypress/runner/cypress_runner.js:10440:46\nFrom Your Spec Code:\n    at Object.AssertStatusCode (http://test.logitudeworld.com/__cypress/tests?p=cypress\\tests\\MaintenancePaymentTerm.feature:557:27)\n    at AssertPutPaymentTerm (http://test.logitudeworld.com/__cypress/tests?p=cypress\\tests\\MaintenancePaymentTerm.feature:3929:19)\n    at Object.AssertUpdatePaymentTerm (http://test.logitudeworld.com/__cypress/tests?p=cypress\\tests\\MaintenancePaymentTerm.feature:3925:5)\n    at Context.eval (http://test.logitudeworld.com/__cypress/tests?p=cypress\\tests\\MaintenancePaymentTerm.feature:4536:24)\n    at Context.resolveAndRunStepDefinition (http://test.logitudeworld.com/__cypress/tests?p=cypress\\tests\\MaintenancePaymentTerm.feature:12810:9)\n    at Context.eval (http://test.logitudeworld.com/__cypress/tests?p=cypress\\tests\\MaintenancePaymentTerm.feature:12151:35)\nFrom Your Spec Code:\n    at Object.AssertStatusCode (http://test.logitudeworld.com/__cypress/tests?p=cypress\\tests\\MaintenancePaymentTerm.feature:557:27)\n    at AssertPutPaymentTerm (http://test.logitudeworld.com/__cypress/tests?p=cypress\\tests\\MaintenancePaymentTerm.feature:3929:19)\n    at Object.AssertUpdatePaymentTerm (http://test.logitudeworld.com/__cypress/tests?p=cypress\\tests\\MaintenancePaymentTerm.feature:3925:5)\n    at Context.eval (http://test.logitudeworld.com/__cypress/tests?p=cypress\\tests\\MaintenancePaymentTerm.feature:4536:24)\n    at Context.resolveAndRunStepDefinition (http://test.logitudeworld.com/__cypress/tests?p=cypress\\tests\\MaintenancePaymentTerm.feature:12810:9)\n    at Context.eval (http://test.logitudeworld.com/__cypress/tests?p=cypress\\tests\\MaintenancePaymentTerm.feature:12151:35)",
                "diff": null
              },
              "uuid": "201341cf-c835-4ec3-85c2-b999e0adcd36",
              "parentUUID": "ba332f59-d03d-4ef3-bfc8-a5f21b505a92",
              "isHook": false,
              "skipped": false
            },
            {
              "title": "Save and close the payment term",
              "fullTitle": "Payment Terms Create, Search and Edit from Maintenance Save and close the payment term",
              "timedOut": null,
              "duration": 1407,
              "state": "passed",
              "speed": "slow",
              "pass": true,
              "fail": false,
              "pending": false,
              "context": null,
              "code": "const state = window.testState;\nreturn cy\n  .then(() => state.onStartScenario(scenario, indexedSteps))\n  .then(() =>\n    resolveAndRunBeforeHooks.call(this, scenario.tags, state.feature.name)\n  )\n  .then(() =>\n    indexedSteps.forEach((step) =>\n      stepTest.call(this, state, step, rowData)\n    )\n  )\n  .then(() =>\n    resolveAndRunAfterHooks.call(this, scenario.tags, state.feature.name)\n  )\n  .then(() => state.onFinishScenario(scenario));",
              "err": {},
              "uuid": "3fd3b820-6bf9-44dd-8153-48cfd1048f01",
              "parentUUID": "ba332f59-d03d-4ef3-bfc8-a5f21b505a92",
              "isHook": false,
              "skipped": false
            }
          ],
          "suites": [],
          "passes": [
            "cbe0fbcc-959c-41a5-84b3-a05c30f91820",
            "621cad6a-a0a4-4c20-8f65-a8a68ad00c53",
            "39f1ddfa-050b-46be-9aad-5431b516583b",
            "3fd3b820-6bf9-44dd-8153-48cfd1048f01"
          ],
          "failures": [
            "201341cf-c835-4ec3-85c2-b999e0adcd36"
          ],
          "pending": [],
          "skipped": [],
          "duration": 402720,
          "root": false,
          "rootEmpty": false,
          "_timeout": 2000
        }
      ],
      "passes": [],
      "failures": [],
      "pending": [],
      "skipped": [],
      "duration": 0,
      "root": true,
      "rootEmpty": true,
      "_timeout": 2000
    }
  ],
  "meta": {
    "mocha": {
      "version": "7.0.1"
    },
    "mochawesome": {
      "options": {
        "quiet": false,
        "reportFilename": "mochawesome",
        "saveHtml": false,
        "saveJson": true,
        "consoleReporter": "spec",
        "useInlineDiffs": false
      },
      "version": "4.1.0"
    },
    "marge": {
      "options": {
        "id": "default",
        "reportDir": "./mochawesome-report",
        "quite": true,
        "overwrite": false,
        "html": false,
        "json": true
      },
      "version": "4.0.1"
    }
  }
}