{
  "stats": {
    "suites": 1,
    "tests": 5,
    "passes": 0,
    "pending": 0,
    "failures": 5,
    "start": "2021-06-07T11:21:22.477Z",
    "end": "2021-06-07T11:52:10.794Z",
    "duration": 1848317,
    "testsRegistered": 5,
    "passPercent": 0,
    "pendingPercent": 0,
    "other": 0,
    "hasOther": false,
    "skipped": 0,
    "hasSkipped": false
  },
  "results": [
    {
      "uuid": "99e9369a-0a49-4ecf-ad0c-586df838263b",
      "title": "",
      "fullFile": "cypress\\tests\\MaintenanceLocationsGlobalZones.feature",
      "file": "cypress\\tests\\MaintenanceLocationsGlobalZones.feature",
      "beforeHooks": [],
      "afterHooks": [],
      "tests": [],
      "suites": [
        {
          "uuid": "df7b997d-911c-4fac-a9b7-902bde2b5717",
          "title": "Create Global Zone, Inactivate and activate it from Maintenance",
          "fullFile": "",
          "file": "",
          "beforeHooks": [],
          "afterHooks": [],
          "tests": [
            {
              "title": "Add GlobalZoneCode with lenght more than 8",
              "fullTitle": "Create Global Zone, Inactivate and activate it from Maintenance Add GlobalZoneCode with lenght more than 8",
              "timedOut": null,
              "duration": 584804,
              "state": "failed",
              "speed": null,
              "pass": false,
              "fail": true,
              "pending": false,
              "context": "\"screenshots/MaintenanceLocationsGlobalZones.feature/Create Global Zone, Inactivate and activate it from Maintenance -- Add GlobalZoneCode with lenght more than 8 (failed).png\"",
              "code": "const state = window.testState;\nreturn cy\n  .then(() => state.onStartScenario(scenario, indexedSteps))\n  .then(() =>\n    resolveAndRunBeforeHooks.call(this, scenario.tags, state.feature.name)\n  )\n  .then(() =>\n    indexedSteps.forEach((step) =>\n      stepTest.call(this, state, step, rowData)\n    )\n  )\n  .then(() =>\n    resolveAndRunAfterHooks.call(this, scenario.tags, state.feature.name)\n  )\n  .then(() => state.onFinishScenario(scenario));",
              "err": {
                "message": "CypressError: Timed out after waiting `60000ms` for your remote page to load.\n\nYour page did not fire its `load` event within `60000ms`.\n\nYou can try increasing the `pageLoadTimeout` value in `cypress.json` to wait longer.\n\nBrowsers will not fire the `load` event until all stylesheets and scripts are done downloading.\n\nWhen this `load` event occurs, Cypress will continue running commands.",
                "estack": "CypressError: Timed out after waiting `60000ms` for your remote page to load.\n\nYour page did not fire its `load` event within `60000ms`.\n\nYou can try increasing the `pageLoadTimeout` value in `cypress.json` to wait longer.\n\nBrowsers will not fire the `load` event until all stylesheets and scripts are done downloading.\n\nWhen this `load` event occurs, Cypress will continue running commands.\n    at timedOutWaitingForPageLoad (http://test.logitudeworld.com/__cypress/runner/cypress_runner.js:158128:13)\n    at http://test.logitudeworld.com/__cypress/runner/cypress_runner.js:158393:14\n    at tryCatcher (http://test.logitudeworld.com/__cypress/runner/cypress_runner.js:10765:23)\n    at http://test.logitudeworld.com/__cypress/runner/cypress_runner.js:5887:41\n    at tryCatcher (http://test.logitudeworld.com/__cypress/runner/cypress_runner.js:10765:23)\n    at Promise._settlePromiseFromHandler (http://test.logitudeworld.com/__cypress/runner/cypress_runner.js:8700:31)\n    at Promise._settlePromise (http://test.logitudeworld.com/__cypress/runner/cypress_runner.js:8757:18)\n    at Promise._settlePromise0 (http://test.logitudeworld.com/__cypress/runner/cypress_runner.js:8802:10)\n    at Promise._settlePromises (http://test.logitudeworld.com/__cypress/runner/cypress_runner.js:8878:18)\n    at _drainQueueStep (http://test.logitudeworld.com/__cypress/runner/cypress_runner.js:5472:12)\n    at _drainQueue (http://test.logitudeworld.com/__cypress/runner/cypress_runner.js:5465:9)\n    at Async.../../node_modules/bluebird/js/release/async.js.Async._drainQueues (http://test.logitudeworld.com/__cypress/runner/cypress_runner.js:5481:5)\n    at Async.drainQueues (http://test.logitudeworld.com/__cypress/runner/cypress_runner.js:5351:14)\nFrom Your Spec Code:\n    at CompleteLoginProcess (http://test.logitudeworld.com/__cypress/tests?p=cypress\\support\\index.ts:342:8)\n    at Context.eval (http://test.logitudeworld.com/__cypress/tests?p=cypress\\support\\index.ts:271:13)\nFrom Your Spec Code:\n    at CompleteLoginProcess (http://test.logitudeworld.com/__cypress/tests?p=cypress\\support\\index.ts:342:8)\n    at Context.eval (http://test.logitudeworld.com/__cypress/tests?p=cypress\\support\\index.ts:271:13)",
                "diff": null
              },
              "uuid": "17acd7e4-e7f0-42ab-a5f8-c7d29d3f89cf",
              "parentUUID": "df7b997d-911c-4fac-a9b7-902bde2b5717",
              "isHook": false,
              "skipped": false
            },
            {
              "title": "Add global zone",
              "fullTitle": "Create Global Zone, Inactivate and activate it from Maintenance Add global zone",
              "timedOut": null,
              "duration": 300375,
              "state": "failed",
              "speed": null,
              "pass": false,
              "fail": true,
              "pending": false,
              "context": "\"screenshots/MaintenanceLocationsGlobalZones.feature/Create Global Zone, Inactivate and activate it from Maintenance -- Add global zone (failed).png\"",
              "code": "const state = window.testState;\nreturn cy\n  .then(() => state.onStartScenario(scenario, indexedSteps))\n  .then(() =>\n    resolveAndRunBeforeHooks.call(this, scenario.tags, state.feature.name)\n  )\n  .then(() =>\n    indexedSteps.forEach((step) =>\n      stepTest.call(this, state, step, rowData)\n    )\n  )\n  .then(() =>\n    resolveAndRunAfterHooks.call(this, scenario.tags, state.feature.name)\n  )\n  .then(() => state.onFinishScenario(scenario));",
              "err": {
                "message": "AssertionError: Timed out retrying after 300000ms: Expected to find element: `#GlobalZone_Code`, but never found it.",
                "estack": "AssertionError: Timed out retrying after 300000ms: Expected to find element: `#GlobalZone_Code`, but never found it.\n    at FillLogTextBoxProcess (http://test.logitudeworld.com/__cypress/tests?p=cypress\\support\\index.ts:428:12)\n    at Context.eval (http://test.logitudeworld.com/__cypress/tests?p=cypress\\support\\index.ts:420:9)",
                "diff": null
              },
              "uuid": "32f0c3de-5f16-4eab-90d7-9d70de8fde3d",
              "parentUUID": "df7b997d-911c-4fac-a9b7-902bde2b5717",
              "isHook": false,
              "skipped": false
            },
            {
              "title": "Search for the global zone by code",
              "fullTitle": "Create Global Zone, Inactivate and activate it from Maintenance Search for the global zone by code",
              "timedOut": null,
              "duration": 360391,
              "state": "failed",
              "speed": null,
              "pass": false,
              "fail": true,
              "pending": false,
              "context": "\"screenshots/MaintenanceLocationsGlobalZones.feature/Create Global Zone, Inactivate and activate it from Maintenance -- Search for the global zone by code (failed).png\"",
              "code": "const state = window.testState;\nreturn cy\n  .then(() => state.onStartScenario(scenario, indexedSteps))\n  .then(() =>\n    resolveAndRunBeforeHooks.call(this, scenario.tags, state.feature.name)\n  )\n  .then(() =>\n    indexedSteps.forEach((step) =>\n      stepTest.call(this, state, step, rowData)\n    )\n  )\n  .then(() =>\n    resolveAndRunAfterHooks.call(this, scenario.tags, state.feature.name)\n  )\n  .then(() => state.onFinishScenario(scenario));",
              "err": {
                "message": "CypressError: Timed out retrying after 360000ms: `cy.wait()` timed out waiting `360000ms` for the 1st request to the route: `GetFilterSearch`. No request ever occurred.\n\nhttps://on.cypress.io/wait",
                "estack": "CypressError: Timed out retrying after 360000ms: `cy.wait()` timed out waiting `360000ms` for the 1st request to the route: `GetFilterSearch`. No request ever occurred.\n\nhttps://on.cypress.io/wait\n    at cypressErr (http://test.logitudeworld.com/__cypress/runner/cypress_runner.js:174135:18)\n    at Object.errByPath (http://test.logitudeworld.com/__cypress/runner/cypress_runner.js:174186:10)\n    at checkForXhr (http://test.logitudeworld.com/__cypress/runner/cypress_runner.js:161229:33)\n    at http://test.logitudeworld.com/__cypress/runner/cypress_runner.js:161252:28\n    at tryCatcher (http://test.logitudeworld.com/__cypress/runner/cypress_runner.js:10765:23)\n    at Function.Promise.attempt.Promise.try (http://test.logitudeworld.com/__cypress/runner/cypress_runner.js:8039:29)\n    at tryFn (http://test.logitudeworld.com/__cypress/runner/cypress_runner.js:167007:21)\n    at whenStable (http://test.logitudeworld.com/__cypress/runner/cypress_runner.js:167045:12)\n    at http://test.logitudeworld.com/__cypress/runner/cypress_runner.js:166540:16\n    at tryCatcher (http://test.logitudeworld.com/__cypress/runner/cypress_runner.js:10765:23)\n    at Promise._settlePromiseFromHandler (http://test.logitudeworld.com/__cypress/runner/cypress_runner.js:8700:31)\n    at Promise._settlePromise (http://test.logitudeworld.com/__cypress/runner/cypress_runner.js:8757:18)\n    at Promise._settlePromise0 (http://test.logitudeworld.com/__cypress/runner/cypress_runner.js:8802:10)\n    at Promise._settlePromises (http://test.logitudeworld.com/__cypress/runner/cypress_runner.js:8882:18)\n    at Promise._fulfill (http://test.logitudeworld.com/__cypress/runner/cypress_runner.js:8826:18)\n    at http://test.logitudeworld.com/__cypress/runner/cypress_runner.js:10440:46\nFrom Your Spec Code:\n    at Object.AssertStatusCode (http://test.logitudeworld.com/__cypress/tests?p=cypress\\tests\\MaintenanceLocationsGlobalZones.feature:557:27)\n    at AsserGlobalZoneViewsGetByFilters (http://test.logitudeworld.com/__cypress/tests?p=cypress\\tests\\MaintenanceLocationsGlobalZones.feature:2676:19)\n    at Object.SearchGlobalZone (http://test.logitudeworld.com/__cypress/tests?p=cypress\\tests\\MaintenanceLocationsGlobalZones.feature:2668:5)\n    at Context.eval (http://test.logitudeworld.com/__cypress/tests?p=cypress\\tests\\MaintenanceLocationsGlobalZones.feature:4343:24)\n    at Context.resolveAndRunStepDefinition (http://test.logitudeworld.com/__cypress/tests?p=cypress\\tests\\MaintenanceLocationsGlobalZones.feature:12638:9)\n    at Context.eval (http://test.logitudeworld.com/__cypress/tests?p=cypress\\tests\\MaintenanceLocationsGlobalZones.feature:11979:35)\nFrom Your Spec Code:\n    at Object.AssertStatusCode (http://test.logitudeworld.com/__cypress/tests?p=cypress\\tests\\MaintenanceLocationsGlobalZones.feature:557:27)\n    at AsserGlobalZoneViewsGetByFilters (http://test.logitudeworld.com/__cypress/tests?p=cypress\\tests\\MaintenanceLocationsGlobalZones.feature:2676:19)\n    at Object.SearchGlobalZone (http://test.logitudeworld.com/__cypress/tests?p=cypress\\tests\\MaintenanceLocationsGlobalZones.feature:2668:5)\n    at Context.eval (http://test.logitudeworld.com/__cypress/tests?p=cypress\\tests\\MaintenanceLocationsGlobalZones.feature:4343:24)\n    at Context.resolveAndRunStepDefinition (http://test.logitudeworld.com/__cypress/tests?p=cypress\\tests\\MaintenanceLocationsGlobalZones.feature:12638:9)\n    at Context.eval (http://test.logitudeworld.com/__cypress/tests?p=cypress\\tests\\MaintenanceLocationsGlobalZones.feature:11979:35)",
                "diff": null
              },
              "uuid": "175cae9b-969c-4d67-8f01-c18182e0fccb",
              "parentUUID": "df7b997d-911c-4fac-a9b7-902bde2b5717",
              "isHook": false,
              "skipped": false
            },
            {
              "title": "Open the global zone",
              "fullTitle": "Create Global Zone, Inactivate and activate it from Maintenance Open the global zone",
              "timedOut": null,
              "duration": 300320,
              "state": "failed",
              "speed": null,
              "pass": false,
              "fail": true,
              "pending": false,
              "context": "\"screenshots/MaintenanceLocationsGlobalZones.feature/Create Global Zone, Inactivate and activate it from Maintenance -- Open the global zone (failed).png\"",
              "code": "const state = window.testState;\nreturn cy\n  .then(() => state.onStartScenario(scenario, indexedSteps))\n  .then(() =>\n    resolveAndRunBeforeHooks.call(this, scenario.tags, state.feature.name)\n  )\n  .then(() =>\n    indexedSteps.forEach((step) =>\n      stepTest.call(this, state, step, rowData)\n    )\n  )\n  .then(() =>\n    resolveAndRunAfterHooks.call(this, scenario.tags, state.feature.name)\n  )\n  .then(() => state.onFinishScenario(scenario));",
              "err": {
                "message": "AssertionError: Timed out retrying after 300000ms: Expected to find element: `.Row`, but never found it.",
                "estack": "AssertionError: Timed out retrying after 300000ms: Expected to find element: `.Row`, but never found it.\n    at Object.OpenGlobalZone (http://test.logitudeworld.com/__cypress/tests?p=cypress\\tests\\MaintenanceLocationsGlobalZones.feature:2687:8)\n    at Context.eval (http://test.logitudeworld.com/__cypress/tests?p=cypress\\tests\\MaintenanceLocationsGlobalZones.feature:4351:24)\n    at Context.resolveAndRunStepDefinition (http://test.logitudeworld.com/__cypress/tests?p=cypress\\tests\\MaintenanceLocationsGlobalZones.feature:12638:9)\n    at Context.eval (http://test.logitudeworld.com/__cypress/tests?p=cypress\\tests\\MaintenanceLocationsGlobalZones.feature:11979:35)",
                "diff": null
              },
              "uuid": "600fa7db-566f-4812-a2dc-955e793e2395",
              "parentUUID": "df7b997d-911c-4fac-a9b7-902bde2b5717",
              "isHook": false,
              "skipped": false
            },
            {
              "title": "Edit the global zone",
              "fullTitle": "Create Global Zone, Inactivate and activate it from Maintenance Edit the global zone",
              "timedOut": null,
              "duration": 300300,
              "state": "failed",
              "speed": null,
              "pass": false,
              "fail": true,
              "pending": false,
              "context": "\"screenshots/MaintenanceLocationsGlobalZones.feature/Create Global Zone, Inactivate and activate it from Maintenance -- Edit the global zone (failed).png\"",
              "code": "const state = window.testState;\nreturn cy\n  .then(() => state.onStartScenario(scenario, indexedSteps))\n  .then(() =>\n    resolveAndRunBeforeHooks.call(this, scenario.tags, state.feature.name)\n  )\n  .then(() =>\n    indexedSteps.forEach((step) =>\n      stepTest.call(this, state, step, rowData)\n    )\n  )\n  .then(() =>\n    resolveAndRunAfterHooks.call(this, scenario.tags, state.feature.name)\n  )\n  .then(() => state.onFinishScenario(scenario));",
              "err": {
                "message": "AssertionError: Timed out retrying after 300000ms: Expected to find element: `#GlobalZone_LocalName`, but never found it.",
                "estack": "AssertionError: Timed out retrying after 300000ms: Expected to find element: `#GlobalZone_LocalName`, but never found it.\n    at FillLogTextBoxProcess (http://test.logitudeworld.com/__cypress/tests?p=cypress\\support\\index.ts:428:12)\n    at Context.eval (http://test.logitudeworld.com/__cypress/tests?p=cypress\\support\\index.ts:420:9)",
                "diff": null
              },
              "uuid": "3146a476-1603-49f9-9890-593d28a1c7ce",
              "parentUUID": "df7b997d-911c-4fac-a9b7-902bde2b5717",
              "isHook": false,
              "skipped": false
            }
          ],
          "suites": [],
          "passes": [],
          "failures": [
            "17acd7e4-e7f0-42ab-a5f8-c7d29d3f89cf",
            "32f0c3de-5f16-4eab-90d7-9d70de8fde3d",
            "175cae9b-969c-4d67-8f01-c18182e0fccb",
            "600fa7db-566f-4812-a2dc-955e793e2395",
            "3146a476-1603-49f9-9890-593d28a1c7ce"
          ],
          "pending": [],
          "skipped": [],
          "duration": 1846190,
          "root": false,
          "rootEmpty": false,
          "_timeout": 2000
        }
      ],
      "passes": [],
      "failures": [],
      "pending": [],
      "skipped": [],
      "duration": 0,
      "root": true,
      "rootEmpty": true,
      "_timeout": 2000
    }
  ],
  "meta": {
    "mocha": {
      "version": "7.0.1"
    },
    "mochawesome": {
      "options": {
        "quiet": false,
        "reportFilename": "mochawesome",
        "saveHtml": false,
        "saveJson": true,
        "consoleReporter": "spec",
        "useInlineDiffs": false
      },
      "version": "4.1.0"
    },
    "marge": {
      "options": {
        "id": "default",
        "reportDir": "./mochawesome-report",
        "quite": true,
        "overwrite": false,
        "html": false,
        "json": true
      },
      "version": "4.0.1"
    }
  }
}