{
  "stats": {
    "suites": 1,
    "tests": 5,
    "passes": 5,
    "pending": 0,
    "failures": 0,
    "start": "2021-06-07T12:36:45.176Z",
    "end": "2021-06-07T12:37:29.736Z",
    "duration": 44560,
    "testsRegistered": 5,
    "passPercent": 100,
    "pendingPercent": 0,
    "other": 0,
    "hasOther": false,
    "skipped": 0,
    "hasSkipped": false
  },
  "results": [
    {
      "uuid": "d48b2238-a9f6-4de5-8290-139402b19b76",
      "title": "",
      "fullFile": "cypress\\tests\\MaintenanceSingleVatTypes.feature",
      "file": "cypress\\tests\\MaintenanceSingleVatTypes.feature",
      "beforeHooks": [],
      "afterHooks": [],
      "tests": [],
      "suites": [
        {
          "uuid": "a7cc0b3a-fc59-4d4b-8bf4-2301697dd031",
          "title": "Single Vat Type Create, Search and Edit from Maintenance",
          "fullFile": "",
          "file": "",
          "beforeHooks": [],
          "afterHooks": [],
          "tests": [
            {
              "title": "Create new single vat type",
              "fullTitle": "Single Vat Type Create, Search and Edit from Maintenance Create new single vat type",
              "timedOut": null,
              "duration": 29887,
              "state": "passed",
              "speed": "slow",
              "pass": true,
              "fail": false,
              "pending": false,
              "context": null,
              "code": "const state = window.testState;\nreturn cy\n  .then(() => state.onStartScenario(scenario, indexedSteps))\n  .then(() =>\n    resolveAndRunBeforeHooks.call(this, scenario.tags, state.feature.name)\n  )\n  .then(() =>\n    indexedSteps.forEach((step) =>\n      stepTest.call(this, state, step, rowData)\n    )\n  )\n  .then(() =>\n    resolveAndRunAfterHooks.call(this, scenario.tags, state.feature.name)\n  )\n  .then(() => state.onFinishScenario(scenario));",
              "err": {},
              "uuid": "e8cd782b-1f27-4c24-8da7-a9f2fa307818",
              "parentUUID": "a7cc0b3a-fc59-4d4b-8bf4-2301697dd031",
              "isHook": false,
              "skipped": false
            },
            {
              "title": "Search for the single vat type by code",
              "fullTitle": "Single Vat Type Create, Search and Edit from Maintenance Search for the single vat type by code",
              "timedOut": null,
              "duration": 1653,
              "state": "passed",
              "speed": "slow",
              "pass": true,
              "fail": false,
              "pending": false,
              "context": null,
              "code": "const state = window.testState;\nreturn cy\n  .then(() => state.onStartScenario(scenario, indexedSteps))\n  .then(() =>\n    resolveAndRunBeforeHooks.call(this, scenario.tags, state.feature.name)\n  )\n  .then(() =>\n    indexedSteps.forEach((step) =>\n      stepTest.call(this, state, step, rowData)\n    )\n  )\n  .then(() =>\n    resolveAndRunAfterHooks.call(this, scenario.tags, state.feature.name)\n  )\n  .then(() => state.onFinishScenario(scenario));",
              "err": {},
              "uuid": "23cf584d-0f70-45d3-8a2a-776c194c452f",
              "parentUUID": "a7cc0b3a-fc59-4d4b-8bf4-2301697dd031",
              "isHook": false,
              "skipped": false
            },
            {
              "title": "Open the single vat type",
              "fullTitle": "Single Vat Type Create, Search and Edit from Maintenance Open the single vat type",
              "timedOut": null,
              "duration": 267,
              "state": "passed",
              "speed": "slow",
              "pass": true,
              "fail": false,
              "pending": false,
              "context": null,
              "code": "const state = window.testState;\nreturn cy\n  .then(() => state.onStartScenario(scenario, indexedSteps))\n  .then(() =>\n    resolveAndRunBeforeHooks.call(this, scenario.tags, state.feature.name)\n  )\n  .then(() =>\n    indexedSteps.forEach((step) =>\n      stepTest.call(this, state, step, rowData)\n    )\n  )\n  .then(() =>\n    resolveAndRunAfterHooks.call(this, scenario.tags, state.feature.name)\n  )\n  .then(() => state.onFinishScenario(scenario));",
              "err": {},
              "uuid": "0af2d65e-1813-47af-a5f5-2e65ecd1df8f",
              "parentUUID": "a7cc0b3a-fc59-4d4b-8bf4-2301697dd031",
              "isHook": false,
              "skipped": false
            },
            {
              "title": "Edit the single vat type",
              "fullTitle": "Single Vat Type Create, Search and Edit from Maintenance Edit the single vat type",
              "timedOut": null,
              "duration": 8889,
              "state": "passed",
              "speed": "slow",
              "pass": true,
              "fail": false,
              "pending": false,
              "context": null,
              "code": "const state = window.testState;\nreturn cy\n  .then(() => state.onStartScenario(scenario, indexedSteps))\n  .then(() =>\n    resolveAndRunBeforeHooks.call(this, scenario.tags, state.feature.name)\n  )\n  .then(() =>\n    indexedSteps.forEach((step) =>\n      stepTest.call(this, state, step, rowData)\n    )\n  )\n  .then(() =>\n    resolveAndRunAfterHooks.call(this, scenario.tags, state.feature.name)\n  )\n  .then(() => state.onFinishScenario(scenario));",
              "err": {},
              "uuid": "377cd9da-aa60-4081-ae05-9b543d78ad17",
              "parentUUID": "a7cc0b3a-fc59-4d4b-8bf4-2301697dd031",
              "isHook": false,
              "skipped": false
            },
            {
              "title": "Save and close the single vat type",
              "fullTitle": "Single Vat Type Create, Search and Edit from Maintenance Save and close the single vat type",
              "timedOut": null,
              "duration": 1201,
              "state": "passed",
              "speed": "slow",
              "pass": true,
              "fail": false,
              "pending": false,
              "context": null,
              "code": "const state = window.testState;\nreturn cy\n  .then(() => state.onStartScenario(scenario, indexedSteps))\n  .then(() =>\n    resolveAndRunBeforeHooks.call(this, scenario.tags, state.feature.name)\n  )\n  .then(() =>\n    indexedSteps.forEach((step) =>\n      stepTest.call(this, state, step, rowData)\n    )\n  )\n  .then(() =>\n    resolveAndRunAfterHooks.call(this, scenario.tags, state.feature.name)\n  )\n  .then(() => state.onFinishScenario(scenario));",
              "err": {},
              "uuid": "dc1bf62f-5171-43f1-b7c2-5f35126d489e",
              "parentUUID": "a7cc0b3a-fc59-4d4b-8bf4-2301697dd031",
              "isHook": false,
              "skipped": false
            }
          ],
          "suites": [],
          "passes": [
            "e8cd782b-1f27-4c24-8da7-a9f2fa307818",
            "23cf584d-0f70-45d3-8a2a-776c194c452f",
            "0af2d65e-1813-47af-a5f5-2e65ecd1df8f",
            "377cd9da-aa60-4081-ae05-9b543d78ad17",
            "dc1bf62f-5171-43f1-b7c2-5f35126d489e"
          ],
          "failures": [],
          "pending": [],
          "skipped": [],
          "duration": 41897,
          "root": false,
          "rootEmpty": false,
          "_timeout": 2000
        }
      ],
      "passes": [],
      "failures": [],
      "pending": [],
      "skipped": [],
      "duration": 0,
      "root": true,
      "rootEmpty": true,
      "_timeout": 2000
    }
  ],
  "meta": {
    "mocha": {
      "version": "7.0.1"
    },
    "mochawesome": {
      "options": {
        "quiet": false,
        "reportFilename": "mochawesome",
        "saveHtml": false,
        "saveJson": true,
        "consoleReporter": "spec",
        "useInlineDiffs": false
      },
      "version": "4.1.0"
    },
    "marge": {
      "options": {
        "id": "default",
        "reportDir": "./mochawesome-report",
        "quite": true,
        "overwrite": false,
        "html": false,
        "json": true
      },
      "version": "4.0.1"
    }
  }
}