{
  "stats": {
    "suites": 1,
    "tests": 5,
    "passes": 5,
    "pending": 0,
    "failures": 0,
    "start": "2021-06-07T12:44:20.022Z",
    "end": "2021-06-07T12:45:08.245Z",
    "duration": 48223,
    "testsRegistered": 5,
    "passPercent": 100,
    "pendingPercent": 0,
    "other": 0,
    "hasOther": false,
    "skipped": 0,
    "hasSkipped": false
  },
  "results": [
    {
      "uuid": "bc12ac10-dfca-40b2-9dbc-26861b63b349",
      "title": "",
      "fullFile": "cypress\\tests\\MaintenanceSpecialServicesTypesWeeklyScenarios.feature",
      "file": "cypress\\tests\\MaintenanceSpecialServicesTypesWeeklyScenarios.feature",
      "beforeHooks": [],
      "afterHooks": [],
      "tests": [],
      "suites": [
        {
          "uuid": "87caec87-4bf6-4707-8608-98195bbfe50b",
          "title": "Special Services Type Create and Edit it in Maintenance Module",
          "fullFile": "",
          "file": "",
          "beforeHooks": [],
          "afterHooks": [],
          "tests": [
            {
              "title": "Add Special Services Type Code with lenght more than 8",
              "fullTitle": "Special Services Type Create and Edit it in Maintenance Module Add Special Services Type Code with lenght more than 8",
              "timedOut": null,
              "duration": 32386,
              "state": "passed",
              "speed": "slow",
              "pass": true,
              "fail": false,
              "pending": false,
              "context": null,
              "code": "const state = window.testState;\nreturn cy\n  .then(() => state.onStartScenario(scenario, indexedSteps))\n  .then(() =>\n    resolveAndRunBeforeHooks.call(this, scenario.tags, state.feature.name)\n  )\n  .then(() =>\n    indexedSteps.forEach((step) =>\n      stepTest.call(this, state, step, rowData)\n    )\n  )\n  .then(() =>\n    resolveAndRunAfterHooks.call(this, scenario.tags, state.feature.name)\n  )\n  .then(() => state.onFinishScenario(scenario));",
              "err": {},
              "uuid": "d8c22635-f610-4d6e-bc37-7597820ef3e0",
              "parentUUID": "87caec87-4bf6-4707-8608-98195bbfe50b",
              "isHook": false,
              "skipped": false
            },
            {
              "title": "Create a new special services type",
              "fullTitle": "Special Services Type Create and Edit it in Maintenance Module Create a new special services type",
              "timedOut": null,
              "duration": 4289,
              "state": "passed",
              "speed": "slow",
              "pass": true,
              "fail": false,
              "pending": false,
              "context": null,
              "code": "const state = window.testState;\nreturn cy\n  .then(() => state.onStartScenario(scenario, indexedSteps))\n  .then(() =>\n    resolveAndRunBeforeHooks.call(this, scenario.tags, state.feature.name)\n  )\n  .then(() =>\n    indexedSteps.forEach((step) =>\n      stepTest.call(this, state, step, rowData)\n    )\n  )\n  .then(() =>\n    resolveAndRunAfterHooks.call(this, scenario.tags, state.feature.name)\n  )\n  .then(() => state.onFinishScenario(scenario));",
              "err": {},
              "uuid": "86f81dd4-9ba8-4f3a-90a6-12d0ee5ba7fc",
              "parentUUID": "87caec87-4bf6-4707-8608-98195bbfe50b",
              "isHook": false,
              "skipped": false
            },
            {
              "title": "Search for the special services type by code",
              "fullTitle": "Special Services Type Create and Edit it in Maintenance Module Search for the special services type by code",
              "timedOut": null,
              "duration": 1608,
              "state": "passed",
              "speed": "slow",
              "pass": true,
              "fail": false,
              "pending": false,
              "context": null,
              "code": "const state = window.testState;\nreturn cy\n  .then(() => state.onStartScenario(scenario, indexedSteps))\n  .then(() =>\n    resolveAndRunBeforeHooks.call(this, scenario.tags, state.feature.name)\n  )\n  .then(() =>\n    indexedSteps.forEach((step) =>\n      stepTest.call(this, state, step, rowData)\n    )\n  )\n  .then(() =>\n    resolveAndRunAfterHooks.call(this, scenario.tags, state.feature.name)\n  )\n  .then(() => state.onFinishScenario(scenario));",
              "err": {},
              "uuid": "f80432ca-85fe-4a1c-bc63-3a8f94375270",
              "parentUUID": "87caec87-4bf6-4707-8608-98195bbfe50b",
              "isHook": false,
              "skipped": false
            },
            {
              "title": "Open the special services type",
              "fullTitle": "Special Services Type Create and Edit it in Maintenance Module Open the special services type",
              "timedOut": null,
              "duration": 381,
              "state": "passed",
              "speed": "slow",
              "pass": true,
              "fail": false,
              "pending": false,
              "context": null,
              "code": "const state = window.testState;\nreturn cy\n  .then(() => state.onStartScenario(scenario, indexedSteps))\n  .then(() =>\n    resolveAndRunBeforeHooks.call(this, scenario.tags, state.feature.name)\n  )\n  .then(() =>\n    indexedSteps.forEach((step) =>\n      stepTest.call(this, state, step, rowData)\n    )\n  )\n  .then(() =>\n    resolveAndRunAfterHooks.call(this, scenario.tags, state.feature.name)\n  )\n  .then(() => state.onFinishScenario(scenario));",
              "err": {},
              "uuid": "fa37afdc-ed51-419b-8b09-060dee737082",
              "parentUUID": "87caec87-4bf6-4707-8608-98195bbfe50b",
              "isHook": false,
              "skipped": false
            },
            {
              "title": "Edit the special services type",
              "fullTitle": "Special Services Type Create and Edit it in Maintenance Module Edit the special services type",
              "timedOut": null,
              "duration": 6468,
              "state": "passed",
              "speed": "slow",
              "pass": true,
              "fail": false,
              "pending": false,
              "context": null,
              "code": "const state = window.testState;\nreturn cy\n  .then(() => state.onStartScenario(scenario, indexedSteps))\n  .then(() =>\n    resolveAndRunBeforeHooks.call(this, scenario.tags, state.feature.name)\n  )\n  .then(() =>\n    indexedSteps.forEach((step) =>\n      stepTest.call(this, state, step, rowData)\n    )\n  )\n  .then(() =>\n    resolveAndRunAfterHooks.call(this, scenario.tags, state.feature.name)\n  )\n  .then(() => state.onFinishScenario(scenario));",
              "err": {},
              "uuid": "3bac89fe-176a-4b8f-ba00-9a0603debcd5",
              "parentUUID": "87caec87-4bf6-4707-8608-98195bbfe50b",
              "isHook": false,
              "skipped": false
            }
          ],
          "suites": [],
          "passes": [
            "d8c22635-f610-4d6e-bc37-7597820ef3e0",
            "86f81dd4-9ba8-4f3a-90a6-12d0ee5ba7fc",
            "f80432ca-85fe-4a1c-bc63-3a8f94375270",
            "fa37afdc-ed51-419b-8b09-060dee737082",
            "3bac89fe-176a-4b8f-ba00-9a0603debcd5"
          ],
          "failures": [],
          "pending": [],
          "skipped": [],
          "duration": 45132,
          "root": false,
          "rootEmpty": false,
          "_timeout": 2000
        }
      ],
      "passes": [],
      "failures": [],
      "pending": [],
      "skipped": [],
      "duration": 0,
      "root": true,
      "rootEmpty": true,
      "_timeout": 2000
    }
  ],
  "meta": {
    "mocha": {
      "version": "7.0.1"
    },
    "mochawesome": {
      "options": {
        "quiet": false,
        "reportFilename": "mochawesome",
        "saveHtml": false,
        "saveJson": true,
        "consoleReporter": "spec",
        "useInlineDiffs": false
      },
      "version": "4.1.0"
    },
    "marge": {
      "options": {
        "id": "default",
        "reportDir": "./mochawesome-report",
        "quite": true,
        "overwrite": false,
        "html": false,
        "json": true
      },
      "version": "4.0.1"
    }
  }
}