{
  "stats": {
    "suites": 1,
    "tests": 5,
    "passes": 5,
    "pending": 0,
    "failures": 0,
    "start": "2021-06-07T12:45:14.494Z",
    "end": "2021-06-07T12:46:11.450Z",
    "duration": 56956,
    "testsRegistered": 5,
    "passPercent": 100,
    "pendingPercent": 0,
    "other": 0,
    "hasOther": false,
    "skipped": 0,
    "hasSkipped": false
  },
  "results": [
    {
      "uuid": "fd0af560-a547-4f88-9e10-2d253a1fc110",
      "title": "",
      "fullFile": "cypress\\tests\\MaintenanceTruckersDailyScenarios.feature",
      "file": "cypress\\tests\\MaintenanceTruckersDailyScenarios.feature",
      "beforeHooks": [],
      "afterHooks": [],
      "tests": [],
      "suites": [
        {
          "uuid": "946cd8f8-b931-498f-afbc-a1174d8c36eb",
          "title": "Trucker fake Create and Edit in Maintenance Module",
          "fullFile": "",
          "file": "",
          "beforeHooks": [],
          "afterHooks": [],
          "tests": [
            {
              "title": "Add Trucker Code with lenght more than 7",
              "fullTitle": "Trucker fake Create and Edit in Maintenance Module Add Trucker Code with lenght more than 7",
              "timedOut": null,
              "duration": 24748,
              "state": "passed",
              "speed": "slow",
              "pass": true,
              "fail": false,
              "pending": false,
              "context": null,
              "code": "const state = window.testState;\nreturn cy\n  .then(() => state.onStartScenario(scenario, indexedSteps))\n  .then(() =>\n    resolveAndRunBeforeHooks.call(this, scenario.tags, state.feature.name)\n  )\n  .then(() =>\n    indexedSteps.forEach((step) =>\n      stepTest.call(this, state, step, rowData)\n    )\n  )\n  .then(() =>\n    resolveAndRunAfterHooks.call(this, scenario.tags, state.feature.name)\n  )\n  .then(() => state.onFinishScenario(scenario));",
              "err": {},
              "uuid": "112082fb-10b8-4f17-b4db-4282ad869f70",
              "parentUUID": "946cd8f8-b931-498f-afbc-a1174d8c36eb",
              "isHook": false,
              "skipped": false
            },
            {
              "title": "Create a new trucker",
              "fullTitle": "Trucker fake Create and Edit in Maintenance Module Create a new trucker",
              "timedOut": null,
              "duration": 14852,
              "state": "passed",
              "speed": "slow",
              "pass": true,
              "fail": false,
              "pending": false,
              "context": null,
              "code": "const state = window.testState;\nreturn cy\n  .then(() => state.onStartScenario(scenario, indexedSteps))\n  .then(() =>\n    resolveAndRunBeforeHooks.call(this, scenario.tags, state.feature.name)\n  )\n  .then(() =>\n    indexedSteps.forEach((step) =>\n      stepTest.call(this, state, step, rowData)\n    )\n  )\n  .then(() =>\n    resolveAndRunAfterHooks.call(this, scenario.tags, state.feature.name)\n  )\n  .then(() => state.onFinishScenario(scenario));",
              "err": {},
              "uuid": "452ac6fc-c75d-408a-9342-1a298a871ffc",
              "parentUUID": "946cd8f8-b931-498f-afbc-a1174d8c36eb",
              "isHook": false,
              "skipped": false
            },
            {
              "title": "Search for the trucker",
              "fullTitle": "Trucker fake Create and Edit in Maintenance Module Search for the trucker",
              "timedOut": null,
              "duration": 2346,
              "state": "passed",
              "speed": "slow",
              "pass": true,
              "fail": false,
              "pending": false,
              "context": null,
              "code": "const state = window.testState;\nreturn cy\n  .then(() => state.onStartScenario(scenario, indexedSteps))\n  .then(() =>\n    resolveAndRunBeforeHooks.call(this, scenario.tags, state.feature.name)\n  )\n  .then(() =>\n    indexedSteps.forEach((step) =>\n      stepTest.call(this, state, step, rowData)\n    )\n  )\n  .then(() =>\n    resolveAndRunAfterHooks.call(this, scenario.tags, state.feature.name)\n  )\n  .then(() => state.onFinishScenario(scenario));",
              "err": {},
              "uuid": "033dc6b9-18ff-4c1a-83bc-f69a607f041c",
              "parentUUID": "946cd8f8-b931-498f-afbc-a1174d8c36eb",
              "isHook": false,
              "skipped": false
            },
            {
              "title": "Open the trucker",
              "fullTitle": "Trucker fake Create and Edit in Maintenance Module Open the trucker",
              "timedOut": null,
              "duration": 1410,
              "state": "passed",
              "speed": "slow",
              "pass": true,
              "fail": false,
              "pending": false,
              "context": null,
              "code": "const state = window.testState;\nreturn cy\n  .then(() => state.onStartScenario(scenario, indexedSteps))\n  .then(() =>\n    resolveAndRunBeforeHooks.call(this, scenario.tags, state.feature.name)\n  )\n  .then(() =>\n    indexedSteps.forEach((step) =>\n      stepTest.call(this, state, step, rowData)\n    )\n  )\n  .then(() =>\n    resolveAndRunAfterHooks.call(this, scenario.tags, state.feature.name)\n  )\n  .then(() => state.onFinishScenario(scenario));",
              "err": {},
              "uuid": "40be7213-6a15-4f3a-8edb-69d0d132b232",
              "parentUUID": "946cd8f8-b931-498f-afbc-a1174d8c36eb",
              "isHook": false,
              "skipped": false
            },
            {
              "title": "Edit the trucker",
              "fullTitle": "Trucker fake Create and Edit in Maintenance Module Edit the trucker",
              "timedOut": null,
              "duration": 11112,
              "state": "passed",
              "speed": "slow",
              "pass": true,
              "fail": false,
              "pending": false,
              "context": null,
              "code": "const state = window.testState;\nreturn cy\n  .then(() => state.onStartScenario(scenario, indexedSteps))\n  .then(() =>\n    resolveAndRunBeforeHooks.call(this, scenario.tags, state.feature.name)\n  )\n  .then(() =>\n    indexedSteps.forEach((step) =>\n      stepTest.call(this, state, step, rowData)\n    )\n  )\n  .then(() =>\n    resolveAndRunAfterHooks.call(this, scenario.tags, state.feature.name)\n  )\n  .then(() => state.onFinishScenario(scenario));",
              "err": {},
              "uuid": "6dcb6e3a-bce9-47cd-afeb-80b07756c091",
              "parentUUID": "946cd8f8-b931-498f-afbc-a1174d8c36eb",
              "isHook": false,
              "skipped": false
            }
          ],
          "suites": [],
          "passes": [
            "112082fb-10b8-4f17-b4db-4282ad869f70",
            "452ac6fc-c75d-408a-9342-1a298a871ffc",
            "033dc6b9-18ff-4c1a-83bc-f69a607f041c",
            "40be7213-6a15-4f3a-8edb-69d0d132b232",
            "6dcb6e3a-bce9-47cd-afeb-80b07756c091"
          ],
          "failures": [],
          "pending": [],
          "skipped": [],
          "duration": 54468,
          "root": false,
          "rootEmpty": false,
          "_timeout": 2000
        }
      ],
      "passes": [],
      "failures": [],
      "pending": [],
      "skipped": [],
      "duration": 0,
      "root": true,
      "rootEmpty": true,
      "_timeout": 2000
    }
  ],
  "meta": {
    "mocha": {
      "version": "7.0.1"
    },
    "mochawesome": {
      "options": {
        "quiet": false,
        "reportFilename": "mochawesome",
        "saveHtml": false,
        "saveJson": true,
        "consoleReporter": "spec",
        "useInlineDiffs": false
      },
      "version": "4.1.0"
    },
    "marge": {
      "options": {
        "id": "default",
        "reportDir": "./mochawesome-report",
        "quite": true,
        "overwrite": false,
        "html": false,
        "json": true
      },
      "version": "4.0.1"
    }
  }
}