{
  "stats": {
    "suites": 1,
    "tests": 4,
    "passes": 4,
    "pending": 0,
    "failures": 0,
    "start": "2021-06-07T12:34:28.613Z",
    "end": "2021-06-07T12:35:26.070Z",
    "duration": 57457,
    "testsRegistered": 4,
    "passPercent": 100,
    "pendingPercent": 0,
    "other": 0,
    "hasOther": false,
    "skipped": 0,
    "hasSkipped": false
  },
  "results": [
    {
      "uuid": "86283442-dc3b-4f28-82ae-5bde25bacba2",
      "title": "",
      "fullFile": "cypress\\tests\\MaintenanceShippingAgentsDailyScenarios.feature",
      "file": "cypress\\tests\\MaintenanceShippingAgentsDailyScenarios.feature",
      "beforeHooks": [],
      "afterHooks": [],
      "tests": [],
      "suites": [
        {
          "uuid": "a0eb4d6b-b221-4e91-8616-03ae3f62e2c2",
          "title": "Shipping Agent fake Create and Edit in Maintenance Module",
          "fullFile": "",
          "file": "",
          "beforeHooks": [],
          "afterHooks": [],
          "tests": [
            {
              "title": "Create a new shipping agent",
              "fullTitle": "Shipping Agent fake Create and Edit in Maintenance Module Create a new shipping agent",
              "timedOut": null,
              "duration": 41935,
              "state": "passed",
              "speed": "slow",
              "pass": true,
              "fail": false,
              "pending": false,
              "context": null,
              "code": "const state = window.testState;\nreturn cy\n  .then(() => state.onStartScenario(scenario, indexedSteps))\n  .then(() =>\n    resolveAndRunBeforeHooks.call(this, scenario.tags, state.feature.name)\n  )\n  .then(() =>\n    indexedSteps.forEach((step) =>\n      stepTest.call(this, state, step, rowData)\n    )\n  )\n  .then(() =>\n    resolveAndRunAfterHooks.call(this, scenario.tags, state.feature.name)\n  )\n  .then(() => state.onFinishScenario(scenario));",
              "err": {},
              "uuid": "cd3c239b-a8a1-4d96-951c-a16bad9e1f28",
              "parentUUID": "a0eb4d6b-b221-4e91-8616-03ae3f62e2c2",
              "isHook": false,
              "skipped": false
            },
            {
              "title": "Search for the shipping agent",
              "fullTitle": "Shipping Agent fake Create and Edit in Maintenance Module Search for the shipping agent",
              "timedOut": null,
              "duration": 1990,
              "state": "passed",
              "speed": "slow",
              "pass": true,
              "fail": false,
              "pending": false,
              "context": null,
              "code": "const state = window.testState;\nreturn cy\n  .then(() => state.onStartScenario(scenario, indexedSteps))\n  .then(() =>\n    resolveAndRunBeforeHooks.call(this, scenario.tags, state.feature.name)\n  )\n  .then(() =>\n    indexedSteps.forEach((step) =>\n      stepTest.call(this, state, step, rowData)\n    )\n  )\n  .then(() =>\n    resolveAndRunAfterHooks.call(this, scenario.tags, state.feature.name)\n  )\n  .then(() => state.onFinishScenario(scenario));",
              "err": {},
              "uuid": "c48fd13b-48ea-420e-8c35-538b76f2ff27",
              "parentUUID": "a0eb4d6b-b221-4e91-8616-03ae3f62e2c2",
              "isHook": false,
              "skipped": false
            },
            {
              "title": "Open the shipping agent",
              "fullTitle": "Shipping Agent fake Create and Edit in Maintenance Module Open the shipping agent",
              "timedOut": null,
              "duration": 601,
              "state": "passed",
              "speed": "slow",
              "pass": true,
              "fail": false,
              "pending": false,
              "context": null,
              "code": "const state = window.testState;\nreturn cy\n  .then(() => state.onStartScenario(scenario, indexedSteps))\n  .then(() =>\n    resolveAndRunBeforeHooks.call(this, scenario.tags, state.feature.name)\n  )\n  .then(() =>\n    indexedSteps.forEach((step) =>\n      stepTest.call(this, state, step, rowData)\n    )\n  )\n  .then(() =>\n    resolveAndRunAfterHooks.call(this, scenario.tags, state.feature.name)\n  )\n  .then(() => state.onFinishScenario(scenario));",
              "err": {},
              "uuid": "6ce9f1a8-1538-407b-b346-e4cfff2e2237",
              "parentUUID": "a0eb4d6b-b221-4e91-8616-03ae3f62e2c2",
              "isHook": false,
              "skipped": false
            },
            {
              "title": "Edit the shipping agent",
              "fullTitle": "Shipping Agent fake Create and Edit in Maintenance Module Edit the shipping agent",
              "timedOut": null,
              "duration": 10535,
              "state": "passed",
              "speed": "slow",
              "pass": true,
              "fail": false,
              "pending": false,
              "context": null,
              "code": "const state = window.testState;\nreturn cy\n  .then(() => state.onStartScenario(scenario, indexedSteps))\n  .then(() =>\n    resolveAndRunBeforeHooks.call(this, scenario.tags, state.feature.name)\n  )\n  .then(() =>\n    indexedSteps.forEach((step) =>\n      stepTest.call(this, state, step, rowData)\n    )\n  )\n  .then(() =>\n    resolveAndRunAfterHooks.call(this, scenario.tags, state.feature.name)\n  )\n  .then(() => state.onFinishScenario(scenario));",
              "err": {},
              "uuid": "ff323898-6c25-47b2-9958-4fecc5e78066",
              "parentUUID": "a0eb4d6b-b221-4e91-8616-03ae3f62e2c2",
              "isHook": false,
              "skipped": false
            }
          ],
          "suites": [],
          "passes": [
            "cd3c239b-a8a1-4d96-951c-a16bad9e1f28",
            "c48fd13b-48ea-420e-8c35-538b76f2ff27",
            "6ce9f1a8-1538-407b-b346-e4cfff2e2237",
            "ff323898-6c25-47b2-9958-4fecc5e78066"
          ],
          "failures": [],
          "pending": [],
          "skipped": [],
          "duration": 55061,
          "root": false,
          "rootEmpty": false,
          "_timeout": 2000
        }
      ],
      "passes": [],
      "failures": [],
      "pending": [],
      "skipped": [],
      "duration": 0,
      "root": true,
      "rootEmpty": true,
      "_timeout": 2000
    }
  ],
  "meta": {
    "mocha": {
      "version": "7.0.1"
    },
    "mochawesome": {
      "options": {
        "quiet": false,
        "reportFilename": "mochawesome",
        "saveHtml": false,
        "saveJson": true,
        "consoleReporter": "spec",
        "useInlineDiffs": false
      },
      "version": "4.1.0"
    },
    "marge": {
      "options": {
        "id": "default",
        "reportDir": "./mochawesome-report",
        "quite": true,
        "overwrite": false,
        "html": false,
        "json": true
      },
      "version": "4.0.1"
    }
  }
}