{
  "stats": {
    "suites": 1,
    "tests": 2,
    "passes": 2,
    "pending": 0,
    "failures": 0,
    "start": "2021-02-14T19:39:54.395Z",
    "end": "2021-02-14T19:40:23.911Z",
    "duration": 29516,
    "testsRegistered": 2,
    "passPercent": 100,
    "pendingPercent": 0,
    "other": 0,
    "hasOther": false,
    "skipped": 0,
    "hasSkipped": false
  },
  "results": [
    {
      "uuid": "3fbb53f3-c784-426a-88da-ae1d91918342",
      "title": "",
      "fullFile": "cypress\\tests\\EditTicket.feature",
      "file": "cypress\\tests\\EditTicket.feature",
      "beforeHooks": [],
      "afterHooks": [],
      "tests": [],
      "suites": [
        {
          "uuid": "bb3f9e77-c622-44e3-96a4-7170fd39c997",
          "title": "Edit Ticket Test",
          "fullFile": "",
          "file": "",
          "beforeHooks": [],
          "afterHooks": [],
          "tests": [
            {
              "title": "Create new ticket",
              "fullTitle": "Edit Ticket Test Create new ticket",
              "timedOut": null,
              "duration": 20640,
              "state": "passed",
              "speed": "slow",
              "pass": true,
              "fail": false,
              "pending": false,
              "context": null,
              "code": "const state = window.testState;\nreturn cy\n  .then(() => state.onStartScenario(scenario, indexedSteps))\n  .then(() =>\n    resolveAndRunBeforeHooks.call(this, scenario.tags, state.feature.name)\n  )\n  .then(() =>\n    indexedSteps.forEach((step) =>\n      stepTest.call(this, state, step, rowData)\n    )\n  )\n  .then(() =>\n    resolveAndRunAfterHooks.call(this, scenario.tags, state.feature.name)\n  )\n  .then(() => state.onFinishScenario(scenario));",
              "err": {},
              "uuid": "d570d5f8-4442-42b0-9e44-40b9ca76423c",
              "parentUUID": "bb3f9e77-c622-44e3-96a4-7170fd39c997",
              "isHook": false,
              "skipped": false
            },
            {
              "title": "Edit the ticket",
              "fullTitle": "Edit Ticket Test Edit the ticket",
              "timedOut": null,
              "duration": 6828,
              "state": "passed",
              "speed": "slow",
              "pass": true,
              "fail": false,
              "pending": false,
              "context": null,
              "code": "const state = window.testState;\nreturn cy\n  .then(() => state.onStartScenario(scenario, indexedSteps))\n  .then(() =>\n    resolveAndRunBeforeHooks.call(this, scenario.tags, state.feature.name)\n  )\n  .then(() =>\n    indexedSteps.forEach((step) =>\n      stepTest.call(this, state, step, rowData)\n    )\n  )\n  .then(() =>\n    resolveAndRunAfterHooks.call(this, scenario.tags, state.feature.name)\n  )\n  .then(() => state.onFinishScenario(scenario));",
              "err": {},
              "uuid": "c966ff03-52a5-4833-9e71-abd72db0268a",
              "parentUUID": "bb3f9e77-c622-44e3-96a4-7170fd39c997",
              "isHook": false,
              "skipped": false
            }
          ],
          "suites": [],
          "passes": [
            "d570d5f8-4442-42b0-9e44-40b9ca76423c",
            "c966ff03-52a5-4833-9e71-abd72db0268a"
          ],
          "failures": [],
          "pending": [],
          "skipped": [],
          "duration": 27468,
          "root": false,
          "rootEmpty": false,
          "_timeout": 2000
        }
      ],
      "passes": [],
      "failures": [],
      "pending": [],
      "skipped": [],
      "duration": 0,
      "root": true,
      "rootEmpty": true,
      "_timeout": 2000
    }
  ],
  "meta": {
    "mocha": {
      "version": "7.0.1"
    },
    "mochawesome": {
      "options": {
        "quiet": false,
        "reportFilename": "mochawesome",
        "saveHtml": false,
        "saveJson": true,
        "consoleReporter": "spec",
        "useInlineDiffs": false
      },
      "version": "4.1.0"
    },
    "marge": {
      "options": {
        "id": "default",
        "reportDir": "./mochawesome-report",
        "quite": true,
        "overwrite": false,
        "html": false,
        "json": true
      },
      "version": "4.0.1"
    }
  }
}