{
  "stats": {
    "suites": 1,
    "tests": 3,
    "passes": 2,
    "pending": 0,
    "failures": 1,
    "start": "2021-02-14T19:36:34.120Z",
    "end": "2021-02-14T19:39:09.713Z",
    "duration": 155593,
    "testsRegistered": 3,
    "passPercent": 66.66666666666666,
    "pendingPercent": 0,
    "other": 0,
    "hasOther": false,
    "skipped": 0,
    "hasSkipped": false
  },
  "results": [
    {
      "uuid": "a54c4de8-d9b0-4bf8-8f30-915477f2a1d5",
      "title": "",
      "fullFile": "cypress\\tests\\CorrespondenceTicket.feature",
      "file": "cypress\\tests\\CorrespondenceTicket.feature",
      "beforeHooks": [],
      "afterHooks": [],
      "tests": [],
      "suites": [
        {
          "uuid": "935d0ed4-2802-440c-87d9-e6e433b991e9",
          "title": "Correspondence Ticket Test",
          "fullFile": "",
          "file": "",
          "beforeHooks": [],
          "afterHooks": [],
          "tests": [
            {
              "title": "Create New Ticket",
              "fullTitle": "Correspondence Ticket Test Create New Ticket",
              "timedOut": null,
              "duration": 20656,
              "state": "passed",
              "speed": "slow",
              "pass": true,
              "fail": false,
              "pending": false,
              "context": null,
              "code": "const state = window.testState;\nreturn cy\n  .then(() => state.onStartScenario(scenario, indexedSteps))\n  .then(() =>\n    resolveAndRunBeforeHooks.call(this, scenario.tags, state.feature.name)\n  )\n  .then(() =>\n    indexedSteps.forEach((step) =>\n      stepTest.call(this, state, step, rowData)\n    )\n  )\n  .then(() =>\n    resolveAndRunAfterHooks.call(this, scenario.tags, state.feature.name)\n  )\n  .then(() => state.onFinishScenario(scenario));",
              "err": {},
              "uuid": "e68e7d71-58c0-4757-a39a-4eb9b6e8a2a4",
              "parentUUID": "935d0ed4-2802-440c-87d9-e6e433b991e9",
              "isHook": false,
              "skipped": false
            },
            {
              "title": "Reply to the correspondence",
              "fullTitle": "Correspondence Ticket Test Reply to the correspondence",
              "timedOut": null,
              "duration": 4210,
              "state": "passed",
              "speed": "slow",
              "pass": true,
              "fail": false,
              "pending": false,
              "context": null,
              "code": "const state = window.testState;\nreturn cy\n  .then(() => state.onStartScenario(scenario, indexedSteps))\n  .then(() =>\n    resolveAndRunBeforeHooks.call(this, scenario.tags, state.feature.name)\n  )\n  .then(() =>\n    indexedSteps.forEach((step) =>\n      stepTest.call(this, state, step, rowData)\n    )\n  )\n  .then(() =>\n    resolveAndRunAfterHooks.call(this, scenario.tags, state.feature.name)\n  )\n  .then(() => state.onFinishScenario(scenario));",
              "err": {},
              "uuid": "b7bf864f-88bb-4bc6-b066-7335a957aef0",
              "parentUUID": "935d0ed4-2802-440c-87d9-e6e433b991e9",
              "isHook": false,
              "skipped": false
            },
            {
              "title": "Add an internal note in the Correspondence",
              "fullTitle": "Correspondence Ticket Test Add an internal note in the Correspondence",
              "timedOut": null,
              "duration": 21309,
              "state": "failed",
              "speed": null,
              "pass": false,
              "fail": true,
              "pending": false,
              "context": null,
              "code": "const state = window.testState;\nreturn cy\n  .then(() => state.onStartScenario(scenario, indexedSteps))\n  .then(() =>\n    resolveAndRunBeforeHooks.call(this, scenario.tags, state.feature.name)\n  )\n  .then(() =>\n    indexedSteps.forEach((step) =>\n      stepTest.call(this, state, step, rowData)\n    )\n  )\n  .then(() =>\n    resolveAndRunAfterHooks.call(this, scenario.tags, state.feature.name)\n  )\n  .then(() => state.onFinishScenario(scenario));",
              "err": {
                "message": "CypressError: Timed out retrying after 20050ms: `cy.click()` failed because this element:\n\n`<span _ngcontent-pee-c28=\"\" class=\"hyperlink\" style=\"font-size: 16px; color: rgb(30, 74, 196);\" id=\"AddInternalNote\">Add Int...</span>`\n\nis being covered by another element:\n\n`<textarea _ngcontent-pee-c21=\"\" ondrop=\"return false\" style=\"box-shadow: none; border: 1px solid transparent; font-size: 12px; font-family: inherit; text-align: left; direction: ltr;\" wrap=\"hard\" placeholder=\"\" id=\"CorrespondenceLine\" class=\"ng-untouched ng-valid ng-dirty\"></textarea>`\n\nFix this problem, or use {force: true} to disable error checking.\n\nhttps://on.cypress.io/element-cannot-be-interacted-with",
                "estack": "CypressError: Timed out retrying after 20050ms: `cy.click()` failed because this element:\n\n`<span _ngcontent-pee-c28=\"\" class=\"hyperlink\" style=\"font-size: 16px; color: rgb(30, 74, 196);\" id=\"AddInternalNote\">Add Int...</span>`\n\nis being covered by another element:\n\n`<textarea _ngcontent-pee-c21=\"\" ondrop=\"return false\" style=\"box-shadow: none; border: 1px solid transparent; font-size: 12px; font-family: inherit; text-align: left; direction: ltr;\" wrap=\"hard\" placeholder=\"\" id=\"CorrespondenceLine\" class=\"ng-untouched ng-valid ng-dirty\"></textarea>`\n\nFix this problem, or use {force: true} to disable error checking.\n\nhttps://on.cypress.io/element-cannot-be-interacted-with\n    at $Cy.ensureDescendents (http://test.logitudeworld.com/__cypress/runner/cypress_runner.js:161822:26)\n    at ensureDescendents (http://test.logitudeworld.com/__cypress/runner/cypress_runner.js:150281:8)\n    at ensureDescendentsAndScroll (http://test.logitudeworld.com/__cypress/runner/cypress_runner.js:150288:14)\n    at ensureElIsNotCovered (http://test.logitudeworld.com/__cypress/runner/cypress_runner.js:150422:5)\n    at runAllChecks (http://test.logitudeworld.com/__cypress/runner/cypress_runner.js:150571:52)\n    at retryActionability (http://test.logitudeworld.com/__cypress/runner/cypress_runner.js:150594:16)\n    at tryCatcher (http://test.logitudeworld.com/__cypress/runner/cypress_runner.js:10609:23)\n    at Function.Promise.attempt.Promise.try (http://test.logitudeworld.com/__cypress/runner/cypress_runner.js:7883:29)\n    at tryFn (http://test.logitudeworld.com/__cypress/runner/cypress_runner.js:166173:21)\n    at whenStable (http://test.logitudeworld.com/__cypress/runner/cypress_runner.js:166211:12)\n    at http://test.logitudeworld.com/__cypress/runner/cypress_runner.js:165706:16\n    at tryCatcher (http://test.logitudeworld.com/__cypress/runner/cypress_runner.js:10609:23)\n    at Promise._settlePromiseFromHandler (http://test.logitudeworld.com/__cypress/runner/cypress_runner.js:8544:31)\n    at Promise._settlePromise (http://test.logitudeworld.com/__cypress/runner/cypress_runner.js:8601:18)\n    at Promise._settlePromise0 (http://test.logitudeworld.com/__cypress/runner/cypress_runner.js:8646:10)\n    at Promise._settlePromises (http://test.logitudeworld.com/__cypress/runner/cypress_runner.js:8726:18)\nFrom Your Spec Code:\n    at Context.eval (http://test.logitudeworld.com/__cypress/tests?p=cypress\\support\\index.ts:139:13)\nFrom Your Spec Code:\n    at Context.eval (http://test.logitudeworld.com/__cypress/tests?p=cypress\\support\\index.ts:139:13)",
                "diff": null
              },
              "uuid": "c2603f6c-61eb-44f7-a756-0b5f2daf49c8",
              "parentUUID": "935d0ed4-2802-440c-87d9-e6e433b991e9",
              "isHook": false,
              "skipped": false
            }
          ],
          "suites": [],
          "passes": [
            "e68e7d71-58c0-4757-a39a-4eb9b6e8a2a4",
            "b7bf864f-88bb-4bc6-b066-7335a957aef0"
          ],
          "failures": [
            "c2603f6c-61eb-44f7-a756-0b5f2daf49c8"
          ],
          "pending": [],
          "skipped": [],
          "duration": 46175,
          "root": false,
          "rootEmpty": false,
          "_timeout": 2000
        }
      ],
      "passes": [],
      "failures": [],
      "pending": [],
      "skipped": [],
      "duration": 0,
      "root": true,
      "rootEmpty": true,
      "_timeout": 2000
    }
  ],
  "meta": {
    "mocha": {
      "version": "7.0.1"
    },
    "mochawesome": {
      "options": {
        "quiet": false,
        "reportFilename": "mochawesome",
        "saveHtml": false,
        "saveJson": true,
        "consoleReporter": "spec",
        "useInlineDiffs": false
      },
      "version": "4.1.0"
    },
    "marge": {
      "options": {
        "id": "default",
        "reportDir": "./mochawesome-report",
        "quite": true,
        "overwrite": false,
        "html": false,
        "json": true
      },
      "version": "4.0.1"
    }
  }
}