{"total": {"lines":{"total":2574,"covered":1847,"skipped":0,"pct":71.75},"statements":{"total":2822,"covered":2029,"skipped":0,"pct":71.89},"functions":{"total":542,"covered":392,"skipped":0,"pct":72.32},"branches":{"total":612,"covered":310,"skipped":0,"pct":50.65},"branchesTrue":{"total":0,"covered":0,"skipped":0,"pct":100}}
,"C:\\LWC_Prod\\log-repo\\Logitude\\AngularModules\\AngularModules\\Accounting\\Services\\ModulesService.ts": {"lines":{"total":19,"covered":19,"skipped":0,"pct":100},"functions":{"total":8,"covered":8,"skipped":0,"pct":100},"statements":{"total":23,"covered":23,"skipped":0,"pct":100},"branches":{"total":0,"covered":0,"skipped":0,"pct":100}}
,"C:\\LWC_Prod\\log-repo\\Logitude\\AngularModules\\AngularModules\\CRM\\Services\\CRMDomainService.ts": {"lines":{"total":843,"covered":628,"skipped":0,"pct":74.49},"functions":{"total":217,"covered":169,"skipped":0,"pct":77.88},"statements":{"total":928,"covered":695,"skipped":0,"pct":74.89},"branches":{"total":144,"covered":83,"skipped":0,"pct":57.63}}
,"C:\\LWC_Prod\\log-repo\\Logitude\\AngularModules\\AngularModules\\CRM\\Services\\InsertCorrespondenceService.ts": {"lines":{"total":50,"covered":48,"skipped":0,"pct":96},"functions":{"total":7,"covered":7,"skipped":0,"pct":100},"statements":{"total":55,"covered":53,"skipped":0,"pct":96.36},"branches":{"total":13,"covered":10,"skipped":0,"pct":76.92}}
,"C:\\LWC_Prod\\log-repo\\Logitude\\AngularModules\\AngularModules\\CRM\\Services\\TicketCorrespondencesService.ts": {"lines":{"total":13,"covered":13,"skipped":0,"pct":100},"functions":{"total":5,"covered":5,"skipped":0,"pct":100},"statements":{"total":16,"covered":16,"skipped":0,"pct":100},"branches":{"total":0,"covered":0,"skipped":0,"pct":100}}
,"C:\\LWC_Prod\\log-repo\\Logitude\\AngularModules\\AngularModules\\Customs\\Services\\Others\\CacheCourierPendingReasonService.ts": {"lines":{"total":18,"covered":18,"skipped":0,"pct":100},"functions":{"total":6,"covered":6,"skipped":0,"pct":100},"statements":{"total":21,"covered":21,"skipped":0,"pct":100},"branches":{"total":6,"covered":6,"skipped":0,"pct":100}}
,"C:\\LWC_Prod\\log-repo\\Logitude\\AngularModules\\AngularModules\\Customs\\Services\\Others\\CourierMasterService.ts": {"lines":{"total":397,"covered":220,"skipped":0,"pct":55.41},"functions":{"total":94,"covered":47,"skipped":0,"pct":50},"statements":{"total":438,"covered":241,"skipped":0,"pct":55.02},"branches":{"total":156,"covered":47,"skipped":0,"pct":30.12}}
,"C:\\LWC_Prod\\log-repo\\Logitude\\AngularModules\\AngularModules\\Customs\\Services\\Others\\CustomsRequestMenuService.ts": {"lines":{"total":241,"covered":187,"skipped":0,"pct":77.59},"functions":{"total":32,"covered":20,"skipped":0,"pct":62.5},"statements":{"total":251,"covered":194,"skipped":0,"pct":77.29},"branches":{"total":39,"covered":26,"skipped":0,"pct":66.66}}
,"C:\\LWC_Prod\\log-repo\\Logitude\\AngularModules\\AngularModules\\Customs\\Services\\Others\\GITITEMCacheService.ts": {"lines":{"total":94,"covered":56,"skipped":0,"pct":59.57},"functions":{"total":19,"covered":11,"skipped":0,"pct":57.89},"statements":{"total":106,"covered":63,"skipped":0,"pct":59.43},"branches":{"total":38,"covered":21,"skipped":0,"pct":55.26}}
,"C:\\LWC_Prod\\log-repo\\Logitude\\AngularModules\\AngularModules\\Customs\\Services\\Others\\MultiCertificatesService.ts": {"lines":{"total":170,"covered":166,"skipped":0,"pct":97.64},"functions":{"total":33,"covered":33,"skipped":0,"pct":100},"statements":{"total":186,"covered":182,"skipped":0,"pct":97.84},"branches":{"total":30,"covered":23,"skipped":0,"pct":76.66}}
,"C:\\LWC_Prod\\log-repo\\Logitude\\AngularModules\\AngularModules\\Customs\\Services\\WebServices\\PendingWebService.ts": {"lines":{"total":31,"covered":29,"skipped":0,"pct":93.54},"functions":{"total":7,"covered":6,"skipped":0,"pct":85.71},"statements":{"total":39,"covered":32,"skipped":0,"pct":82.05},"branches":{"total":12,"covered":6,"skipped":0,"pct":50}}
,"C:\\LWC_Prod\\log-repo\\Logitude\\AngularModules\\AngularModules\\Shipment\\Services\\Others\\SharedAgentManifestService.ts": {"lines":{"total":105,"covered":105,"skipped":0,"pct":100},"functions":{"total":30,"covered":30,"skipped":0,"pct":100},"statements":{"total":118,"covered":118,"skipped":0,"pct":100},"branches":{"total":14,"covered":13,"skipped":0,"pct":92.85}}
,"C:\\LWC_Prod\\log-repo\\Logitude\\AngularModules\\AngularModules\\ShipmentModules\\ShipmentSharedManifest\\Components\\SharedManifestComponent.ts": {"lines":{"total":166,"covered":122,"skipped":0,"pct":73.49},"functions":{"total":28,"covered":20,"skipped":0,"pct":71.42},"statements":{"total":179,"covered":133,"skipped":0,"pct":74.3},"branches":{"total":45,"covered":28,"skipped":0,"pct":62.22}}
,"C:\\LWC_Prod\\log-repo\\Logitude\\AngularModules\\AngularModules\\ShipmentModules\\ShipmentSharedManifest\\Components\\SharedManifestEditAgentComponent.ts": {"lines":{"total":123,"covered":87,"skipped":0,"pct":70.73},"functions":{"total":16,"covered":11,"skipped":0,"pct":68.75},"statements":{"total":128,"covered":92,"skipped":0,"pct":71.87},"branches":{"total":43,"covered":24,"skipped":0,"pct":55.81}}
,"C:\\LWC_Prod\\log-repo\\Logitude\\AngularModules\\AngularModules\\ShipmentModules\\ShipmentSharedManifest\\Components\\SharedManifestHeaderComponent.ts": {"lines":{"total":38,"covered":38,"skipped":0,"pct":100},"functions":{"total":5,"covered":5,"skipped":0,"pct":100},"statements":{"total":41,"covered":41,"skipped":0,"pct":100},"branches":{"total":3,"covered":3,"skipped":0,"pct":100}}
,"C:\\LWC_Prod\\log-repo\\Logitude\\AngularModules\\AngularModules\\ShipmentModules\\ShipmentSharedManifest\\Components\\SharedManifestsWorkSpaces.ts": {"lines":{"total":266,"covered":111,"skipped":0,"pct":41.72},"functions":{"total":35,"covered":14,"skipped":0,"pct":40},"statements":{"total":293,"covered":125,"skipped":0,"pct":42.66},"branches":{"total":69,"covered":20,"skipped":0,"pct":28.98}}
}
