{
  "stats": {
    "suites": 1,
    "tests": 9,
    "passes": 9,
    "pending": 0,
    "failures": 0,
    "start": "2021-02-14T05:53:27.861Z",
    "end": "2021-02-14T05:55:32.020Z",
    "duration": 124159,
    "testsRegistered": 9,
    "passPercent": 100,
    "pendingPercent": 0,
    "other": 0,
    "hasOther": false,
    "skipped": 0,
    "hasSkipped": false
  },
  "results": [
    {
      "uuid": "fe26654c-f9b2-4de4-966f-746ba8c3baec",
      "title": "",
      "fullFile": "cypress\\tests\\APInvoiceOperationsAndActions.feature",
      "file": "cypress\\tests\\APInvoiceOperationsAndActions.feature",
      "beforeHooks": [],
      "afterHooks": [],
      "tests": [],
      "suites": [
        {
          "uuid": "3a39ede7-4362-43ab-8159-57c93db2b216",
          "title": "APInvoice operations and actions",
          "fullFile": "",
          "file": "",
          "beforeHooks": [],
          "afterHooks": [],
          "tests": [
            {
              "title": "Create customer",
              "fullTitle": "APInvoice operations and actions Create customer",
              "timedOut": null,
              "duration": 33396,
              "state": "passed",
              "speed": "slow",
              "pass": true,
              "fail": false,
              "pending": false,
              "context": null,
              "code": "const state = window.testState;\nreturn cy\n  .then(() => state.onStartScenario(scenario, indexedSteps))\n  .then(() =>\n    resolveAndRunBeforeHooks.call(this, scenario.tags, state.feature.name)\n  )\n  .then(() =>\n    indexedSteps.forEach((step) =>\n      stepTest.call(this, state, step, rowData)\n    )\n  )\n  .then(() =>\n    resolveAndRunAfterHooks.call(this, scenario.tags, state.feature.name)\n  )\n  .then(() => state.onFinishScenario(scenario));",
              "err": {},
              "uuid": "9eeaf033-8360-48a4-ad39-75faa139be87",
              "parentUUID": "3a39ede7-4362-43ab-8159-57c93db2b216",
              "isHook": false,
              "skipped": false
            },
            {
              "title": "Create direct export air shipment",
              "fullTitle": "APInvoice operations and actions Create direct export air shipment",
              "timedOut": null,
              "duration": 21361,
              "state": "passed",
              "speed": "slow",
              "pass": true,
              "fail": false,
              "pending": false,
              "context": null,
              "code": "const state = window.testState;\nreturn cy\n  .then(() => state.onStartScenario(scenario, indexedSteps))\n  .then(() =>\n    resolveAndRunBeforeHooks.call(this, scenario.tags, state.feature.name)\n  )\n  .then(() =>\n    indexedSteps.forEach((step) =>\n      stepTest.call(this, state, step, rowData)\n    )\n  )\n  .then(() =>\n    resolveAndRunAfterHooks.call(this, scenario.tags, state.feature.name)\n  )\n  .then(() => state.onFinishScenario(scenario));",
              "err": {},
              "uuid": "ae68d49a-d18f-409c-a28e-5cf92e938758",
              "parentUUID": "3a39ede7-4362-43ab-8159-57c93db2b216",
              "isHook": false,
              "skipped": false
            },
            {
              "title": "Update routing tab",
              "fullTitle": "APInvoice operations and actions Update routing tab",
              "timedOut": null,
              "duration": 14147,
              "state": "passed",
              "speed": "slow",
              "pass": true,
              "fail": false,
              "pending": false,
              "context": null,
              "code": "const state = window.testState;\nreturn cy\n  .then(() => state.onStartScenario(scenario, indexedSteps))\n  .then(() =>\n    resolveAndRunBeforeHooks.call(this, scenario.tags, state.feature.name)\n  )\n  .then(() =>\n    indexedSteps.forEach((step) =>\n      stepTest.call(this, state, step, rowData)\n    )\n  )\n  .then(() =>\n    resolveAndRunAfterHooks.call(this, scenario.tags, state.feature.name)\n  )\n  .then(() => state.onFinishScenario(scenario));",
              "err": {},
              "uuid": "fbcbaf33-76cb-4e78-8928-1753267d15ef",
              "parentUUID": "3a39ede7-4362-43ab-8159-57c93db2b216",
              "isHook": false,
              "skipped": false
            },
            {
              "title": "Update packages tab",
              "fullTitle": "APInvoice operations and actions Update packages tab",
              "timedOut": null,
              "duration": 11259,
              "state": "passed",
              "speed": "slow",
              "pass": true,
              "fail": false,
              "pending": false,
              "context": null,
              "code": "const state = window.testState;\nreturn cy\n  .then(() => state.onStartScenario(scenario, indexedSteps))\n  .then(() =>\n    resolveAndRunBeforeHooks.call(this, scenario.tags, state.feature.name)\n  )\n  .then(() =>\n    indexedSteps.forEach((step) =>\n      stepTest.call(this, state, step, rowData)\n    )\n  )\n  .then(() =>\n    resolveAndRunAfterHooks.call(this, scenario.tags, state.feature.name)\n  )\n  .then(() => state.onFinishScenario(scenario));",
              "err": {},
              "uuid": "ade6087f-542f-44cf-a763-778f963122e0",
              "parentUUID": "3a39ede7-4362-43ab-8159-57c93db2b216",
              "isHook": false,
              "skipped": false
            },
            {
              "title": "Add Payables",
              "fullTitle": "APInvoice operations and actions Add Payables",
              "timedOut": null,
              "duration": 11424,
              "state": "passed",
              "speed": "slow",
              "pass": true,
              "fail": false,
              "pending": false,
              "context": null,
              "code": "const state = window.testState;\nreturn cy\n  .then(() => state.onStartScenario(scenario, indexedSteps))\n  .then(() =>\n    resolveAndRunBeforeHooks.call(this, scenario.tags, state.feature.name)\n  )\n  .then(() =>\n    indexedSteps.forEach((step) =>\n      stepTest.call(this, state, step, rowData)\n    )\n  )\n  .then(() =>\n    resolveAndRunAfterHooks.call(this, scenario.tags, state.feature.name)\n  )\n  .then(() => state.onFinishScenario(scenario));",
              "err": {},
              "uuid": "082b70d1-8d64-43b9-8d55-661edd9c1f9a",
              "parentUUID": "3a39ede7-4362-43ab-8159-57c93db2b216",
              "isHook": false,
              "skipped": false
            },
            {
              "title": "Create APInvoice",
              "fullTitle": "APInvoice operations and actions Create APInvoice",
              "timedOut": null,
              "duration": 22471,
              "state": "passed",
              "speed": "slow",
              "pass": true,
              "fail": false,
              "pending": false,
              "context": null,
              "code": "const state = window.testState;\nreturn cy\n  .then(() => state.onStartScenario(scenario, indexedSteps))\n  .then(() =>\n    resolveAndRunBeforeHooks.call(this, scenario.tags, state.feature.name)\n  )\n  .then(() =>\n    indexedSteps.forEach((step) =>\n      stepTest.call(this, state, step, rowData)\n    )\n  )\n  .then(() =>\n    resolveAndRunAfterHooks.call(this, scenario.tags, state.feature.name)\n  )\n  .then(() => state.onFinishScenario(scenario));",
              "err": {},
              "uuid": "1c2e5048-b9da-4a10-8e01-f1a5ae2f5808",
              "parentUUID": "3a39ede7-4362-43ab-8159-57c93db2b216",
              "isHook": false,
              "skipped": false
            },
            {
              "title": "Approve APInvoice",
              "fullTitle": "APInvoice operations and actions Approve APInvoice",
              "timedOut": null,
              "duration": 1710,
              "state": "passed",
              "speed": "slow",
              "pass": true,
              "fail": false,
              "pending": false,
              "context": null,
              "code": "const state = window.testState;\nreturn cy\n  .then(() => state.onStartScenario(scenario, indexedSteps))\n  .then(() =>\n    resolveAndRunBeforeHooks.call(this, scenario.tags, state.feature.name)\n  )\n  .then(() =>\n    indexedSteps.forEach((step) =>\n      stepTest.call(this, state, step, rowData)\n    )\n  )\n  .then(() =>\n    resolveAndRunAfterHooks.call(this, scenario.tags, state.feature.name)\n  )\n  .then(() => state.onFinishScenario(scenario));",
              "err": {},
              "uuid": "3f7866f1-0323-4f22-a26c-1426941d5093",
              "parentUUID": "3a39ede7-4362-43ab-8159-57c93db2b216",
              "isHook": false,
              "skipped": false
            },
            {
              "title": "Cancel the APInvoice approvement",
              "fullTitle": "APInvoice operations and actions Cancel the APInvoice approvement",
              "timedOut": null,
              "duration": 989,
              "state": "passed",
              "speed": "slow",
              "pass": true,
              "fail": false,
              "pending": false,
              "context": null,
              "code": "const state = window.testState;\nreturn cy\n  .then(() => state.onStartScenario(scenario, indexedSteps))\n  .then(() =>\n    resolveAndRunBeforeHooks.call(this, scenario.tags, state.feature.name)\n  )\n  .then(() =>\n    indexedSteps.forEach((step) =>\n      stepTest.call(this, state, step, rowData)\n    )\n  )\n  .then(() =>\n    resolveAndRunAfterHooks.call(this, scenario.tags, state.feature.name)\n  )\n  .then(() => state.onFinishScenario(scenario));",
              "err": {},
              "uuid": "eada5d04-1cac-4068-add0-faca2b926557",
              "parentUUID": "3a39ede7-4362-43ab-8159-57c93db2b216",
              "isHook": false,
              "skipped": false
            },
            {
              "title": "Void APInvoice",
              "fullTitle": "APInvoice operations and actions Void APInvoice",
              "timedOut": null,
              "duration": 1483,
              "state": "passed",
              "speed": "slow",
              "pass": true,
              "fail": false,
              "pending": false,
              "context": null,
              "code": "const state = window.testState;\nreturn cy\n  .then(() => state.onStartScenario(scenario, indexedSteps))\n  .then(() =>\n    resolveAndRunBeforeHooks.call(this, scenario.tags, state.feature.name)\n  )\n  .then(() =>\n    indexedSteps.forEach((step) =>\n      stepTest.call(this, state, step, rowData)\n    )\n  )\n  .then(() =>\n    resolveAndRunAfterHooks.call(this, scenario.tags, state.feature.name)\n  )\n  .then(() => state.onFinishScenario(scenario));",
              "err": {},
              "uuid": "e67a0da1-552a-4a25-97d7-bfd64af33873",
              "parentUUID": "3a39ede7-4362-43ab-8159-57c93db2b216",
              "isHook": false,
              "skipped": false
            }
          ],
          "suites": [],
          "passes": [
            "9eeaf033-8360-48a4-ad39-75faa139be87",
            "ae68d49a-d18f-409c-a28e-5cf92e938758",
            "fbcbaf33-76cb-4e78-8928-1753267d15ef",
            "ade6087f-542f-44cf-a763-778f963122e0",
            "082b70d1-8d64-43b9-8d55-661edd9c1f9a",
            "1c2e5048-b9da-4a10-8e01-f1a5ae2f5808",
            "3f7866f1-0323-4f22-a26c-1426941d5093",
            "eada5d04-1cac-4068-add0-faca2b926557",
            "e67a0da1-552a-4a25-97d7-bfd64af33873"
          ],
          "failures": [],
          "pending": [],
          "skipped": [],
          "duration": 118240,
          "root": false,
          "rootEmpty": false,
          "_timeout": 2000
        }
      ],
      "passes": [],
      "failures": [],
      "pending": [],
      "skipped": [],
      "duration": 0,
      "root": true,
      "rootEmpty": true,
      "_timeout": 2000
    }
  ],
  "meta": {
    "mocha": {
      "version": "7.0.1"
    },
    "mochawesome": {
      "options": {
        "quiet": false,
        "reportFilename": "mochawesome",
        "saveHtml": false,
        "saveJson": true,
        "consoleReporter": "spec",
        "useInlineDiffs": false
      },
      "version": "4.1.0"
    },
    "marge": {
      "options": {
        "id": "default",
        "reportDir": "./mochawesome-report",
        "quite": true,
        "overwrite": false,
        "html": false,
        "json": true
      },
      "version": "4.0.1"
    }
  }
}